[18:21:13] [Server thread/INFO]: Starting minecraft server version 1.8.8
[18:21:13] [Server thread/WARN]: To start the server with more ram, launch it as "java -Xmx1024M -Xms1024M -jar minecraft_server.jar"
[18:21:13] [Server thread/INFO]: Loading properties
[18:21:13] [Server thread/INFO]: Default game type: SURVIVAL
[18:21:13] [Server thread/INFO]: This server is running CraftBukkit version git-Spigot-21fe707-741a1bd (MC: 1.8.8) (Implementing API version 1.8.8-R0.1-SNAPSHOT)
[18:21:13] [Server thread/INFO]: Debug logging is disabled
[18:21:13] [Server thread/INFO]: Server Ping Player Sample Count: 12

[18:21:13] [Server thread/INFO]: Using 4 threads for Netty based IO
[18:21:13] [Server thread/INFO]: Generating keypair
[18:21:14] [Server thread/INFO]: Starting Minecraft server on *:24761
[18:21:14] [Server thread/INFO]: Using default channel type
[18:21:14] [Server thread/INFO]: Your platform does not provide complete low-level API for accessing direct buffers reliably. Unless explicitly requested, heap buffer will always be preferred to avoid potential system unstability.
[18:21:14] [Server thread/INFO]: Set PluginClassLoader as parallel capable
[18:21:14] [Server thread/INFO]: [RSBundler] Loading RSBundler vstable-3.33.27
[18:21:14] [Server thread/INFO]: [ViaVersion] Loading ViaVersion v4.4.2
[18:21:14] [Server thread/INFO]: [ViaVersion] ViaVersion 4.4.2 is now loaded, injecting!
[18:21:14] [Via-Mappingloader-0/INFO]: [ViaVersion] Loading 1.12 -> 1.13 mappings...
[18:21:14] [Via-Mappingloader-1/INFO]: [ViaVersion] Loading 1.13 -> 1.13.2 mappings...
[18:21:14] [Via-Mappingloader-2/INFO]: [ViaVersion] Loading 1.13.2 -> 1.14 mappings...
[18:21:14] [Via-Mappingloader-3/INFO]: [ViaVersion] Loading 1.14 -> 1.15 mappings...
[18:21:14] [Via-Mappingloader-4/INFO]: [ViaVersion] Loading 1.15 -> 1.16 mappings...
[18:21:14] [Via-Mappingloader-0/INFO]: [ViaVersion] Loading block connection mappings ...
[18:21:14] [Via-Mappingloader-3/INFO]: [ViaVersion] Loading 1.16 -> 1.16.2 mappings...
[18:21:14] [Via-Mappingloader-2/INFO]: [ViaVersion] Loading 1.16.2 -> 1.17 mappings...
[18:21:14] [Via-Mappingloader-4/INFO]: [ViaVersion] Loading 1.17 -> 1.18 mappings...
[18:21:14] [Via-Mappingloader-2/INFO]: [ViaVersion] Loading 1.18 -> 1.19 mappings...
[18:21:14] [Server thread/INFO]: [RSMainLobby] Loading RSMainLobby v1.0.0
[18:21:14] [Server thread/WARN]: **** SERVER IS RUNNING IN OFFLINE/INSECURE MODE!
[18:21:14] [Server thread/WARN]: The server will make no attempt to authenticate usernames. Beware.
[18:21:14] [Server thread/WARN]: While this makes the game possible to play without internet access, it also opens up the ability for hackers to connect with any username they choose.
[18:21:14] [Server thread/WARN]: To change this, set "online-mode" to "true" in the server.properties file.
[18:21:14] [Server thread/INFO]: **** Beginning UUID conversion, this may take A LONG time ****
[18:21:14] [Server thread/INFO]: Preparing level "world"
[18:21:14] [Server thread/INFO]: -------- World Settings For [world] --------
[18:21:14] [Server thread/INFO]: Item Merge Radius: 2.5
[18:21:14] [Server thread/INFO]: Item Despawn Rate: 6000
[18:21:14] [Server thread/INFO]: Arrow Despawn Rate: 1200
[18:21:14] [Server thread/INFO]: Mob Spawn Range: 4
[18:21:14] [Server thread/INFO]: Zombie Aggressive Towards Villager: true
[18:21:14] [Server thread/INFO]: Chunks to Grow per Tick: 650
[18:21:14] [Server thread/INFO]: Clear tick list: false
[18:21:14] [Server thread/INFO]: Experience Merge Radius: 3.0
[18:21:14] [Server thread/INFO]: View Distance: 10
[18:21:14] [Server thread/INFO]: Allow Zombie Pigmen to spawn from portal blocks: true
[18:21:14] [Server thread/INFO]: Anti X-Ray: true
[18:21:14] [Server thread/INFO]: 	Engine Mode: 1
[18:21:14] [Server thread/INFO]: 	Hidden Blocks: [14, 15, 16, 21, 48, 49, 54, 56, 73, 74, 82, 129, 130]
[18:21:14] [Server thread/INFO]: 	Replace Blocks: [1, 5]
[18:21:14] [Server thread/INFO]: Cactus Growth Modifier: 100%
[18:21:14] [Server thread/INFO]: Cane Growth Modifier: 100%
[18:21:14] [Server thread/INFO]: Melon Growth Modifier: 100%
[18:21:14] [Server thread/INFO]: Mushroom Growth Modifier: 100%
[18:21:14] [Server thread/INFO]: Pumpkin Growth Modifier: 100%
[18:21:14] [Server thread/INFO]: Sapling Growth Modifier: 100%
[18:21:14] [Server thread/INFO]: Wheat Growth Modifier: 100%
[18:21:14] [Server thread/INFO]: NetherWart Growth Modifier: 100%
[18:21:14] [Server thread/INFO]: Nerfing mobs spawned from spawners: false
[18:21:14] [Server thread/INFO]: Entity Tracking Range: Pl 48 / An 48 / Mo 48 / Mi 32 / Other 64
[18:21:14] [Server thread/INFO]: Structure Info Saving: true
[18:21:14] [Server thread/INFO]: Hopper Transfer: 8 Hopper Check: 8 Hopper Amount: 1
[18:21:14] [Server thread/INFO]: Random Lighting Updates: false
[18:21:14] [Server thread/INFO]: Entity Activation Range: An 32 / Mo 32 / Mi 16
[18:21:14] [Server thread/INFO]: Max Entity Collisions: 8
[18:21:14] [Server thread/INFO]: Sending up to 10 chunks per packet
[18:21:14] [Server thread/INFO]: Custom Map Seeds:  Village: 10387312 Feature: 14357617
[18:21:14] [Server thread/INFO]: Max TNT Explosions: 100
[18:21:14] [Server thread/INFO]: Tile Max Tick Time: 50ms Entity max Tick Time: 50ms
[18:21:14] [Server thread/INFO]: Preparing start region for level 0 (Seed: -4495347448867682294)
[18:21:14] [Server thread/INFO]: [RSBundler] Enabling RSBundler vstable-3.33.27
[18:21:14] [Server thread/INFO]: Loading locales
[18:21:14] [Server thread/INFO]: [RSBundler] Server is working!
[18:21:14] [Server thread/INFO]: [ViaVersion] Enabling ViaVersion v4.4.2
[18:21:14] [Server thread/INFO]: [RSMainLobby] Enabling RSMainLobby v1.0.0
[18:21:14] [Server thread/INFO]: Server permissions file permissions.yml is empty, ignoring it
[18:21:14] [Server thread/INFO]: Done (0.124s)! For help, type "help" or "?"
[18:21:14] [Server thread/INFO]: [ViaVersion] ViaVersion detected server version: 1.8.x (47)
[18:21:14] [Server thread/WARN]: [ViaVersion] This version of Minecraft is extremely outdated and support for it has reached its end of life. You will still be able to run Via on this Minecraft version, but we are unlikely to provide any further fixes or help with problems specific to legacy Minecraft versions. Please consider updating to give your players a better experience and to avoid issues that have long been fixed.
[18:21:14] [Server thread/INFO]: [ViaVersion] Finished mapping loading, shutting down loader executor!
[18:21:15] [Server thread/WARN]: [ViaVersion] There is a newer plugin version available: 4.7.0, you're on: 4.4.2
[18:21:29] [Thread-4/INFO]: UUID of player Relizc is 9fec5a8f-aaf8-39ec-aac7-7f66ae531d4c
[18:21:29] [Server thread/INFO]: Relizc[/127.0.0.1:60446] logged in with entity id 1 at ([world]0.5, 69.0, 0.5)
[18:21:29] [Craft Scheduler Thread - 3/INFO]: Send
[18:21:32] [Server thread/INFO]: Relizc issued server command: /patrol
[18:24:07] [Server thread/INFO]: Relizc issued server command: /gamemode creative
[18:24:07] [Server thread/INFO]: [Relizc: Set own game mode to Creative Mode]
[18:39:54] [Server thread/INFO]: Relizc issued server command: /stop debug
[18:39:54] [Server thread/INFO]: SERVER > Universe Collapsing! (Server Developement Team had issued a shutdown command)

[18:39:54] [Server thread/INFO]: SERVER > We have 15 seconds left for us to leave!

[18:40:04] [Server thread/INFO]: Relizc lost connection: §cServer is closing!

§80x00000083 (9fec5a8faaf839ecaac77f66ae531d4c)
[18:40:04] [Server thread/INFO]: Relizc left the game.
[18:40:04] [Server thread/WARN]: handleDisconnection() called twice
[18:40:10] [Server thread/INFO]: Stopping server
[18:40:10] [Server thread/INFO]: [RSMainLobby] Disabling RSMainLobby v1.0.0
[18:40:10] [Server thread/INFO]: [ViaVersion] Disabling ViaVersion v4.4.2
[18:40:10] [Server thread/INFO]: [ViaVersion] ViaVersion is disabling, if this is a reload and you experience issues consider rebooting.
[18:40:10] [Server thread/INFO]: [RSBundler] Disabling RSBundler vstable-3.33.27
[18:40:10] [Server thread/INFO]: Saving players
[18:40:10] [Server thread/INFO]: Saving worlds
[18:40:10] [Server thread/INFO]: Saving chunks for level 'world'/Overworld
