[18:45:33] [Server thread/INFO]: Starting minecraft server version 1.8.8
[18:45:33] [Server thread/WARN]: To start the server with more ram, launch it as "java -Xmx1024M -Xms1024M -jar minecraft_server.jar"
[18:45:33] [Server thread/INFO]: Loading properties
[18:45:33] [Server thread/INFO]: Default game type: SURVIVAL
[18:45:33] [Server thread/INFO]: This server is running CraftBukkit version git-Spigot-21fe707-741a1bd (MC: 1.8.8) (Implementing API version 1.8.8-R0.1-SNAPSHOT)
[18:45:33] [Server thread/INFO]: Debug logging is disabled
[18:45:33] [Server thread/INFO]: Server Ping Player Sample Count: 12

[18:45:33] [Server thread/INFO]: Using 4 threads for Netty based IO
[18:45:33] [Server thread/INFO]: Generating keypair
[18:45:33] [Server thread/INFO]: Starting Minecraft server on *:663
[18:45:33] [Server thread/INFO]: Using default channel type
[18:45:33] [Server thread/INFO]: Your platform does not provide complete low-level API for accessing direct buffers reliably. Unless explicitly requested, heap buffer will always be preferred to avoid potential system unstability.
[18:45:34] [Server thread/INFO]: Set PluginClassLoader as parallel capable
[18:45:34] [Server thread/INFO]: [RSBundler] Loading RSBundler vstable-3.33.27
[18:45:34] [Server thread/INFO]: [ViaVersion] Loading ViaVersion v4.4.2
[18:45:34] [Server thread/INFO]: [ViaVersion] ViaVersion 4.4.2 is now loaded, injecting!
[18:45:34] [Via-Mappingloader-0/INFO]: [ViaVersion] Loading 1.12 -> 1.13 mappings...
[18:45:34] [Via-Mappingloader-1/INFO]: [ViaVersion] Loading 1.13 -> 1.13.2 mappings...
[18:45:34] [Via-Mappingloader-2/INFO]: [ViaVersion] Loading 1.13.2 -> 1.14 mappings...
[18:45:34] [Via-Mappingloader-3/INFO]: [ViaVersion] Loading 1.14 -> 1.15 mappings...
[18:45:34] [Via-Mappingloader-0/INFO]: [ViaVersion] Loading block connection mappings ...
[18:45:34] [Via-Mappingloader-4/INFO]: [ViaVersion] Loading 1.15 -> 1.16 mappings...
[18:45:34] [Via-Mappingloader-2/INFO]: [ViaVersion] Loading 1.16 -> 1.16.2 mappings...
[18:45:34] [Via-Mappingloader-3/INFO]: [ViaVersion] Loading 1.16.2 -> 1.17 mappings...
[18:45:34] [Via-Mappingloader-4/INFO]: [ViaVersion] Loading 1.17 -> 1.18 mappings...
[18:45:34] [Via-Mappingloader-3/INFO]: [ViaVersion] Loading 1.18 -> 1.19 mappings...
[18:45:34] [Server thread/INFO]: [RSMainLobby] Loading RSMainLobby v1.0.0
[18:45:34] [Server thread/WARN]: **** SERVER IS RUNNING IN OFFLINE/INSECURE MODE!
[18:45:34] [Server thread/WARN]: The server will make no attempt to authenticate usernames. Beware.
[18:45:34] [Server thread/WARN]: While this makes the game possible to play without internet access, it also opens up the ability for hackers to connect with any username they choose.
[18:45:34] [Server thread/WARN]: To change this, set "online-mode" to "true" in the server.properties file.
[18:45:34] [Server thread/INFO]: **** Beginning UUID conversion, this may take A LONG time ****
[18:45:34] [Server thread/INFO]: Preparing level "world"
[18:45:34] [Server thread/INFO]: -------- World Settings For [world] --------
[18:45:34] [Server thread/INFO]: Item Despawn Rate: 6000
[18:45:34] [Server thread/INFO]: Item Merge Radius: 2.5
[18:45:34] [Server thread/INFO]: Arrow Despawn Rate: 1200
[18:45:34] [Server thread/INFO]: Allow Zombie Pigmen to spawn from portal blocks: true
[18:45:34] [Server thread/INFO]: Zombie Aggressive Towards Villager: true
[18:45:34] [Server thread/INFO]: Mob Spawn Range: 4
[18:45:34] [Server thread/INFO]: Nerfing mobs spawned from spawners: false
[18:45:34] [Server thread/INFO]: Anti X-Ray: true
[18:45:34] [Server thread/INFO]: 	Engine Mode: 1
[18:45:34] [Server thread/INFO]: 	Hidden Blocks: [14, 15, 16, 21, 48, 49, 54, 56, 73, 74, 82, 129, 130]
[18:45:34] [Server thread/INFO]: 	Replace Blocks: [1, 5]
[18:45:34] [Server thread/INFO]: Entity Tracking Range: Pl 48 / An 48 / Mo 48 / Mi 32 / Other 64
[18:45:34] [Server thread/INFO]: Hopper Transfer: 8 Hopper Check: 8 Hopper Amount: 1
[18:45:34] [Server thread/INFO]: Entity Activation Range: An 32 / Mo 32 / Mi 16
[18:45:34] [Server thread/INFO]: Cactus Growth Modifier: 100%
[18:45:34] [Server thread/INFO]: Cane Growth Modifier: 100%
[18:45:34] [Server thread/INFO]: Melon Growth Modifier: 100%
[18:45:34] [Server thread/INFO]: Mushroom Growth Modifier: 100%
[18:45:34] [Server thread/INFO]: Pumpkin Growth Modifier: 100%
[18:45:34] [Server thread/INFO]: Sapling Growth Modifier: 100%
[18:45:34] [Server thread/INFO]: Wheat Growth Modifier: 100%
[18:45:34] [Server thread/INFO]: NetherWart Growth Modifier: 100%
[18:45:34] [Server thread/INFO]: View Distance: 10
[18:45:34] [Server thread/INFO]: Chunks to Grow per Tick: 650
[18:45:34] [Server thread/INFO]: Clear tick list: false
[18:45:34] [Server thread/INFO]: Experience Merge Radius: 3.0
[18:45:34] [Server thread/INFO]: Max TNT Explosions: 100
[18:45:34] [Server thread/INFO]: Tile Max Tick Time: 50ms Entity max Tick Time: 50ms
[18:45:34] [Server thread/INFO]: Random Lighting Updates: false
[18:45:34] [Server thread/INFO]: Custom Map Seeds:  Village: 10387312 Feature: 14357617
[18:45:34] [Server thread/INFO]: Max Entity Collisions: 8
[18:45:34] [Server thread/INFO]: Sending up to 10 chunks per packet
[18:45:34] [Server thread/INFO]: Structure Info Saving: true
[18:45:34] [Server thread/INFO]: Preparing start region for level 0 (Seed: -4495347448867682294)
[18:45:34] [Server thread/INFO]: [RSBundler] Enabling RSBundler vstable-3.33.27
[18:45:34] [Server thread/INFO]: Loading locales
[18:45:34] [Server thread/INFO]: [RSBundler] Server is working!
[18:45:34] [Server thread/INFO]: [ViaVersion] Enabling ViaVersion v4.4.2
[18:45:34] [Server thread/INFO]: [RSMainLobby] Enabling RSMainLobby v1.0.0
[18:45:34] [Server thread/INFO]: Server permissions file permissions.yml is empty, ignoring it
[18:45:34] [Server thread/INFO]: Done (0.233s)! For help, type "help" or "?"
[18:45:34] [Server thread/INFO]: [ViaVersion] ViaVersion detected server version: 1.8.x (47)
[18:45:34] [Server thread/WARN]: [ViaVersion] This version of Minecraft is extremely outdated and support for it has reached its end of life. You will still be able to run Via on this Minecraft version, but we are unlikely to provide any further fixes or help with problems specific to legacy Minecraft versions. Please consider updating to give your players a better experience and to avoid issues that have long been fixed.
[18:45:34] [Server thread/INFO]: [ViaVersion] Finished mapping loading, shutting down loader executor!
[18:45:37] [Server thread/WARN]: [ViaVersion] There is a newer plugin version available: 4.7.0, you're on: 4.4.2
[18:45:57] [Thread-4/INFO]: UUID of player Relizc is 9fec5a8f-aaf8-39ec-aac7-7f66ae531d4c
[18:45:57] [Server thread/INFO]: Relizc[/127.0.0.1:49750] logged in with entity id 1 at ([world]0.5, 69.0, 0.5)
[18:45:57] [Craft Scheduler Thread - 0/INFO]: Send
[18:46:01] [Server thread/INFO]: Relizc lost connection: Disconnected
[18:46:01] [Server thread/INFO]: Close
[18:46:01] [Server thread/INFO]: Relizc left the game.
[18:46:25] [Thread-5/INFO]: UUID of player Relizc is 9fec5a8f-aaf8-39ec-aac7-7f66ae531d4c
[18:46:25] [Server thread/INFO]: Relizc[/127.0.0.1:49990] logged in with entity id 10 at ([world]0.5, 69.0, 0.5)
[18:46:25] [Craft Scheduler Thread - 2/INFO]: Send
[18:48:56] [Server thread/INFO]: Relizc lost connection: Disconnected
[18:48:56] [Server thread/INFO]: Close
[18:48:56] [Server thread/INFO]: Relizc left the game.
[18:55:26] [Thread-6/INFO]: UUID of player Relizc is 9fec5a8f-aaf8-39ec-aac7-7f66ae531d4c
[18:55:26] [Server thread/INFO]: Relizc[/127.0.0.1:53669] logged in with entity id 19 at ([world]0.5, 69.0, 0.5)
[18:55:26] [Craft Scheduler Thread - 1/INFO]: Send
[18:55:54] [Server thread/INFO]: Close
[18:55:55] [Server thread/INFO]: Close
[18:55:56] [Server thread/INFO]: Close
[18:55:56] [Server thread/INFO]: Close
[18:55:59] [Server thread/INFO]: Close
[18:56:27] [Thread-7/INFO]: UUID of player AAAAA is 55613163-aa85-3e19-998e-38da6128cc85
[18:56:27] [Server thread/WARN]: java.io.EOFException

[18:56:27] [Server thread/WARN]: 	at java.base/java.io.DataInputStream.readByte(DataInputStream.java:273)

[18:56:27] [Server thread/WARN]: 	at net.itsrelizc.networking.CommunicationInput.readByte(CommunicationInput.java:27)

[18:56:27] [Server thread/WARN]: 	at net.itsrelizc.networking.CommunicationInput.readShort(CommunicationInput.java:38)

[18:56:27] [Server thread/WARN]: 	at net.itsrelizc.networking.CommunicationInput.readString(CommunicationInput.java:44)

[18:56:27] [Server thread/WARN]: 	at net.itsrelizc.networking.executors.SetRealUUID.run(SetRealUUID.java:33)

[18:56:27] [Server thread/WARN]: 	at net.itsrelizc.networking.Communication$2.run(Communication.java:320)

[18:56:27] [Server thread/WARN]: 	at net.itsrelizc.networking.Communication.sendMessage(Communication.java:334)

[18:56:27] [Server thread/WARN]: 	at net.itsrelizc.players.Profile.checkAccountExsistsThenCreate(Profile.java:112)

[18:56:27] [Server thread/WARN]: 	at net.itsrelizc.players.Profile.createProfile(Profile.java:154)

[18:56:27] [Server thread/WARN]: 	at net.itsrelizc.players.Grouping._aO(Grouping.java:65)

[18:56:27] [Server thread/WARN]: 	at java.base/jdk.internal.reflect.NativeMethodAccessorImpl.invoke0(Native Method)

[18:56:27] [Server thread/WARN]: 	at java.base/jdk.internal.reflect.NativeMethodAccessorImpl.invoke(NativeMethodAccessorImpl.java:77)

[18:56:27] [Server thread/WARN]: 	at java.base/jdk.internal.reflect.DelegatingMethodAccessorImpl.invoke(DelegatingMethodAccessorImpl.java:43)

[18:56:27] [Server thread/WARN]: 	at java.base/java.lang.reflect.Method.invoke(Method.java:568)

[18:56:27] [Server thread/WARN]: 	at org.bukkit.plugin.java.JavaPluginLoader$1.execute(JavaPluginLoader.java:306)

[18:56:27] [Server thread/WARN]: 	at org.bukkit.plugin.RegisteredListener.callEvent(RegisteredListener.java:62)

[18:56:27] [Server thread/WARN]: 	at org.bukkit.plugin.SimplePluginManager.fireEvent(SimplePluginManager.java:502)

[18:56:27] [Server thread/WARN]: 	at org.bukkit.plugin.SimplePluginManager.callEvent(SimplePluginManager.java:487)

[18:56:27] [Server thread/WARN]: 	at net.minecraft.server.v1_8_R3.PlayerList.onPlayerJoin(PlayerList.java:298)

[18:56:27] [Server thread/WARN]: 	at net.minecraft.server.v1_8_R3.PlayerList.a(PlayerList.java:157)

[18:56:27] [Server thread/WARN]: 	at net.minecraft.server.v1_8_R3.LoginListener.b(LoginListener.java:144)

[18:56:27] [Server thread/WARN]: 	at net.minecraft.server.v1_8_R3.LoginListener.c(LoginListener.java:54)

[18:56:27] [Server thread/WARN]: 	at net.minecraft.server.v1_8_R3.NetworkManager.a(NetworkManager.java:231)

[18:56:27] [Server thread/WARN]: 	at net.minecraft.server.v1_8_R3.ServerConnection.c(ServerConnection.java:148)

[18:56:27] [Server thread/WARN]: 	at net.minecraft.server.v1_8_R3.MinecraftServer.B(MinecraftServer.java:814)

[18:56:27] [Server thread/WARN]: 	at net.minecraft.server.v1_8_R3.DedicatedServer.B(DedicatedServer.java:374)

[18:56:27] [Server thread/WARN]: 	at net.minecraft.server.v1_8_R3.MinecraftServer.A(MinecraftServer.java:654)

[18:56:27] [Server thread/WARN]: 	at net.minecraft.server.v1_8_R3.MinecraftServer.run(MinecraftServer.java:557)

[18:56:27] [Server thread/WARN]: 	at java.base/java.lang.Thread.run(Thread.java:833)

[18:56:27] [Server thread/WARN]: java.io.EOFException

[18:56:27] [Server thread/WARN]: 	at java.base/java.io.DataInputStream.readByte(DataInputStream.java:273)

[18:56:27] [Server thread/WARN]: 	at net.itsrelizc.networking.CommunicationInput.readByte(CommunicationInput.java:27)

[18:56:27] [Server thread/WARN]: 	at net.itsrelizc.networking.CommunicationInput.readShort(CommunicationInput.java:38)

[18:56:27] [Server thread/WARN]: 	at net.itsrelizc.networking.CommunicationInput.readString(CommunicationInput.java:44)

[18:56:27] [Server thread/WARN]: 	at net.itsrelizc.networking.executors.SetRealUUID.run(SetRealUUID.java:33)

[18:56:27] [Server thread/WARN]: 	at net.itsrelizc.networking.Communication$2.run(Communication.java:320)

[18:56:27] [Server thread/WARN]: 	at net.itsrelizc.networking.Communication.sendMessage(Communication.java:334)

[18:56:27] [Server thread/WARN]: 	at net.itsrelizc.players.Profile.checkAccountExsistsThenCreate(Profile.java:112)

[18:56:27] [Server thread/WARN]: 	at net.itsrelizc.players.Profile.createProfile(Profile.java:154)

[18:56:27] [Server thread/WARN]: 	at net.itsrelizc.players.Grouping._aO(Grouping.java:65)

[18:56:27] [Server thread/WARN]: 	at java.base/jdk.internal.reflect.NativeMethodAccessorImpl.invoke0(Native Method)

[18:56:27] [Server thread/WARN]: 	at java.base/jdk.internal.reflect.NativeMethodAccessorImpl.invoke(NativeMethodAccessorImpl.java:77)

[18:56:27] [Server thread/WARN]: 	at java.base/jdk.internal.reflect.DelegatingMethodAccessorImpl.invoke(DelegatingMethodAccessorImpl.java:43)

[18:56:27] [Server thread/WARN]: 	at java.base/java.lang.reflect.Method.invoke(Method.java:568)

[18:56:27] [Server thread/WARN]: 	at org.bukkit.plugin.java.JavaPluginLoader$1.execute(JavaPluginLoader.java:306)

[18:56:27] [Server thread/WARN]: 	at org.bukkit.plugin.RegisteredListener.callEvent(RegisteredListener.java:62)

[18:56:27] [Server thread/WARN]: 	at org.bukkit.plugin.SimplePluginManager.fireEvent(SimplePluginManager.java:502)

[18:56:27] [Server thread/WARN]: 	at org.bukkit.plugin.SimplePluginManager.callEvent(SimplePluginManager.java:487)

[18:56:27] [Server thread/WARN]: 	at net.minecraft.server.v1_8_R3.PlayerList.onPlayerJoin(PlayerList.java:298)

[18:56:27] [Server thread/WARN]: 	at net.minecraft.server.v1_8_R3.PlayerList.a(PlayerList.java:157)

[18:56:27] [Server thread/WARN]: 	at net.minecraft.server.v1_8_R3.LoginListener.b(LoginListener.java:144)

[18:56:27] [Server thread/WARN]: 	at net.minecraft.server.v1_8_R3.LoginListener.c(LoginListener.java:54)

[18:56:27] [Server thread/WARN]: 	at net.minecraft.server.v1_8_R3.NetworkManager.a(NetworkManager.java:231)

[18:56:27] [Server thread/WARN]: 	at net.minecraft.server.v1_8_R3.ServerConnection.c(ServerConnection.java:148)

[18:56:27] [Server thread/WARN]: 	at net.minecraft.server.v1_8_R3.MinecraftServer.B(MinecraftServer.java:814)

[18:56:27] [Server thread/WARN]: 	at net.minecraft.server.v1_8_R3.DedicatedServer.B(DedicatedServer.java:374)

[18:56:27] [Server thread/WARN]: 	at net.minecraft.server.v1_8_R3.MinecraftServer.A(MinecraftServer.java:654)

[18:56:27] [Server thread/WARN]: 	at net.minecraft.server.v1_8_R3.MinecraftServer.run(MinecraftServer.java:557)

[18:56:27] [Server thread/WARN]: 	at java.base/java.lang.Thread.run(Thread.java:833)

[18:56:27] [Server thread/ERROR]: Could not pass event PlayerJoinEvent to RSBundler vstable-3.33.27
org.bukkit.event.EventException: null
	at org.bukkit.plugin.java.JavaPluginLoader$1.execute(JavaPluginLoader.java:310) ~[server.jar:git-Spigot-21fe707-741a1bd]
	at org.bukkit.plugin.RegisteredListener.callEvent(RegisteredListener.java:62) ~[server.jar:git-Spigot-21fe707-741a1bd]
	at org.bukkit.plugin.SimplePluginManager.fireEvent(SimplePluginManager.java:502) [server.jar:git-Spigot-21fe707-741a1bd]
	at org.bukkit.plugin.SimplePluginManager.callEvent(SimplePluginManager.java:487) [server.jar:git-Spigot-21fe707-741a1bd]
	at net.minecraft.server.v1_8_R3.PlayerList.onPlayerJoin(PlayerList.java:298) [server.jar:git-Spigot-21fe707-741a1bd]
	at net.minecraft.server.v1_8_R3.PlayerList.a(PlayerList.java:157) [server.jar:git-Spigot-21fe707-741a1bd]
	at net.minecraft.server.v1_8_R3.LoginListener.b(LoginListener.java:144) [server.jar:git-Spigot-21fe707-741a1bd]
	at net.minecraft.server.v1_8_R3.LoginListener.c(LoginListener.java:54) [server.jar:git-Spigot-21fe707-741a1bd]
	at net.minecraft.server.v1_8_R3.NetworkManager.a(NetworkManager.java:231) [server.jar:git-Spigot-21fe707-741a1bd]
	at net.minecraft.server.v1_8_R3.ServerConnection.c(ServerConnection.java:148) [server.jar:git-Spigot-21fe707-741a1bd]
	at net.minecraft.server.v1_8_R3.MinecraftServer.B(MinecraftServer.java:814) [server.jar:git-Spigot-21fe707-741a1bd]
	at net.minecraft.server.v1_8_R3.DedicatedServer.B(DedicatedServer.java:374) [server.jar:git-Spigot-21fe707-741a1bd]
	at net.minecraft.server.v1_8_R3.MinecraftServer.A(MinecraftServer.java:654) [server.jar:git-Spigot-21fe707-741a1bd]
	at net.minecraft.server.v1_8_R3.MinecraftServer.run(MinecraftServer.java:557) [server.jar:git-Spigot-21fe707-741a1bd]
	at java.lang.Thread.run(Thread.java:833) [?:?]
Caused by: java.lang.IllegalArgumentException: Invalid UUID string: 
	at java.util.UUID.fromString1(UUID.java:280) ~[?:?]
	at java.util.UUID.fromString(UUID.java:258) ~[?:?]
	at net.itsrelizc.networking.executors.SetRealUUID.run(SetRealUUID.java:33) ~[?:?]
	at net.itsrelizc.networking.Communication$2.run(Communication.java:320) ~[?:?]
	at net.itsrelizc.networking.Communication.sendMessage(Communication.java:334) ~[?:?]
	at net.itsrelizc.players.Profile.checkAccountExsistsThenCreate(Profile.java:112) ~[?:?]
	at net.itsrelizc.players.Profile.createProfile(Profile.java:154) ~[?:?]
	at net.itsrelizc.players.Grouping._aO(Grouping.java:65) ~[?:?]
	at jdk.internal.reflect.NativeMethodAccessorImpl.invoke0(Native Method) ~[?:?]
	at jdk.internal.reflect.NativeMethodAccessorImpl.invoke(NativeMethodAccessorImpl.java:77) ~[?:?]
	at jdk.internal.reflect.DelegatingMethodAccessorImpl.invoke(DelegatingMethodAccessorImpl.java:43) ~[?:?]
	at java.lang.reflect.Method.invoke(Method.java:568) ~[?:?]
	at org.bukkit.plugin.java.JavaPluginLoader$1.execute(JavaPluginLoader.java:306) ~[server.jar:git-Spigot-21fe707-741a1bd]
	... 14 more
[18:56:27] [Server thread/INFO]: AAAAA[/127.0.0.1:54066] logged in with entity id 28 at ([world]0.5, 69.0, 0.5)
[18:56:27] [Craft Scheduler Thread - 3/INFO]: Send
[18:56:46] [Server thread/INFO]: Relizc issued server command: /patrol
[18:58:33] [Server thread/INFO]: Close
[19:04:34] [Server thread/INFO]: Relizc issued server command: /gamemode creative
[19:04:34] [Server thread/INFO]: [Relizc: Set own game mode to Creative Mode]
[19:04:58] [Craft Scheduler Thread - 2/INFO]: Send
[19:05:21] [Server thread/INFO]: Relizc issued server command: /gamemode adventure
[19:05:21] [Server thread/INFO]: [Relizc: Set own game mode to Adventure Mode]
[19:05:26] [Server thread/INFO]: Relizc issued server command: /gamemode survival
[19:05:26] [Server thread/INFO]: [Relizc: Set own game mode to Survival Mode]
[19:05:39] [Server thread/INFO]: Relizc issued server command: /gamemode adventure
[19:05:39] [Server thread/INFO]: [Relizc: Set own game mode to Adventure Mode]
[19:05:40] [Server thread/INFO]: Relizc issued server command: /gamemode survival
[19:05:40] [Server thread/INFO]: [Relizc: Set own game mode to Survival Mode]
[19:05:41] [Server thread/INFO]: Relizc issued server command: /gamemode creative
[19:05:41] [Server thread/INFO]: [Relizc: Set own game mode to Creative Mode]
[19:05:50] [Server thread/INFO]: Relizc issued server command: /gamemode survival
[19:05:50] [Server thread/INFO]: [Relizc: Set own game mode to Survival Mode]
[19:05:55] [Server thread/INFO]: AAAAA has just earned the achievement [Taking Inventory]
[19:21:50] [Server thread/INFO]: AAAAA issued server command: /menu1
[19:21:59] [Server thread/INFO]: Relizc lost connection: Disconnected
[19:21:59] [Server thread/INFO]: Close
[19:21:59] [Server thread/INFO]: Relizc left the game.
[19:22:00] [Server thread/INFO]: Stopping server
[19:22:00] [Server thread/INFO]: [RSMainLobby] Disabling RSMainLobby v1.0.0
[19:22:00] [Server thread/INFO]: [ViaVersion] Disabling ViaVersion v4.4.2
[19:22:00] [Server thread/INFO]: [ViaVersion] ViaVersion is disabling, if this is a reload and you experience issues consider rebooting.
[19:22:00] [Server thread/INFO]: [RSBundler] Disabling RSBundler vstable-3.33.27
[19:22:00] [Server thread/INFO]: Saving players
[19:22:00] [Server thread/INFO]: AAAAA lost connection: Server closed
[19:22:00] [Server thread/INFO]: AAAAA left the game.
[19:22:00] [Server thread/INFO]: Saving worlds
[19:22:00] [Server thread/INFO]: Saving chunks for level 'world'/Overworld
