[21:42:15] [Server thread/INFO]: Starting minecraft server version 1.8.8
[21:42:15] [Server thread/WARN]: To start the server with more ram, launch it as "java -Xmx1024M -Xms1024M -jar minecraft_server.jar"
[21:42:15] [Server thread/INFO]: Loading properties
[21:42:15] [Server thread/INFO]: Default game type: SURVIVAL
[21:42:15] [Server thread/INFO]: This server is running CraftBukkit version git-Spigot-21fe707-741a1bd (MC: 1.8.8) (Implementing API version 1.8.8-R0.1-SNAPSHOT)
[21:42:15] [Server thread/INFO]: Debug logging is disabled
[21:42:15] [Server thread/INFO]: Server Ping Player Sample Count: 12

[21:42:15] [Server thread/INFO]: Using 4 threads for Netty based IO
[21:42:15] [Server thread/INFO]: Generating keypair
[21:42:15] [Server thread/INFO]: Starting Minecraft server on *:12690
[21:42:15] [Server thread/INFO]: Using default channel type
[21:42:15] [Server thread/INFO]: Your platform does not provide complete low-level API for accessing direct buffers reliably. Unless explicitly requested, heap buffer will always be preferred to avoid potential system unstability.
[21:42:16] [Server thread/INFO]: Set PluginClassLoader as parallel capable
[21:42:16] [Server thread/INFO]: [RSBundler] Loading RSBundler vstable-3.33.27
[21:42:16] [Server thread/INFO]: [ViaVersion] Loading ViaVersion v4.4.2
[21:42:16] [Server thread/INFO]: [ViaVersion] ViaVersion 4.4.2 is now loaded, injecting!
[21:42:16] [Via-Mappingloader-0/INFO]: [ViaVersion] Loading 1.12 -> 1.13 mappings...
[21:42:16] [Via-Mappingloader-1/INFO]: [ViaVersion] Loading 1.13 -> 1.13.2 mappings...
[21:42:16] [Via-Mappingloader-2/INFO]: [ViaVersion] Loading 1.13.2 -> 1.14 mappings...
[21:42:16] [Via-Mappingloader-3/INFO]: [ViaVersion] Loading 1.14 -> 1.15 mappings...
[21:42:16] [Via-Mappingloader-4/INFO]: [ViaVersion] Loading 1.15 -> 1.16 mappings...
[21:42:16] [Via-Mappingloader-5/INFO]: [ViaVersion] Loading 1.16 -> 1.16.2 mappings...
[21:42:16] [Via-Mappingloader-6/INFO]: [ViaVersion] Loading 1.16.2 -> 1.17 mappings...
[21:42:16] [Via-Mappingloader-3/INFO]: [ViaVersion] Loading 1.17 -> 1.18 mappings...
[21:42:16] [Via-Mappingloader-0/INFO]: [ViaVersion] Loading block connection mappings ...
[21:42:16] [Via-Mappingloader-6/INFO]: [ViaVersion] Loading 1.18 -> 1.19 mappings...
[21:42:16] [Server thread/INFO]: [RSMainLobby] Loading RSMainLobby v1.0.0
[21:42:16] [Server thread/WARN]: **** SERVER IS RUNNING IN OFFLINE/INSECURE MODE!
[21:42:16] [Server thread/WARN]: The server will make no attempt to authenticate usernames. Beware.
[21:42:16] [Server thread/WARN]: While this makes the game possible to play without internet access, it also opens up the ability for hackers to connect with any username they choose.
[21:42:16] [Server thread/WARN]: To change this, set "online-mode" to "true" in the server.properties file.
[21:42:16] [Server thread/INFO]: **** Beginning UUID conversion, this may take A LONG time ****
[21:42:16] [Server thread/INFO]: Preparing level "world"
[21:42:16] [Server thread/INFO]: -------- World Settings For [world] --------
[21:42:16] [Server thread/INFO]: Mob Spawn Range: 4
[21:42:16] [Server thread/INFO]: Anti X-Ray: true
[21:42:16] [Server thread/INFO]: 	Engine Mode: 1
[21:42:16] [Server thread/INFO]: 	Hidden Blocks: [14, 15, 16, 21, 48, 49, 54, 56, 73, 74, 82, 129, 130]
[21:42:16] [Server thread/INFO]: 	Replace Blocks: [1, 5]
[21:42:16] [Server thread/INFO]: Cactus Growth Modifier: 100%
[21:42:16] [Server thread/INFO]: Cane Growth Modifier: 100%
[21:42:16] [Server thread/INFO]: Melon Growth Modifier: 100%
[21:42:16] [Server thread/INFO]: Mushroom Growth Modifier: 100%
[21:42:16] [Server thread/INFO]: Pumpkin Growth Modifier: 100%
[21:42:16] [Server thread/INFO]: Sapling Growth Modifier: 100%
[21:42:16] [Server thread/INFO]: Wheat Growth Modifier: 100%
[21:42:16] [Server thread/INFO]: NetherWart Growth Modifier: 100%
[21:42:16] [Server thread/INFO]: Nerfing mobs spawned from spawners: false
[21:42:16] [Server thread/INFO]: Random Lighting Updates: false
[21:42:16] [Server thread/INFO]: Structure Info Saving: true
[21:42:16] [Server thread/INFO]: Entity Activation Range: An 32 / Mo 32 / Mi 16
[21:42:16] [Server thread/INFO]: Hopper Transfer: 8 Hopper Check: 8 Hopper Amount: 1
[21:42:16] [Server thread/INFO]: Entity Tracking Range: Pl 48 / An 48 / Mo 48 / Mi 32 / Other 64
[21:42:16] [Server thread/INFO]: Max TNT Explosions: 100
[21:42:16] [Server thread/INFO]: Tile Max Tick Time: 50ms Entity max Tick Time: 50ms
[21:42:16] [Server thread/INFO]: Max Entity Collisions: 8
[21:42:16] [Server thread/INFO]: Custom Map Seeds:  Village: 10387312 Feature: 14357617
[21:42:16] [Server thread/INFO]: Sending up to 10 chunks per packet
[21:42:16] [Server thread/INFO]: Arrow Despawn Rate: 1200
[21:42:16] [Server thread/INFO]: Item Merge Radius: 2.5
[21:42:16] [Server thread/INFO]: Item Despawn Rate: 6000
[21:42:16] [Server thread/INFO]: Chunks to Grow per Tick: 650
[21:42:16] [Server thread/INFO]: Clear tick list: false
[21:42:16] [Server thread/INFO]: Experience Merge Radius: 3.0
[21:42:16] [Server thread/INFO]: View Distance: 10
[21:42:16] [Server thread/INFO]: Zombie Aggressive Towards Villager: true
[21:42:16] [Server thread/INFO]: Allow Zombie Pigmen to spawn from portal blocks: true
[21:42:16] [Server thread/INFO]: Preparing start region for level 0 (Seed: -4495347448867682294)
[21:42:16] [Server thread/INFO]: [RSBundler] Enabling RSBundler vstable-3.33.27
[21:42:16] [Server thread/INFO]: Loading locales
[21:42:16] [Server thread/INFO]: [RSBundler] Server is working!
[21:42:16] [Server thread/INFO]: [ViaVersion] Enabling ViaVersion v4.4.2
[21:42:16] [Server thread/INFO]: [RSMainLobby] Enabling RSMainLobby v1.0.0
[21:42:16] [Server thread/INFO]: Server permissions file permissions.yml is empty, ignoring it
[21:42:16] [Server thread/INFO]: Done (0.295s)! For help, type "help" or "?"
[21:42:16] [Server thread/INFO]: [ViaVersion] ViaVersion detected server version: 1.8.x (47)
[21:42:16] [Server thread/WARN]: [ViaVersion] This version of Minecraft is extremely outdated and support for it has reached its end of life. You will still be able to run Via on this Minecraft version, but we are unlikely to provide any further fixes or help with problems specific to legacy Minecraft versions. Please consider updating to give your players a better experience and to avoid issues that have long been fixed.
[21:42:16] [Server thread/INFO]: [ViaVersion] Finished mapping loading, shutting down loader executor!
[21:42:18] [Server thread/WARN]: [ViaVersion] There is a newer plugin version available: 4.7.0, you're on: 4.4.2
[21:42:23] [Thread-4/INFO]: UUID of player Relizc is 9fec5a8f-aaf8-39ec-aac7-7f66ae531d4c
[21:42:23] [Server thread/INFO]: Relizc[/127.0.0.1:49476] logged in with entity id 1 at ([world]0.5, 69.0, 0.5)
[21:42:23] [Craft Scheduler Thread - 1/INFO]: Send
[21:42:26] [Server thread/INFO]: Relizc lost connection: Disconnected
[21:42:26] [Server thread/INFO]: Close
[21:42:26] [Server thread/INFO]: Relizc left the game.
[21:46:11] [Thread-5/INFO]: UUID of player Relizc is 9fec5a8f-aaf8-39ec-aac7-7f66ae531d4c
[21:46:11] [Server thread/INFO]: Relizc[/127.0.0.1:50990] logged in with entity id 10 at ([world]0.5, 69.0, 0.5)
[21:46:11] [Craft Scheduler Thread - 4/INFO]: Send
[21:46:26] [Server thread/INFO]: Relizc issued server command: /menu1
[21:46:48] [Thread-6/INFO]: UUID of player vaprah is 2cfc84cf-a05e-3059-a39b-7813b2d2dfe5
[21:46:48] [Server thread/INFO]: vaprah[/127.0.0.1:51238] logged in with entity id 19 at ([world]0.5, 69.0, 0.5)
[21:46:48] [Craft Scheduler Thread - 0/INFO]: Send
[21:46:48] [Netty Server IO #3/WARN]: [ViaVersion] Ignoring incoming plugin channel register of 'fabric-screen-handler-api-v1:open_screen', as it is longer than 32 characters
[21:46:54] [Server thread/INFO]: vaprah issued server command: /menu1
[21:46:56] [Server thread/INFO]: vaprah lost connection: Disconnected
[21:46:56] [Server thread/INFO]: Close
[21:46:56] [Server thread/INFO]: Close
[21:46:56] [Server thread/INFO]: vaprah left the game.
[21:47:59] [Server thread/INFO]: Relizc lost connection: Disconnected
[21:47:59] [Server thread/INFO]: Close
[21:47:59] [Server thread/INFO]: Relizc left the game.
[21:49:00] [Thread-7/INFO]: UUID of player vaprah is 2cfc84cf-a05e-3059-a39b-7813b2d2dfe5
[21:49:00] [Server thread/INFO]: vaprah[/127.0.0.1:52138] logged in with entity id 21 at ([world]0.5, 69.0, 0.5)
[21:49:00] [Netty Server IO #0/WARN]: [ViaVersion] Ignoring incoming plugin channel register of 'fabric-screen-handler-api-v1:open_screen', as it is longer than 32 characters
[21:49:00] [Craft Scheduler Thread - 6/INFO]: Send
[21:49:10] [Server thread/INFO]: vaprah issued server command: /menu1
[21:49:12] [Server thread/INFO]: vaprah lost connection: Disconnected
[21:49:12] [Server thread/INFO]: Close
[21:49:12] [Server thread/INFO]: vaprah left the game.
[21:57:09] [Thread-8/INFO]: UUID of player Relizc is 9fec5a8f-aaf8-39ec-aac7-7f66ae531d4c
[21:57:09] [Server thread/INFO]: Relizc[/127.0.0.1:55365] logged in with entity id 30 at ([world]0.5, 69.0, 0.5)
[21:57:09] [Craft Scheduler Thread - 5/INFO]: Send
[21:57:29] [Server thread/INFO]: Close
[21:57:30] [Server thread/INFO]: Relizc issued server command: /l
[21:57:33] [Server thread/INFO]: Relizc issued server command: /l
[21:57:35] [Server thread/INFO]: Relizc lost connection: Disconnected
[21:57:35] [Server thread/INFO]: Close
[21:57:35] [Server thread/INFO]: Relizc left the game.
[21:59:17] [Thread-9/INFO]: UUID of player Relizc is 9fec5a8f-aaf8-39ec-aac7-7f66ae531d4c
[21:59:17] [Server thread/INFO]: Relizc[/127.0.0.1:56244] logged in with entity id 39 at ([world]0.5, 69.0, 0.5)
[21:59:17] [Craft Scheduler Thread - 0/INFO]: Send
[21:59:41] [Server thread/INFO]: Close
[21:59:44] [Server thread/INFO]: Close
[21:59:45] [Server thread/INFO]: Close
[21:59:46] [Server thread/INFO]: Close
[21:59:46] [Server thread/INFO]: Close
[21:59:47] [Server thread/INFO]: Close
[21:59:48] [Server thread/INFO]: Close
[21:59:48] [Server thread/INFO]: Close
[21:59:48] [Server thread/INFO]: Close
[21:59:49] [Server thread/INFO]: Close
[21:59:49] [Server thread/INFO]: Close
[21:59:49] [Server thread/INFO]: Close
[21:59:49] [Server thread/INFO]: Close
[21:59:50] [Server thread/INFO]: Close
[21:59:50] [Server thread/INFO]: Close
[21:59:51] [Server thread/INFO]: Close
[21:59:51] [Server thread/INFO]: Close
[21:59:51] [Server thread/INFO]: Close
[21:59:51] [Server thread/INFO]: Close
[21:59:51] [Server thread/INFO]: Close
[21:59:52] [Server thread/INFO]: Close
[21:59:52] [Server thread/INFO]: Close
[21:59:52] [Server thread/INFO]: Close
[21:59:53] [Server thread/INFO]: Close
[21:59:53] [Server thread/INFO]: Close
[21:59:53] [Server thread/INFO]: Close
[21:59:54] [Server thread/INFO]: Close
[21:59:55] [Server thread/INFO]: Close
[21:59:56] [Server thread/INFO]: Close
[21:59:57] [Server thread/INFO]: Close
[22:00:01] [Server thread/INFO]: Relizc lost connection: Disconnected
[22:00:01] [Server thread/INFO]: Close
[22:00:01] [Server thread/INFO]: Relizc left the game.
[22:00:37] [Thread-10/INFO]: UUID of player Relizc is 9fec5a8f-aaf8-39ec-aac7-7f66ae531d4c
[22:00:37] [Server thread/INFO]: Relizc[/127.0.0.1:56835] logged in with entity id 48 at ([world]0.5, 69.0, 0.5)
[22:00:37] [Craft Scheduler Thread - 0/INFO]: Send
[22:00:45] [Server thread/INFO]: Relizc lost connection: Disconnected
[22:00:45] [Server thread/INFO]: Relizc left the game.
[22:00:54] [Thread-11/INFO]: UUID of player Relizc is 9fec5a8f-aaf8-39ec-aac7-7f66ae531d4c
[22:00:54] [Server thread/INFO]: Relizc[/127.0.0.1:56956] logged in with entity id 57 at ([world]0.5, 69.0, 0.5)
[22:00:54] [Craft Scheduler Thread - 4/INFO]: Send
[22:01:32] [Server thread/INFO]: Close
[22:01:48] [Server thread/INFO]: Close
[22:02:23] [Server thread/INFO]: Close
[22:02:25] [Server thread/INFO]: Relizc lost connection: Disconnected
[22:02:25] [Server thread/INFO]: Close
[22:02:25] [Server thread/INFO]: Relizc left the game.
[22:04:09] [Thread-12/INFO]: UUID of player Relizc is 9fec5a8f-aaf8-39ec-aac7-7f66ae531d4c
[22:04:09] [Server thread/INFO]: Relizc[/127.0.0.1:58059] logged in with entity id 66 at ([world]0.5, 69.0, 0.5)
[22:04:09] [Craft Scheduler Thread - 5/INFO]: Send
[22:04:22] [Server thread/INFO]: Close
[22:04:24] [Server thread/INFO]: Close
[22:04:25] [Server thread/INFO]: Relizc lost connection: Disconnected
[22:04:25] [Server thread/INFO]: Relizc left the game.
[22:04:30] [Thread-13/INFO]: UUID of player Relizc is 9fec5a8f-aaf8-39ec-aac7-7f66ae531d4c
[22:04:30] [Server thread/INFO]: Relizc[/127.0.0.1:58164] logged in with entity id 75 at ([world]0.5, 69.0, 0.5)
[22:04:30] [Craft Scheduler Thread - 5/INFO]: Send
[22:04:40] [Server thread/INFO]: Close
[22:04:47] [Server thread/INFO]: Close
[22:04:54] [Server thread/INFO]: Close
[22:08:50] [Server thread/INFO]: Close
[22:08:55] [Server thread/INFO]: Relizc issued server command: /menu1
[22:08:55] [Server thread/INFO]: Close
[22:09:00] [Server thread/INFO]: Relizc issued server command: /stop debug
[22:09:00] [Server thread/INFO]: SERVER > Universe Collapsing! (Server Developement Team had issued a shutdown command)

[22:09:00] [Server thread/INFO]: SERVER > We have 15 seconds left for us to leave!

[22:09:02] [Server thread/INFO]: Relizc lost connection: Disconnected
[22:09:02] [Server thread/INFO]: Close
[22:09:02] [Server thread/INFO]: Relizc left the game.
[22:09:16] [Server thread/INFO]: Stopping server
[22:09:16] [Server thread/INFO]: [RSMainLobby] Disabling RSMainLobby v1.0.0
[22:09:16] [Server thread/INFO]: [ViaVersion] Disabling ViaVersion v4.4.2
[22:09:16] [Server thread/INFO]: [ViaVersion] ViaVersion is disabling, if this is a reload and you experience issues consider rebooting.
[22:09:16] [Server thread/INFO]: [RSBundler] Disabling RSBundler vstable-3.33.27
[22:09:16] [Server thread/INFO]: Saving players
[22:09:16] [Server thread/INFO]: Saving worlds
[22:09:16] [Server thread/INFO]: Saving chunks for level 'world'/Overworld
