[22:17:03] [ServerMain/INFO]: Building unoptimized datafixer
[22:17:03] [ServerMain/INFO]: Environment: authHost='https://authserver.mojang.com', accountsHost='https://api.mojang.com', sessionHost='https://sessionserver.mojang.com', servicesHost='https://api.minecraftservices.com', name='PROD'
[22:17:04] [ServerMain/INFO]: Loaded 7 recipes
[22:17:04] [Server thread/INFO]: Starting minecraft server version 1.19.2
[22:17:04] [Server thread/INFO]: Loading properties
[22:17:05] [Server thread/INFO]: This server is running CraftBukkit version 3610-Spigot-6198b5a-19df23a (MC: 1.19.2) (Implementing API version 1.19.2-R0.1-SNAPSHOT)
[22:17:05] [Server thread/INFO]: Debug logging is disabled
[22:17:05] [Server thread/INFO]: Server Ping Player Sample Count: 12
[22:17:05] [Server thread/INFO]: Using 4 threads for Netty based IO
[22:17:05] [Server thread/INFO]: Default game type: SURVIVAL
[22:17:05] [Server thread/INFO]: Generating keypair
[22:17:05] [Server thread/INFO]: Starting Minecraft server on 127.0.0.1:22203
[22:17:05] [Server thread/INFO]: Using default channel type
[22:17:05] [Server thread/WARN]: [RSHunter] Loaded class net.itsrelizc.commands.IBaseCommand from RSBundler vstable-3.33.27 which is not a depend or softdepend of this plugin.
[22:17:05] [Server thread/INFO]: [RSBundler] Loading RSBundler vstable-3.33.27
[22:17:05] [Server thread/INFO]: [RSHunter] Loading RSHunter v1.0.0
[22:17:05] [Server thread/INFO]: [ViaVersion] Loading ViaVersion v4.4.2
[22:17:05] [Server thread/INFO]: [ViaVersion] ViaVersion 4.4.2 is now loaded, injecting!
[22:17:05] [Via-Mappingloader-0/INFO]: [ViaVersion] Loading 1.12 -> 1.13 mappings...
[22:17:05] [Via-Mappingloader-1/INFO]: [ViaVersion] Loading 1.13 -> 1.13.2 mappings...
[22:17:05] [Via-Mappingloader-2/INFO]: [ViaVersion] Loading 1.13.2 -> 1.14 mappings...
[22:17:05] [Via-Mappingloader-3/INFO]: [ViaVersion] Loading 1.14 -> 1.15 mappings...
[22:17:05] [Via-Mappingloader-4/INFO]: [ViaVersion] Loading 1.15 -> 1.16 mappings...
[22:17:05] [Via-Mappingloader-5/INFO]: [ViaVersion] Loading 1.16 -> 1.16.2 mappings...
[22:17:05] [Via-Mappingloader-6/INFO]: [ViaVersion] Loading 1.16.2 -> 1.17 mappings...
[22:17:05] [Via-Mappingloader-7/INFO]: [ViaVersion] Loading 1.17 -> 1.18 mappings...
[22:17:05] [Via-Mappingloader-8/INFO]: [ViaVersion] Loading 1.18 -> 1.19 mappings...
[22:17:05] [Server thread/INFO]: [RSSMP] Loading RSSMP v1.0.0
[22:17:05] [Server thread/WARN]: **** SERVER IS RUNNING IN OFFLINE/INSECURE MODE!
[22:17:05] [Server thread/WARN]: The server will make no attempt to authenticate usernames. Beware.
[22:17:05] [Server thread/WARN]: While this makes the game possible to play without internet access, it also opens up the ability for hackers to connect with any username they choose.
[22:17:05] [Server thread/WARN]: To change this, set "online-mode" to "true" in the server.properties file.
[22:17:05] [Via-Mappingloader-0/INFO]: [ViaVersion] Loading block connection mappings ...
[22:17:05] [Server thread/INFO]: Preparing level "world"
[22:17:05] [Server thread/INFO]: -------- World Settings For [world] --------
[22:17:05] [Server thread/INFO]: Item Despawn Rate: 6000
[22:17:05] [Server thread/INFO]: Item Merge Radius: 2.5
[22:17:05] [Server thread/INFO]: View Distance: 10
[22:17:05] [Server thread/INFO]: Simulation Distance: 10
[22:17:05] [Server thread/INFO]: Allow Zombie Pigmen to spawn from portal blocks: true
[22:17:05] [Server thread/INFO]: Arrow Despawn Rate: 1200 Trident Respawn Rate:1200
[22:17:05] [Server thread/INFO]: Nerfing mobs spawned from spawners: false
[22:17:05] [Server thread/INFO]: Mob Spawn Range: 6
[22:17:05] [Server thread/INFO]: Experience Merge Radius: 3.0
[22:17:05] [Server thread/INFO]: Cactus Growth Modifier: 100%
[22:17:05] [Server thread/INFO]: Cane Growth Modifier: 100%
[22:17:05] [Server thread/INFO]: Melon Growth Modifier: 100%
[22:17:05] [Server thread/INFO]: Mushroom Growth Modifier: 100%
[22:17:05] [Server thread/INFO]: Pumpkin Growth Modifier: 100%
[22:17:05] [Server thread/INFO]: Sapling Growth Modifier: 100%
[22:17:05] [Server thread/INFO]: Beetroot Growth Modifier: 100%
[22:17:05] [Server thread/INFO]: Carrot Growth Modifier: 100%
[22:17:05] [Server thread/INFO]: Potato Growth Modifier: 100%
[22:17:05] [Server thread/INFO]: Wheat Growth Modifier: 100%
[22:17:05] [Server thread/INFO]: NetherWart Growth Modifier: 100%
[22:17:05] [Server thread/INFO]: Vine Growth Modifier: 100%
[22:17:05] [Server thread/INFO]: Cocoa Growth Modifier: 100%
[22:17:05] [Server thread/INFO]: Bamboo Growth Modifier: 100%
[22:17:05] [Server thread/INFO]: SweetBerry Growth Modifier: 100%
[22:17:05] [Server thread/INFO]: Kelp Growth Modifier: 100%
[22:17:05] [Server thread/INFO]: TwistingVines Growth Modifier: 100%
[22:17:05] [Server thread/INFO]: WeepingVines Growth Modifier: 100%
[22:17:05] [Server thread/INFO]: CaveVines Growth Modifier: 100%
[22:17:05] [Server thread/INFO]: Hopper Transfer: 8 Hopper Check: 1 Hopper Amount: 1 Hopper Can Load Chunks: false
[22:17:05] [Server thread/INFO]: Custom Map Seeds:  Village: 10387312 Desert: 14357617 Igloo: 14357618 Jungle: 14357619 Swamp: 14357620 Monument: 10387313 Ocean: 14357621 Shipwreck: 165745295 End City: 10387313 Slime: 987234911 Nether: 30084232 Mansion: 10387319 Fossil: 14357921 Portal: 34222645
[22:17:05] [Server thread/INFO]: Entity Tracking Range: Pl 48 / An 48 / Mo 48 / Mi 32 / Other 64
[22:17:05] [Server thread/INFO]: Entity Activation Range: An 32 / Mo 32 / Ra 48 / Mi 16 / Tiv true / Isa false
[22:17:05] [Server thread/INFO]: Max TNT Explosions: 100
[22:17:05] [Server thread/INFO]: Tile Max Tick Time: 50ms Entity max Tick Time: 50ms
[22:17:05] [Server thread/INFO]: Zombie Aggressive Towards Villager: true
[22:17:05] [Server thread/INFO]: -------- World Settings For [world_nether] --------
[22:17:05] [Server thread/INFO]: Item Despawn Rate: 6000
[22:17:05] [Server thread/INFO]: Item Merge Radius: 2.5
[22:17:05] [Server thread/INFO]: View Distance: 10
[22:17:05] [Server thread/INFO]: Simulation Distance: 10
[22:17:05] [Server thread/INFO]: Allow Zombie Pigmen to spawn from portal blocks: true
[22:17:05] [Server thread/INFO]: Arrow Despawn Rate: 1200 Trident Respawn Rate:1200
[22:17:05] [Server thread/INFO]: Nerfing mobs spawned from spawners: false
[22:17:05] [Server thread/INFO]: Mob Spawn Range: 6
[22:17:05] [Server thread/INFO]: Experience Merge Radius: 3.0
[22:17:05] [Server thread/INFO]: Cactus Growth Modifier: 100%
[22:17:05] [Server thread/INFO]: Cane Growth Modifier: 100%
[22:17:05] [Server thread/INFO]: Melon Growth Modifier: 100%
[22:17:05] [Server thread/INFO]: Mushroom Growth Modifier: 100%
[22:17:05] [Server thread/INFO]: Pumpkin Growth Modifier: 100%
[22:17:05] [Server thread/INFO]: Sapling Growth Modifier: 100%
[22:17:05] [Server thread/INFO]: Beetroot Growth Modifier: 100%
[22:17:05] [Server thread/INFO]: Carrot Growth Modifier: 100%
[22:17:05] [Server thread/INFO]: Potato Growth Modifier: 100%
[22:17:05] [Server thread/INFO]: Wheat Growth Modifier: 100%
[22:17:05] [Server thread/INFO]: NetherWart Growth Modifier: 100%
[22:17:05] [Server thread/INFO]: Vine Growth Modifier: 100%
[22:17:05] [Server thread/INFO]: Cocoa Growth Modifier: 100%
[22:17:05] [Server thread/INFO]: Bamboo Growth Modifier: 100%
[22:17:05] [Server thread/INFO]: SweetBerry Growth Modifier: 100%
[22:17:05] [Server thread/INFO]: Kelp Growth Modifier: 100%
[22:17:05] [Server thread/INFO]: TwistingVines Growth Modifier: 100%
[22:17:05] [Server thread/INFO]: WeepingVines Growth Modifier: 100%
[22:17:05] [Server thread/INFO]: CaveVines Growth Modifier: 100%
[22:17:05] [Server thread/INFO]: Hopper Transfer: 8 Hopper Check: 1 Hopper Amount: 1 Hopper Can Load Chunks: false
[22:17:05] [Server thread/INFO]: Custom Map Seeds:  Village: 10387312 Desert: 14357617 Igloo: 14357618 Jungle: 14357619 Swamp: 14357620 Monument: 10387313 Ocean: 14357621 Shipwreck: 165745295 End City: 10387313 Slime: 987234911 Nether: 30084232 Mansion: 10387319 Fossil: 14357921 Portal: 34222645
[22:17:05] [Server thread/INFO]: Entity Tracking Range: Pl 48 / An 48 / Mo 48 / Mi 32 / Other 64
[22:17:05] [Server thread/INFO]: Entity Activation Range: An 32 / Mo 32 / Ra 48 / Mi 16 / Tiv true / Isa false
[22:17:05] [Server thread/INFO]: Max TNT Explosions: 100
[22:17:05] [Server thread/INFO]: Tile Max Tick Time: 50ms Entity max Tick Time: 50ms
[22:17:05] [Server thread/INFO]: Zombie Aggressive Towards Villager: true
[22:17:05] [Server thread/INFO]: -------- World Settings For [world_the_end] --------
[22:17:05] [Server thread/INFO]: Item Despawn Rate: 6000
[22:17:05] [Server thread/INFO]: Item Merge Radius: 2.5
[22:17:05] [Server thread/INFO]: View Distance: 10
[22:17:05] [Server thread/INFO]: Simulation Distance: 10
[22:17:05] [Server thread/INFO]: Allow Zombie Pigmen to spawn from portal blocks: true
[22:17:05] [Server thread/INFO]: Arrow Despawn Rate: 1200 Trident Respawn Rate:1200
[22:17:05] [Server thread/INFO]: Nerfing mobs spawned from spawners: false
[22:17:05] [Server thread/INFO]: Mob Spawn Range: 6
[22:17:05] [Server thread/INFO]: Experience Merge Radius: 3.0
[22:17:05] [Server thread/INFO]: Cactus Growth Modifier: 100%
[22:17:05] [Server thread/INFO]: Cane Growth Modifier: 100%
[22:17:05] [Server thread/INFO]: Melon Growth Modifier: 100%
[22:17:05] [Server thread/INFO]: Mushroom Growth Modifier: 100%
[22:17:05] [Server thread/INFO]: Pumpkin Growth Modifier: 100%
[22:17:05] [Server thread/INFO]: Sapling Growth Modifier: 100%
[22:17:05] [Server thread/INFO]: Beetroot Growth Modifier: 100%
[22:17:05] [Server thread/INFO]: Carrot Growth Modifier: 100%
[22:17:05] [Server thread/INFO]: Potato Growth Modifier: 100%
[22:17:05] [Server thread/INFO]: Wheat Growth Modifier: 100%
[22:17:05] [Server thread/INFO]: NetherWart Growth Modifier: 100%
[22:17:05] [Server thread/INFO]: Vine Growth Modifier: 100%
[22:17:05] [Server thread/INFO]: Cocoa Growth Modifier: 100%
[22:17:05] [Server thread/INFO]: Bamboo Growth Modifier: 100%
[22:17:05] [Server thread/INFO]: SweetBerry Growth Modifier: 100%
[22:17:05] [Server thread/INFO]: Kelp Growth Modifier: 100%
[22:17:05] [Server thread/INFO]: TwistingVines Growth Modifier: 100%
[22:17:05] [Server thread/INFO]: WeepingVines Growth Modifier: 100%
[22:17:05] [Server thread/INFO]: CaveVines Growth Modifier: 100%
[22:17:05] [Server thread/INFO]: Hopper Transfer: 8 Hopper Check: 1 Hopper Amount: 1 Hopper Can Load Chunks: false
[22:17:05] [Server thread/INFO]: Custom Map Seeds:  Village: 10387312 Desert: 14357617 Igloo: 14357618 Jungle: 14357619 Swamp: 14357620 Monument: 10387313 Ocean: 14357621 Shipwreck: 165745295 End City: 10387313 Slime: 987234911 Nether: 30084232 Mansion: 10387319 Fossil: 14357921 Portal: 34222645
[22:17:05] [Server thread/INFO]: Entity Tracking Range: Pl 48 / An 48 / Mo 48 / Mi 32 / Other 64
[22:17:05] [Server thread/INFO]: Entity Activation Range: An 32 / Mo 32 / Ra 48 / Mi 16 / Tiv true / Isa false
[22:17:05] [Server thread/INFO]: Max TNT Explosions: 100
[22:17:05] [Server thread/INFO]: Tile Max Tick Time: 50ms Entity max Tick Time: 50ms
[22:17:05] [Server thread/INFO]: Zombie Aggressive Towards Villager: true
[22:17:05] [Server thread/INFO]: Preparing start region for dimension minecraft:overworld
[22:17:07] [Worker-Main-8/INFO]: Preparing spawn area: 0%
[22:17:07] [Worker-Main-8/INFO]: Preparing spawn area: 0%
[22:17:07] [Worker-Main-6/INFO]: Preparing spawn area: 0%
[22:17:07] [Worker-Main-1/INFO]: Preparing spawn area: 83%
[22:17:07] [Server thread/INFO]: Time elapsed: 1537 ms
[22:17:07] [Server thread/INFO]: Preparing start region for dimension minecraft:the_nether
[22:17:08] [Worker-Main-16/INFO]: Preparing spawn area: 0%
[22:17:08] [Worker-Main-13/INFO]: Preparing spawn area: 0%
[22:17:08] [Worker-Main-8/INFO]: Preparing spawn area: 79%
[22:17:08] [Server thread/INFO]: Time elapsed: 1055 ms
[22:17:08] [Server thread/INFO]: Preparing start region for dimension minecraft:the_end
[22:17:09] [Worker-Main-12/INFO]: Preparing spawn area: 0%
[22:17:09] [Worker-Main-12/INFO]: Preparing spawn area: 0%
[22:17:09] [Server thread/INFO]: Time elapsed: 776 ms
[22:17:09] [Server thread/INFO]: [RSBundler] Enabling RSBundler vstable-3.33.27
[22:17:09] [Server thread/INFO]: [RSBundler] Server is working!
[22:17:09] [Server thread/INFO]: [RSHunter] Enabling RSHunter v1.0.0
[22:17:09] [Server thread/INFO]: [ViaVersion] Enabling ViaVersion v4.4.2
[22:17:09] [Server thread/INFO]: [RSSMP] Enabling RSSMP v1.0.0
[22:17:09] [Server thread/WARN]: [RSSMP] Loaded class net.itsrelizc.players.Grouping from RSBundler vstable-3.33.27 which is not a depend or softdepend of this plugin.
[22:17:09] [Server thread/INFO]: Server permissions file permissions.yml is empty, ignoring it
[22:17:09] [Server thread/INFO]: Done (3.736s)! For help, type "help"
[22:17:09] [Server thread/INFO]: [ViaVersion] ViaVersion detected server version: 1.19.1/2 (760)
[22:17:09] [Server thread/WARN]: [ViaVersion] ViaVersion does not have any compatible versions for this server version!
[22:17:09] [Server thread/WARN]: [ViaVersion] Please remember that ViaVersion only adds support for versions newer than the server version.
[22:17:09] [Server thread/WARN]: [ViaVersion] If you need support for older versions you may need to use one or more ViaVersion addons too.
[22:17:09] [Server thread/WARN]: [ViaVersion] In that case please read the ViaVersion resource page carefully or use https://jo0001.github.io/ViaSetup
[22:17:09] [Server thread/WARN]: [ViaVersion] and if you're still unsure, feel free to join our Discord-Server for further assistance.
[22:17:09] [Server thread/INFO]: [ViaVersion] Finished mapping loading, shutting down loader executor!
[22:17:10] [Server thread/WARN]: [ViaVersion] There is a newer plugin version available: 4.7.0, you're on: 4.4.2
