[18:45:35] [ServerMain/INFO]: Building unoptimized datafixer
[18:45:35] [ServerMain/INFO]: Environment: authHost='https://authserver.mojang.com', accountsHost='https://api.mojang.com', sessionHost='https://sessionserver.mojang.com', servicesHost='https://api.minecraftservices.com', name='PROD'
[18:45:36] [ServerMain/INFO]: Loaded 7 recipes
[18:45:36] [Server thread/INFO]: Starting minecraft server version 1.19.2
[18:45:36] [Server thread/INFO]: Loading properties
[18:45:36] [Server thread/INFO]: This server is running CraftBukkit version 3610-Spigot-6198b5a-19df23a (MC: 1.19.2) (Implementing API version 1.19.2-R0.1-SNAPSHOT)
[18:45:36] [Server thread/INFO]: Debug logging is disabled
[18:45:36] [Server thread/INFO]: Server Ping Player Sample Count: 12
[18:45:36] [Server thread/INFO]: Using 4 threads for Netty based IO
[18:45:36] [Server thread/INFO]: Default game type: SURVIVAL
[18:45:36] [Server thread/INFO]: Generating keypair
[18:45:36] [Server thread/INFO]: Starting Minecraft server on 127.0.0.1:17960
[18:45:36] [Server thread/INFO]: Using default channel type
[18:45:37] [Server thread/WARN]: [RSHunter] Loaded class net.itsrelizc.commands.IBaseCommand from RSBundler vstable-3.33.27 which is not a depend or softdepend of this plugin.
[18:45:37] [Server thread/INFO]: [RSBundler] Loading RSBundler vstable-3.33.27
[18:45:37] [Server thread/INFO]: [RSHunter] Loading RSHunter v1.0.0
[18:45:37] [Server thread/INFO]: [ViaVersion] Loading ViaVersion v4.4.2
[18:45:37] [Server thread/INFO]: [ViaVersion] ViaVersion 4.4.2 is now loaded, injecting!
[18:45:37] [Via-Mappingloader-0/INFO]: [ViaVersion] Loading 1.12 -> 1.13 mappings...
[18:45:37] [Via-Mappingloader-1/INFO]: [ViaVersion] Loading 1.13 -> 1.13.2 mappings...
[18:45:37] [Via-Mappingloader-2/INFO]: [ViaVersion] Loading 1.13.2 -> 1.14 mappings...
[18:45:37] [Via-Mappingloader-3/INFO]: [ViaVersion] Loading 1.14 -> 1.15 mappings...
[18:45:37] [Via-Mappingloader-4/INFO]: [ViaVersion] Loading 1.15 -> 1.16 mappings...
[18:45:37] [Via-Mappingloader-5/INFO]: [ViaVersion] Loading 1.16 -> 1.16.2 mappings...
[18:45:37] [Via-Mappingloader-6/INFO]: [ViaVersion] Loading 1.16.2 -> 1.17 mappings...
[18:45:37] [Via-Mappingloader-1/INFO]: [ViaVersion] Loading 1.17 -> 1.18 mappings...
[18:45:37] [Via-Mappingloader-0/INFO]: [ViaVersion] Loading block connection mappings ...
[18:45:37] [Via-Mappingloader-2/INFO]: [ViaVersion] Loading 1.18 -> 1.19 mappings...
[18:45:37] [Server thread/INFO]: [RSSMP] Loading RSSMP v1.0.0
[18:45:37] [Server thread/WARN]: **** SERVER IS RUNNING IN OFFLINE/INSECURE MODE!
[18:45:37] [Server thread/WARN]: The server will make no attempt to authenticate usernames. Beware.
[18:45:37] [Server thread/WARN]: While this makes the game possible to play without internet access, it also opens up the ability for hackers to connect with any username they choose.
[18:45:37] [Server thread/WARN]: To change this, set "online-mode" to "true" in the server.properties file.
[18:45:37] [Server thread/INFO]: Preparing level "world"
[18:45:37] [Server thread/INFO]: -------- World Settings For [world] --------
[18:45:37] [Server thread/INFO]: Item Despawn Rate: 6000
[18:45:37] [Server thread/INFO]: Item Merge Radius: 2.5
[18:45:37] [Server thread/INFO]: View Distance: 10
[18:45:37] [Server thread/INFO]: Simulation Distance: 10
[18:45:37] [Server thread/INFO]: Nerfing mobs spawned from spawners: false
[18:45:37] [Server thread/INFO]: Allow Zombie Pigmen to spawn from portal blocks: true
[18:45:37] [Server thread/INFO]: Zombie Aggressive Towards Villager: true
[18:45:37] [Server thread/INFO]: Arrow Despawn Rate: 1200 Trident Respawn Rate:1200
[18:45:37] [Server thread/INFO]: Experience Merge Radius: 3.0
[18:45:37] [Server thread/INFO]: Cactus Growth Modifier: 100%
[18:45:37] [Server thread/INFO]: Cane Growth Modifier: 100%
[18:45:37] [Server thread/INFO]: Melon Growth Modifier: 100%
[18:45:37] [Server thread/INFO]: Mushroom Growth Modifier: 100%
[18:45:37] [Server thread/INFO]: Pumpkin Growth Modifier: 100%
[18:45:37] [Server thread/INFO]: Sapling Growth Modifier: 100%
[18:45:37] [Server thread/INFO]: Beetroot Growth Modifier: 100%
[18:45:37] [Server thread/INFO]: Carrot Growth Modifier: 100%
[18:45:37] [Server thread/INFO]: Potato Growth Modifier: 100%
[18:45:37] [Server thread/INFO]: Wheat Growth Modifier: 100%
[18:45:37] [Server thread/INFO]: NetherWart Growth Modifier: 100%
[18:45:37] [Server thread/INFO]: Vine Growth Modifier: 100%
[18:45:37] [Server thread/INFO]: Cocoa Growth Modifier: 100%
[18:45:37] [Server thread/INFO]: Bamboo Growth Modifier: 100%
[18:45:37] [Server thread/INFO]: SweetBerry Growth Modifier: 100%
[18:45:37] [Server thread/INFO]: Kelp Growth Modifier: 100%
[18:45:37] [Server thread/INFO]: TwistingVines Growth Modifier: 100%
[18:45:37] [Server thread/INFO]: WeepingVines Growth Modifier: 100%
[18:45:37] [Server thread/INFO]: CaveVines Growth Modifier: 100%
[18:45:37] [Server thread/INFO]: Mob Spawn Range: 6
[18:45:37] [Server thread/INFO]: Entity Tracking Range: Pl 48 / An 48 / Mo 48 / Mi 32 / Other 64
[18:45:37] [Server thread/INFO]: Entity Activation Range: An 32 / Mo 32 / Ra 48 / Mi 16 / Tiv true / Isa false
[18:45:37] [Server thread/INFO]: Hopper Transfer: 8 Hopper Check: 1 Hopper Amount: 1 Hopper Can Load Chunks: false
[18:45:37] [Server thread/INFO]: Custom Map Seeds:  Village: 10387312 Desert: 14357617 Igloo: 14357618 Jungle: 14357619 Swamp: 14357620 Monument: 10387313 Ocean: 14357621 Shipwreck: 165745295 End City: 10387313 Slime: 987234911 Nether: 30084232 Mansion: 10387319 Fossil: 14357921 Portal: 34222645
[18:45:37] [Server thread/INFO]: Tile Max Tick Time: 50ms Entity max Tick Time: 50ms
[18:45:37] [Server thread/INFO]: Max TNT Explosions: 100
[18:45:37] [Server thread/INFO]: -------- World Settings For [world_nether] --------
[18:45:37] [Server thread/INFO]: Item Despawn Rate: 6000
[18:45:37] [Server thread/INFO]: Item Merge Radius: 2.5
[18:45:37] [Server thread/INFO]: View Distance: 10
[18:45:37] [Server thread/INFO]: Simulation Distance: 10
[18:45:37] [Server thread/INFO]: Nerfing mobs spawned from spawners: false
[18:45:37] [Server thread/INFO]: Allow Zombie Pigmen to spawn from portal blocks: true
[18:45:37] [Server thread/INFO]: Zombie Aggressive Towards Villager: true
[18:45:37] [Server thread/INFO]: Arrow Despawn Rate: 1200 Trident Respawn Rate:1200
[18:45:37] [Server thread/INFO]: Experience Merge Radius: 3.0
[18:45:37] [Server thread/INFO]: Cactus Growth Modifier: 100%
[18:45:37] [Server thread/INFO]: Cane Growth Modifier: 100%
[18:45:37] [Server thread/INFO]: Melon Growth Modifier: 100%
[18:45:37] [Server thread/INFO]: Mushroom Growth Modifier: 100%
[18:45:37] [Server thread/INFO]: Pumpkin Growth Modifier: 100%
[18:45:37] [Server thread/INFO]: Sapling Growth Modifier: 100%
[18:45:37] [Server thread/INFO]: Beetroot Growth Modifier: 100%
[18:45:37] [Server thread/INFO]: Carrot Growth Modifier: 100%
[18:45:37] [Server thread/INFO]: Potato Growth Modifier: 100%
[18:45:37] [Server thread/INFO]: Wheat Growth Modifier: 100%
[18:45:37] [Server thread/INFO]: NetherWart Growth Modifier: 100%
[18:45:37] [Server thread/INFO]: Vine Growth Modifier: 100%
[18:45:37] [Server thread/INFO]: Cocoa Growth Modifier: 100%
[18:45:37] [Server thread/INFO]: Bamboo Growth Modifier: 100%
[18:45:37] [Server thread/INFO]: SweetBerry Growth Modifier: 100%
[18:45:37] [Server thread/INFO]: Kelp Growth Modifier: 100%
[18:45:37] [Server thread/INFO]: TwistingVines Growth Modifier: 100%
[18:45:37] [Server thread/INFO]: WeepingVines Growth Modifier: 100%
[18:45:37] [Server thread/INFO]: CaveVines Growth Modifier: 100%
[18:45:37] [Server thread/INFO]: Mob Spawn Range: 6
[18:45:37] [Server thread/INFO]: Entity Tracking Range: Pl 48 / An 48 / Mo 48 / Mi 32 / Other 64
[18:45:37] [Server thread/INFO]: Entity Activation Range: An 32 / Mo 32 / Ra 48 / Mi 16 / Tiv true / Isa false
[18:45:37] [Server thread/INFO]: Hopper Transfer: 8 Hopper Check: 1 Hopper Amount: 1 Hopper Can Load Chunks: false
[18:45:37] [Server thread/INFO]: Custom Map Seeds:  Village: 10387312 Desert: 14357617 Igloo: 14357618 Jungle: 14357619 Swamp: 14357620 Monument: 10387313 Ocean: 14357621 Shipwreck: 165745295 End City: 10387313 Slime: 987234911 Nether: 30084232 Mansion: 10387319 Fossil: 14357921 Portal: 34222645
[18:45:37] [Server thread/INFO]: Tile Max Tick Time: 50ms Entity max Tick Time: 50ms
[18:45:37] [Server thread/INFO]: Max TNT Explosions: 100
[18:45:37] [Server thread/INFO]: -------- World Settings For [world_the_end] --------
[18:45:37] [Server thread/INFO]: Item Despawn Rate: 6000
[18:45:37] [Server thread/INFO]: Item Merge Radius: 2.5
[18:45:37] [Server thread/INFO]: View Distance: 10
[18:45:37] [Server thread/INFO]: Simulation Distance: 10
[18:45:37] [Server thread/INFO]: Nerfing mobs spawned from spawners: false
[18:45:37] [Server thread/INFO]: Allow Zombie Pigmen to spawn from portal blocks: true
[18:45:37] [Server thread/INFO]: Zombie Aggressive Towards Villager: true
[18:45:37] [Server thread/INFO]: Arrow Despawn Rate: 1200 Trident Respawn Rate:1200
[18:45:37] [Server thread/INFO]: Experience Merge Radius: 3.0
[18:45:37] [Server thread/INFO]: Cactus Growth Modifier: 100%
[18:45:37] [Server thread/INFO]: Cane Growth Modifier: 100%
[18:45:37] [Server thread/INFO]: Melon Growth Modifier: 100%
[18:45:37] [Server thread/INFO]: Mushroom Growth Modifier: 100%
[18:45:37] [Server thread/INFO]: Pumpkin Growth Modifier: 100%
[18:45:37] [Server thread/INFO]: Sapling Growth Modifier: 100%
[18:45:37] [Server thread/INFO]: Beetroot Growth Modifier: 100%
[18:45:37] [Server thread/INFO]: Carrot Growth Modifier: 100%
[18:45:37] [Server thread/INFO]: Potato Growth Modifier: 100%
[18:45:37] [Server thread/INFO]: Wheat Growth Modifier: 100%
[18:45:37] [Server thread/INFO]: NetherWart Growth Modifier: 100%
[18:45:37] [Server thread/INFO]: Vine Growth Modifier: 100%
[18:45:37] [Server thread/INFO]: Cocoa Growth Modifier: 100%
[18:45:37] [Server thread/INFO]: Bamboo Growth Modifier: 100%
[18:45:37] [Server thread/INFO]: SweetBerry Growth Modifier: 100%
[18:45:37] [Server thread/INFO]: Kelp Growth Modifier: 100%
[18:45:37] [Server thread/INFO]: TwistingVines Growth Modifier: 100%
[18:45:37] [Server thread/INFO]: WeepingVines Growth Modifier: 100%
[18:45:37] [Server thread/INFO]: CaveVines Growth Modifier: 100%
[18:45:37] [Server thread/INFO]: Mob Spawn Range: 6
[18:45:37] [Server thread/INFO]: Entity Tracking Range: Pl 48 / An 48 / Mo 48 / Mi 32 / Other 64
[18:45:37] [Server thread/INFO]: Entity Activation Range: An 32 / Mo 32 / Ra 48 / Mi 16 / Tiv true / Isa false
[18:45:37] [Server thread/INFO]: Hopper Transfer: 8 Hopper Check: 1 Hopper Amount: 1 Hopper Can Load Chunks: false
[18:45:37] [Server thread/INFO]: Custom Map Seeds:  Village: 10387312 Desert: 14357617 Igloo: 14357618 Jungle: 14357619 Swamp: 14357620 Monument: 10387313 Ocean: 14357621 Shipwreck: 165745295 End City: 10387313 Slime: 987234911 Nether: 30084232 Mansion: 10387319 Fossil: 14357921 Portal: 34222645
[18:45:37] [Server thread/INFO]: Tile Max Tick Time: 50ms Entity max Tick Time: 50ms
[18:45:37] [Server thread/INFO]: Max TNT Explosions: 100
[18:45:37] [Server thread/INFO]: Preparing start region for dimension minecraft:overworld
[18:45:38] [Worker-Main-5/INFO]: Preparing spawn area: 0%
[18:45:38] [Worker-Main-10/INFO]: Preparing spawn area: 0%
[18:45:38] [Worker-Main-5/INFO]: Preparing spawn area: 0%
[18:45:39] [Worker-Main-16/INFO]: Preparing spawn area: 89%
[18:45:39] [Server thread/INFO]: Time elapsed: 1519 ms
[18:45:39] [Server thread/INFO]: Preparing start region for dimension minecraft:the_nether
[18:45:39] [Worker-Main-6/INFO]: Preparing spawn area: 0%
[18:45:39] [Worker-Main-20/INFO]: Preparing spawn area: 0%
[18:45:40] [Worker-Main-3/INFO]: Preparing spawn area: 86%
[18:45:40] [Server thread/INFO]: Time elapsed: 1024 ms
[18:45:40] [Server thread/INFO]: Preparing start region for dimension minecraft:the_end
[18:45:40] [Worker-Main-8/INFO]: Preparing spawn area: 0%
[18:45:40] [Worker-Main-8/INFO]: Preparing spawn area: 0%
[18:45:41] [Server thread/INFO]: Time elapsed: 792 ms
[18:45:41] [Server thread/INFO]: [RSBundler] Enabling RSBundler vstable-3.33.27
[18:45:41] [Server thread/INFO]: [RSBundler] Server is working!
[18:45:41] [Server thread/INFO]: [RSHunter] Enabling RSHunter v1.0.0
[18:45:41] [Server thread/INFO]: [ViaVersion] Enabling ViaVersion v4.4.2
[18:45:41] [Server thread/INFO]: [RSSMP] Enabling RSSMP v1.0.0
[18:45:41] [Server thread/WARN]: [RSSMP] Loaded class net.itsrelizc.players.Grouping from RSBundler vstable-3.33.27 which is not a depend or softdepend of this plugin.
[18:45:41] [Server thread/INFO]: Server permissions file permissions.yml is empty, ignoring it
[18:45:41] [Server thread/INFO]: Done (3.732s)! For help, type "help"
[18:45:41] [Server thread/INFO]: [ViaVersion] ViaVersion detected server version: 1.19.1/2 (760)
[18:45:41] [Server thread/WARN]: [ViaVersion] ViaVersion does not have any compatible versions for this server version!
[18:45:41] [Server thread/WARN]: [ViaVersion] Please remember that ViaVersion only adds support for versions newer than the server version.
[18:45:41] [Server thread/WARN]: [ViaVersion] If you need support for older versions you may need to use one or more ViaVersion addons too.
[18:45:41] [Server thread/WARN]: [ViaVersion] In that case please read the ViaVersion resource page carefully or use https://jo0001.github.io/ViaSetup
[18:45:41] [Server thread/WARN]: [ViaVersion] and if you're still unsure, feel free to join our Discord-Server for further assistance.
[18:45:41] [Server thread/INFO]: [ViaVersion] Finished mapping loading, shutting down loader executor!
[18:45:42] [Server thread/WARN]: [ViaVersion] There is a newer plugin version available: 4.7.0, you're on: 4.4.2
[18:46:01] [User Authenticator #1/INFO]: UUID of player Relizc is 9fec5a8f-aaf8-39ec-aac7-7f66ae531d4c
[18:46:01] [Server thread/INFO]: Relizc joined the SMP! (1 player)
[18:46:01] [Server thread/INFO]: Relizc[/127.0.0.1:49788] logged in with entity id 195 at ([world]3778.7168451132948, 123.0, 4049.7168120023016)
[18:46:08] [Server thread/INFO]: Relizc issued server command: /l
[18:46:15] [Server thread/INFO]: Relizc issued server command: /l
[18:46:16] [Server thread/INFO]: Relizc issued server command: /l
[18:46:17] [Server thread/INFO]: Relizc issued server command: /l
[18:46:17] [Server thread/INFO]: Relizc issued server command: /l
[18:46:17] [Server thread/INFO]: Relizc issued server command: /l
[18:46:17] [Server thread/INFO]: Relizc issued server command: /l
[18:46:17] [Server thread/INFO]: Relizc issued server command: /l
[18:46:17] [Server thread/INFO]: Relizc issued server command: /l
[18:46:18] [Server thread/INFO]: Relizc issued server command: /l
[18:46:18] [Server thread/INFO]: Relizc issued server command: /l
[18:46:18] [Server thread/INFO]: Relizc issued server command: /l
[18:46:18] [Server thread/INFO]: Relizc issued server command: /l
[18:46:18] [Server thread/INFO]: Relizc issued server command: /l
[18:46:19] [Server thread/INFO]: Relizc issued server command: /menu1
[18:46:25] [Server thread/INFO]: Relizc lost connection: Disconnected
[18:46:25] [Server thread/INFO]: Relizc left the SMP! (0 player)
[18:48:56] [User Authenticator #2/INFO]: UUID of player Relizc is 9fec5a8f-aaf8-39ec-aac7-7f66ae531d4c
[18:48:56] [Server thread/INFO]: Relizc joined the SMP! (1 player)
[18:48:56] [Server thread/INFO]: Relizc[/127.0.0.1:51040] logged in with entity id 408 at ([world]3776.6116230763882, 122.0, 4047.699999988079)
[18:49:07] [Server thread/INFO]: Relizc issued server command: /gamemode spectator
[18:49:07] [Server thread/INFO]: [Relizc: Set own game mode to Spectator Mode]
[18:49:10] [Server thread/INFO]: Relizc issued server command: /gamemode survival
[18:49:10] [Server thread/INFO]: [Relizc: Set own game mode to Survival Mode]
[18:49:22] [Server thread/INFO]: Relizc issued server command: /gamemode spectator
[18:49:22] [Server thread/INFO]: [Relizc: Set own game mode to Spectator Mode]
[18:49:22] [Server thread/INFO]: Relizc issued server command: /gamemode survival
[18:49:22] [Server thread/INFO]: [Relizc: Set own game mode to Survival Mode]
[18:50:28] [Server thread/INFO]: Relizc fell from a high place
[18:53:51] [Server thread/INFO]: Relizc issued server command: /give @p white_bed
[18:53:51] [Server thread/INFO]: [Relizc: Gave 1 [White Bed] to Relizc]
[18:54:27] [Server thread/INFO]: Relizc issued server command: /time set day
[18:54:27] [Server thread/INFO]: [Relizc: Set the time to 1000]
[18:54:29] [Server thread/INFO]: Relizc issued server command: /give @p chest
[18:54:29] [Server thread/INFO]: [Relizc: Gave 1 [Chest] to Relizc]
[18:55:12] [Server thread/INFO]: Relizc issued server command: /gamemode spectator
[18:55:12] [Server thread/INFO]: [Relizc: Set own game mode to Spectator Mode]
[18:55:20] [Server thread/INFO]: Relizc issued server command: /l
[18:55:24] [Server thread/INFO]: Relizc issued server command: /menu1
[18:55:26] [Server thread/INFO]: Relizc lost connection: Disconnected
[18:55:26] [Server thread/INFO]: Relizc left the SMP! (0 player)
[19:22:01] [Server thread/INFO]: Stopping server
[19:22:01] [Server thread/INFO]: [RSSMP] Disabling RSSMP v1.0.0
[19:22:01] [Server thread/INFO]: [RSSMP] Saving and Copying world
[19:22:01] [Server thread/INFO]: [RSSMP] Saving and Copying world_nether
[19:22:01] [Server thread/INFO]: [RSSMP] Saving and Copying world_the_end
[19:22:01] [Server thread/INFO]: [RSSMP] All worlds saved! to templates for later loading
[19:22:01] [Server thread/INFO]: [ViaVersion] Disabling ViaVersion v4.4.2
[19:22:01] [Server thread/INFO]: [ViaVersion] ViaVersion is disabling, if this is a reload and you experience issues consider rebooting.
[19:22:01] [Server thread/INFO]: [RSHunter] Disabling RSHunter v1.0.0
[19:22:01] [Server thread/INFO]: [RSBundler] Disabling RSBundler vstable-3.33.27
[19:22:01] [Server thread/INFO]: Saving players
[19:22:01] [Server thread/INFO]: Saving worlds
[19:22:02] [Server thread/INFO]: Saving chunks for level 'ServerLevel[world]'/minecraft:overworld
[19:22:02] [Server thread/INFO]: ThreadedAnvilChunkStorage (world): All chunks are saved
[19:22:02] [Server thread/INFO]: ThreadedAnvilChunkStorage: All dimensions are saved
