[21:42:17] [ServerMain/INFO]: Building unoptimized datafixer
[21:42:17] [ServerMain/INFO]: Environment: authHost='https://authserver.mojang.com', accountsHost='https://api.mojang.com', sessionHost='https://sessionserver.mojang.com', servicesHost='https://api.minecraftservices.com', name='PROD'
[21:42:18] [ServerMain/INFO]: Loaded 7 recipes
[21:42:18] [Server thread/INFO]: Starting minecraft server version 1.19.2
[21:42:18] [Server thread/INFO]: Loading properties
[21:42:18] [Server thread/INFO]: This server is running CraftBukkit version 3610-Spigot-6198b5a-19df23a (MC: 1.19.2) (Implementing API version 1.19.2-R0.1-SNAPSHOT)
[21:42:18] [Server thread/INFO]: Debug logging is disabled
[21:42:18] [Server thread/INFO]: Server Ping Player Sample Count: 12
[21:42:18] [Server thread/INFO]: Using 4 threads for Netty based IO
[21:42:18] [Server thread/INFO]: Default game type: SURVIVAL
[21:42:18] [Server thread/INFO]: Generating keypair
[21:42:18] [Server thread/INFO]: Starting Minecraft server on 127.0.0.1:19391
[21:42:18] [Server thread/INFO]: Using default channel type
[21:42:19] [Server thread/WARN]: [RSHunter] Loaded class net.itsrelizc.commands.IBaseCommand from RSBundler vstable-3.33.27 which is not a depend or softdepend of this plugin.
[21:42:19] [Server thread/INFO]: [RSBundler] Loading RSBundler vstable-3.33.27
[21:42:19] [Server thread/INFO]: [RSHunter] Loading RSHunter v1.0.0
[21:42:19] [Server thread/INFO]: [ViaVersion] Loading ViaVersion v4.4.2
[21:42:19] [Server thread/INFO]: [ViaVersion] ViaVersion 4.4.2 is now loaded, injecting!
[21:42:19] [Via-Mappingloader-0/INFO]: [ViaVersion] Loading 1.12 -> 1.13 mappings...
[21:42:19] [Via-Mappingloader-1/INFO]: [ViaVersion] Loading 1.13 -> 1.13.2 mappings...
[21:42:19] [Via-Mappingloader-2/INFO]: [ViaVersion] Loading 1.13.2 -> 1.14 mappings...
[21:42:19] [Via-Mappingloader-3/INFO]: [ViaVersion] Loading 1.14 -> 1.15 mappings...
[21:42:19] [Via-Mappingloader-4/INFO]: [ViaVersion] Loading 1.15 -> 1.16 mappings...
[21:42:19] [Via-Mappingloader-5/INFO]: [ViaVersion] Loading 1.16 -> 1.16.2 mappings...
[21:42:19] [Via-Mappingloader-6/INFO]: [ViaVersion] Loading 1.16.2 -> 1.17 mappings...
[21:42:19] [Via-Mappingloader-7/INFO]: [ViaVersion] Loading 1.17 -> 1.18 mappings...
[21:42:19] [Via-Mappingloader-0/INFO]: [ViaVersion] Loading block connection mappings ...
[21:42:19] [Via-Mappingloader-1/INFO]: [ViaVersion] Loading 1.18 -> 1.19 mappings...
[21:42:19] [Server thread/INFO]: [RSSMP] Loading RSSMP v1.0.0
[21:42:19] [Server thread/WARN]: **** SERVER IS RUNNING IN OFFLINE/INSECURE MODE!
[21:42:19] [Server thread/WARN]: The server will make no attempt to authenticate usernames. Beware.
[21:42:19] [Server thread/WARN]: While this makes the game possible to play without internet access, it also opens up the ability for hackers to connect with any username they choose.
[21:42:19] [Server thread/WARN]: To change this, set "online-mode" to "true" in the server.properties file.
[21:42:19] [Server thread/INFO]: Preparing level "world"
[21:42:19] [Server thread/INFO]: -------- World Settings For [world] --------
[21:42:19] [Server thread/INFO]: Item Merge Radius: 2.5
[21:42:19] [Server thread/INFO]: Item Despawn Rate: 6000
[21:42:19] [Server thread/INFO]: View Distance: 10
[21:42:19] [Server thread/INFO]: Simulation Distance: 10
[21:42:19] [Server thread/INFO]: Allow Zombie Pigmen to spawn from portal blocks: true
[21:42:19] [Server thread/INFO]: Zombie Aggressive Towards Villager: true
[21:42:19] [Server thread/INFO]: Arrow Despawn Rate: 1200 Trident Respawn Rate:1200
[21:42:19] [Server thread/INFO]: Nerfing mobs spawned from spawners: false
[21:42:19] [Server thread/INFO]: Cactus Growth Modifier: 100%
[21:42:19] [Server thread/INFO]: Cane Growth Modifier: 100%
[21:42:19] [Server thread/INFO]: Melon Growth Modifier: 100%
[21:42:19] [Server thread/INFO]: Mushroom Growth Modifier: 100%
[21:42:19] [Server thread/INFO]: Pumpkin Growth Modifier: 100%
[21:42:19] [Server thread/INFO]: Sapling Growth Modifier: 100%
[21:42:19] [Server thread/INFO]: Beetroot Growth Modifier: 100%
[21:42:19] [Server thread/INFO]: Carrot Growth Modifier: 100%
[21:42:19] [Server thread/INFO]: Potato Growth Modifier: 100%
[21:42:19] [Server thread/INFO]: Wheat Growth Modifier: 100%
[21:42:19] [Server thread/INFO]: NetherWart Growth Modifier: 100%
[21:42:19] [Server thread/INFO]: Vine Growth Modifier: 100%
[21:42:19] [Server thread/INFO]: Cocoa Growth Modifier: 100%
[21:42:19] [Server thread/INFO]: Bamboo Growth Modifier: 100%
[21:42:19] [Server thread/INFO]: SweetBerry Growth Modifier: 100%
[21:42:19] [Server thread/INFO]: Kelp Growth Modifier: 100%
[21:42:19] [Server thread/INFO]: TwistingVines Growth Modifier: 100%
[21:42:19] [Server thread/INFO]: WeepingVines Growth Modifier: 100%
[21:42:19] [Server thread/INFO]: CaveVines Growth Modifier: 100%
[21:42:19] [Server thread/INFO]: Mob Spawn Range: 6
[21:42:19] [Server thread/INFO]: Experience Merge Radius: 3.0
[21:42:19] [Server thread/INFO]: Hopper Transfer: 8 Hopper Check: 1 Hopper Amount: 1 Hopper Can Load Chunks: false
[21:42:19] [Server thread/INFO]: Entity Tracking Range: Pl 48 / An 48 / Mo 48 / Mi 32 / Other 64
[21:42:19] [Server thread/INFO]: Entity Activation Range: An 32 / Mo 32 / Ra 48 / Mi 16 / Tiv true / Isa false
[21:42:19] [Server thread/INFO]: Custom Map Seeds:  Village: 10387312 Desert: 14357617 Igloo: 14357618 Jungle: 14357619 Swamp: 14357620 Monument: 10387313 Ocean: 14357621 Shipwreck: 165745295 End City: 10387313 Slime: 987234911 Nether: 30084232 Mansion: 10387319 Fossil: 14357921 Portal: 34222645
[21:42:19] [Server thread/INFO]: Max TNT Explosions: 100
[21:42:19] [Server thread/INFO]: Tile Max Tick Time: 50ms Entity max Tick Time: 50ms
[21:42:19] [Server thread/INFO]: -------- World Settings For [world_nether] --------
[21:42:19] [Server thread/INFO]: Item Merge Radius: 2.5
[21:42:19] [Server thread/INFO]: Item Despawn Rate: 6000
[21:42:19] [Server thread/INFO]: View Distance: 10
[21:42:19] [Server thread/INFO]: Simulation Distance: 10
[21:42:19] [Server thread/INFO]: Allow Zombie Pigmen to spawn from portal blocks: true
[21:42:19] [Server thread/INFO]: Zombie Aggressive Towards Villager: true
[21:42:19] [Server thread/INFO]: Arrow Despawn Rate: 1200 Trident Respawn Rate:1200
[21:42:19] [Server thread/INFO]: Nerfing mobs spawned from spawners: false
[21:42:19] [Server thread/INFO]: Cactus Growth Modifier: 100%
[21:42:19] [Server thread/INFO]: Cane Growth Modifier: 100%
[21:42:19] [Server thread/INFO]: Melon Growth Modifier: 100%
[21:42:19] [Server thread/INFO]: Mushroom Growth Modifier: 100%
[21:42:19] [Server thread/INFO]: Pumpkin Growth Modifier: 100%
[21:42:19] [Server thread/INFO]: Sapling Growth Modifier: 100%
[21:42:19] [Server thread/INFO]: Beetroot Growth Modifier: 100%
[21:42:19] [Server thread/INFO]: Carrot Growth Modifier: 100%
[21:42:19] [Server thread/INFO]: Potato Growth Modifier: 100%
[21:42:19] [Server thread/INFO]: Wheat Growth Modifier: 100%
[21:42:19] [Server thread/INFO]: NetherWart Growth Modifier: 100%
[21:42:19] [Server thread/INFO]: Vine Growth Modifier: 100%
[21:42:19] [Server thread/INFO]: Cocoa Growth Modifier: 100%
[21:42:19] [Server thread/INFO]: Bamboo Growth Modifier: 100%
[21:42:19] [Server thread/INFO]: SweetBerry Growth Modifier: 100%
[21:42:19] [Server thread/INFO]: Kelp Growth Modifier: 100%
[21:42:19] [Server thread/INFO]: TwistingVines Growth Modifier: 100%
[21:42:19] [Server thread/INFO]: WeepingVines Growth Modifier: 100%
[21:42:19] [Server thread/INFO]: CaveVines Growth Modifier: 100%
[21:42:19] [Server thread/INFO]: Mob Spawn Range: 6
[21:42:19] [Server thread/INFO]: Experience Merge Radius: 3.0
[21:42:19] [Server thread/INFO]: Hopper Transfer: 8 Hopper Check: 1 Hopper Amount: 1 Hopper Can Load Chunks: false
[21:42:19] [Server thread/INFO]: Entity Tracking Range: Pl 48 / An 48 / Mo 48 / Mi 32 / Other 64
[21:42:19] [Server thread/INFO]: Entity Activation Range: An 32 / Mo 32 / Ra 48 / Mi 16 / Tiv true / Isa false
[21:42:19] [Server thread/INFO]: Custom Map Seeds:  Village: 10387312 Desert: 14357617 Igloo: 14357618 Jungle: 14357619 Swamp: 14357620 Monument: 10387313 Ocean: 14357621 Shipwreck: 165745295 End City: 10387313 Slime: 987234911 Nether: 30084232 Mansion: 10387319 Fossil: 14357921 Portal: 34222645
[21:42:19] [Server thread/INFO]: Max TNT Explosions: 100
[21:42:19] [Server thread/INFO]: Tile Max Tick Time: 50ms Entity max Tick Time: 50ms
[21:42:19] [Server thread/INFO]: -------- World Settings For [world_the_end] --------
[21:42:19] [Server thread/INFO]: Item Merge Radius: 2.5
[21:42:19] [Server thread/INFO]: Item Despawn Rate: 6000
[21:42:19] [Server thread/INFO]: View Distance: 10
[21:42:19] [Server thread/INFO]: Simulation Distance: 10
[21:42:19] [Server thread/INFO]: Allow Zombie Pigmen to spawn from portal blocks: true
[21:42:19] [Server thread/INFO]: Zombie Aggressive Towards Villager: true
[21:42:19] [Server thread/INFO]: Arrow Despawn Rate: 1200 Trident Respawn Rate:1200
[21:42:19] [Server thread/INFO]: Nerfing mobs spawned from spawners: false
[21:42:19] [Server thread/INFO]: Cactus Growth Modifier: 100%
[21:42:19] [Server thread/INFO]: Cane Growth Modifier: 100%
[21:42:19] [Server thread/INFO]: Melon Growth Modifier: 100%
[21:42:19] [Server thread/INFO]: Mushroom Growth Modifier: 100%
[21:42:19] [Server thread/INFO]: Pumpkin Growth Modifier: 100%
[21:42:19] [Server thread/INFO]: Sapling Growth Modifier: 100%
[21:42:19] [Server thread/INFO]: Beetroot Growth Modifier: 100%
[21:42:19] [Server thread/INFO]: Carrot Growth Modifier: 100%
[21:42:19] [Server thread/INFO]: Potato Growth Modifier: 100%
[21:42:19] [Server thread/INFO]: Wheat Growth Modifier: 100%
[21:42:19] [Server thread/INFO]: NetherWart Growth Modifier: 100%
[21:42:19] [Server thread/INFO]: Vine Growth Modifier: 100%
[21:42:19] [Server thread/INFO]: Cocoa Growth Modifier: 100%
[21:42:19] [Server thread/INFO]: Bamboo Growth Modifier: 100%
[21:42:19] [Server thread/INFO]: SweetBerry Growth Modifier: 100%
[21:42:19] [Server thread/INFO]: Kelp Growth Modifier: 100%
[21:42:19] [Server thread/INFO]: TwistingVines Growth Modifier: 100%
[21:42:19] [Server thread/INFO]: WeepingVines Growth Modifier: 100%
[21:42:19] [Server thread/INFO]: CaveVines Growth Modifier: 100%
[21:42:19] [Server thread/INFO]: Mob Spawn Range: 6
[21:42:19] [Server thread/INFO]: Experience Merge Radius: 3.0
[21:42:19] [Server thread/INFO]: Hopper Transfer: 8 Hopper Check: 1 Hopper Amount: 1 Hopper Can Load Chunks: false
[21:42:19] [Server thread/INFO]: Entity Tracking Range: Pl 48 / An 48 / Mo 48 / Mi 32 / Other 64
[21:42:19] [Server thread/INFO]: Entity Activation Range: An 32 / Mo 32 / Ra 48 / Mi 16 / Tiv true / Isa false
[21:42:19] [Server thread/INFO]: Custom Map Seeds:  Village: 10387312 Desert: 14357617 Igloo: 14357618 Jungle: 14357619 Swamp: 14357620 Monument: 10387313 Ocean: 14357621 Shipwreck: 165745295 End City: 10387313 Slime: 987234911 Nether: 30084232 Mansion: 10387319 Fossil: 14357921 Portal: 34222645
[21:42:19] [Server thread/INFO]: Max TNT Explosions: 100
[21:42:19] [Server thread/INFO]: Tile Max Tick Time: 50ms Entity max Tick Time: 50ms
[21:42:19] [Server thread/INFO]: Preparing start region for dimension minecraft:overworld
[21:42:20] [Worker-Main-15/INFO]: Preparing spawn area: 0%
[21:42:20] [Worker-Main-15/INFO]: Preparing spawn area: 0%
[21:42:20] [Worker-Main-2/INFO]: Preparing spawn area: 0%
[21:42:21] [Worker-Main-25/INFO]: Preparing spawn area: 34%
[21:42:21] [Server thread/INFO]: Time elapsed: 1699 ms
[21:42:21] [Server thread/INFO]: Preparing start region for dimension minecraft:the_nether
[21:42:22] [Worker-Main-6/INFO]: Preparing spawn area: 0%
[21:42:22] [Worker-Main-12/INFO]: Preparing spawn area: 0%
[21:42:22] [Worker-Main-20/INFO]: Preparing spawn area: 61%
[21:42:22] [Server thread/INFO]: Time elapsed: 1085 ms
[21:42:22] [Server thread/INFO]: Preparing start region for dimension minecraft:the_end
[21:42:23] [Worker-Main-12/INFO]: Preparing spawn area: 0%
[21:42:23] [Worker-Main-12/INFO]: Preparing spawn area: 0%
[21:42:23] [Server thread/INFO]: Time elapsed: 886 ms
[21:42:23] [Server thread/INFO]: [RSBundler] Enabling RSBundler vstable-3.33.27
[21:42:23] [Server thread/INFO]: [RSBundler] Server is working!
[21:42:23] [Server thread/INFO]: [RSHunter] Enabling RSHunter v1.0.0
[21:42:23] [Server thread/INFO]: [ViaVersion] Enabling ViaVersion v4.4.2
[21:42:23] [Server thread/INFO]: [RSSMP] Enabling RSSMP v1.0.0
[21:42:23] [Server thread/WARN]: [RSSMP] Loaded class net.itsrelizc.players.Grouping from RSBundler vstable-3.33.27 which is not a depend or softdepend of this plugin.
[21:42:23] [Server thread/INFO]: Server permissions file permissions.yml is empty, ignoring it
[21:42:23] [Server thread/INFO]: Done (4.051s)! For help, type "help"
[21:42:23] [Server thread/INFO]: [ViaVersion] ViaVersion detected server version: 1.19.1/2 (760)
[21:42:23] [Server thread/WARN]: [ViaVersion] ViaVersion does not have any compatible versions for this server version!
[21:42:23] [Server thread/WARN]: [ViaVersion] Please remember that ViaVersion only adds support for versions newer than the server version.
[21:42:23] [Server thread/WARN]: [ViaVersion] If you need support for older versions you may need to use one or more ViaVersion addons too.
[21:42:23] [Server thread/WARN]: [ViaVersion] In that case please read the ViaVersion resource page carefully or use https://jo0001.github.io/ViaSetup
[21:42:23] [Server thread/WARN]: [ViaVersion] and if you're still unsure, feel free to join our Discord-Server for further assistance.
[21:42:23] [Server thread/INFO]: [ViaVersion] Finished mapping loading, shutting down loader executor!
[21:42:24] [Server thread/WARN]: [ViaVersion] There is a newer plugin version available: 4.7.0, you're on: 4.4.2
[21:46:56] [User Authenticator #1/INFO]: UUID of player vaprah is 2cfc84cf-a05e-3059-a39b-7813b2d2dfe5
[21:46:56] [Server thread/INFO]: vaprah joined the SMP! (1 player)
[21:46:56] [Server thread/INFO]: vaprah[/127.0.0.1:51291] logged in with entity id 168 at ([world]-109.5, 68.0, 173.5)
[21:47:49] [Server thread/INFO]: vaprah has made the advancement [Monster Hunter]
[21:47:53] [Server thread/INFO]: vaprah lost connection: Disconnected
[21:47:53] [Server thread/INFO]: vaprah left the SMP! (0 player)
[21:47:59] [User Authenticator #2/INFO]: UUID of player Relizc is 9fec5a8f-aaf8-39ec-aac7-7f66ae531d4c
[21:47:59] [Server thread/INFO]: Relizc joined the SMP! (1 player)
[21:47:59] [Server thread/INFO]: Relizc[/127.0.0.1:51695] logged in with entity id 484 at ([world]3780.5116406003353, 122.48409999847412, 4050.522679924283)
[21:49:12] [User Authenticator #3/INFO]: UUID of player vaprah is 2cfc84cf-a05e-3059-a39b-7813b2d2dfe5
[21:49:12] [Server thread/INFO]: vaprah joined the SMP! (2 players)
[21:49:12] [Server thread/INFO]: vaprah[/127.0.0.1:52214] logged in with entity id 859 at ([world]-160.40441878129892, 64.0, 175.70163324316363)
[21:49:26] [Async Chat Thread - #0/INFO]: Loading localescheckcheckcheck[TRASH] vaprah: hi
[21:49:33] [Async Chat Thread - #0/INFO]: [OWNER] Relizc: ok
[21:49:47] [Server thread/INFO]: Relizc issued server command: /give vaprah minecraft:diamond_sword
[21:49:47] [Server thread/INFO]: [Relizc: Gave 1 [Diamond Sword] to vaprah]
[21:49:50] [Server thread/INFO]: Relizc issued server command: /give vaprah minecraft:iron_pickaxe
[21:49:50] [Server thread/INFO]: vaprah has made the advancement [Isn't It Iron Pick]
[21:49:50] [Server thread/INFO]: [Relizc: Gave 1 [Iron Pickaxe] to vaprah]
[21:49:56] [Server thread/INFO]: Relizc issued server command: /give vaprah minecraft:diamond
[21:49:56] [Server thread/INFO]: vaprah has made the advancement [Diamonds!]
[21:49:56] [Server thread/INFO]: [Relizc: Gave 1 [Diamond] to vaprah]
[21:50:08] [Server thread/INFO]: Relizc issued server command: /give vaprah minecraft:leather_chestplate
[21:50:08] [Server thread/INFO]: [Relizc: Gave 1 [Leather Tunic] to vaprah]
[21:50:11] [Async Chat Thread - #0/INFO]: [TRASH] vaprah: one diamond
[21:50:12] [Async Chat Thread - #0/INFO]: [TRASH] vaprah: ?
[21:50:23] [Async Chat Thread - #0/INFO]: [OWNER] Relizc: or else u look sus with a dia sword without the dia achievement
[21:50:31] [Async Chat Thread - #0/INFO]: [TRASH] vaprah: oh okay
[21:50:37] [Server thread/INFO]: Relizc issued server command: /give vaprah shield{
[21:50:38] [Server thread/INFO]: Relizc issued server command: /give vaprah shield
[21:50:38] [Server thread/INFO]: [Relizc: Gave 1 [Shield] to vaprah]
[21:50:42] [Async Chat Thread - #0/INFO]: [OWNER] Relizc: ok there u go
[21:50:50] [Async Chat Thread - #0/INFO]: [TRASH] vaprah: i had full leather
[21:51:00] [Async Chat Thread - #0/INFO]: [TRASH] vaprah: :D
[21:53:05] [Server thread/INFO]: vaprah lost connection: Disconnected
[21:53:05] [Server thread/INFO]: vaprah left the SMP! (1 player)
[21:56:43] [Server thread/INFO]: Relizc issued server command: /lobby
[21:57:03] [Server thread/INFO]: Relizc issued server command: /lobby
[21:57:04] [Server thread/INFO]: Relizc issued server command: /lobby
[21:57:04] [Server thread/INFO]: Relizc issued server command: /lobby
[21:57:04] [Server thread/INFO]: Relizc issued server command: /lobby
[21:57:04] [Server thread/INFO]: Relizc issued server command: /lobby
[21:57:05] [Server thread/INFO]: Relizc issued server command: /lobby
[21:57:05] [Server thread/INFO]: Relizc issued server command: /lobby
[21:57:05] [Server thread/INFO]: Relizc issued server command: /lobby
[21:57:07] [Server thread/INFO]: Relizc issued server command: /menu1
[21:57:09] [Server thread/INFO]: Relizc lost connection: Disconnected
[21:57:09] [Server thread/INFO]: Relizc left the SMP! (0 player)
[22:09:02] [User Authenticator #4/INFO]: UUID of player Relizc is 9fec5a8f-aaf8-39ec-aac7-7f66ae531d4c
[22:09:02] [Server thread/INFO]: Relizc joined the SMP! (1 player)
[22:09:02] [Server thread/INFO]: Relizc[/127.0.0.1:59545] logged in with entity id 2354 at ([world]3778.8661570599947, 121.0, 4056.0672905204838)
[22:16:42] [Server thread/INFO]: Relizc issued server command: /l
[22:16:52] [Server thread/INFO]: Relizc lost connection: Disconnected
[22:16:52] [Server thread/INFO]: Relizc left the SMP! (0 player)
[22:16:53] [Server thread/INFO]: Stopping server
[22:16:53] [Server thread/INFO]: [RSSMP] Disabling RSSMP v1.0.0
[22:16:53] [Server thread/INFO]: [RSSMP] Saving and Copying world
[22:16:53] [Server thread/INFO]: [RSSMP] Saving and Copying world_nether
[22:16:53] [Server thread/INFO]: [RSSMP] Saving and Copying world_the_end
[22:16:53] [Server thread/INFO]: [RSSMP] All worlds saved! to templates for later loading
[22:16:53] [Server thread/INFO]: [ViaVersion] Disabling ViaVersion v4.4.2
[22:16:53] [Server thread/INFO]: [ViaVersion] ViaVersion is disabling, if this is a reload and you experience issues consider rebooting.
[22:16:53] [Server thread/INFO]: [RSHunter] Disabling RSHunter v1.0.0
[22:16:53] [Server thread/INFO]: [RSBundler] Disabling RSBundler vstable-3.33.27
[22:16:53] [Server thread/INFO]: Saving players
[22:16:54] [Server thread/INFO]: Saving worlds
[22:16:54] [Server thread/INFO]: Saving chunks for level 'ServerLevel[world]'/minecraft:overworld
[22:16:54] [Server thread/INFO]: ThreadedAnvilChunkStorage (world): All chunks are saved
[22:16:54] [Server thread/INFO]: ThreadedAnvilChunkStorage: All dimensions are saved
