[18:43:58] [ServerMain/INFO]: Building unoptimized datafixer
[18:43:58] [ServerMain/INFO]: Environment: authHost='https://authserver.mojang.com', accountsHost='https://api.mojang.com', sessionHost='https://sessionserver.mojang.com', servicesHost='https://api.minecraftservices.com', name='PROD'
[18:43:59] [ServerMain/INFO]: Loaded 7 recipes
[18:43:59] [Server thread/INFO]: Starting minecraft server version 1.19.2
[18:43:59] [Server thread/INFO]: Loading properties
[18:43:59] [Server thread/INFO]: This server is running CraftBukkit version 3610-Spigot-6198b5a-19df23a (MC: 1.19.2) (Implementing API version 1.19.2-R0.1-SNAPSHOT)
[18:43:59] [Server thread/INFO]: Debug logging is disabled
[18:43:59] [Server thread/INFO]: Server Ping Player Sample Count: 12
[18:43:59] [Server thread/INFO]: Using 4 threads for Netty based IO
[18:43:59] [Server thread/INFO]: Default game type: SURVIVAL
[18:43:59] [Server thread/INFO]: Generating keypair
[18:43:59] [Server thread/INFO]: Starting Minecraft server on 127.0.0.1:20796
[18:43:59] [Server thread/INFO]: Using default channel type
[18:44:00] [Server thread/WARN]: [RSHunter] Loaded class net.itsrelizc.commands.IBaseCommand from RSBundler vstable-3.33.27 which is not a depend or softdepend of this plugin.
[18:44:00] [Server thread/INFO]: [RSBundler] Loading RSBundler vstable-3.33.27
[18:44:00] [Server thread/INFO]: [RSHunter] Loading RSHunter v1.0.0
[18:44:00] [Server thread/INFO]: [ViaVersion] Loading ViaVersion v4.4.2
[18:44:00] [Server thread/INFO]: [ViaVersion] ViaVersion 4.4.2 is now loaded, injecting!
[18:44:00] [Via-Mappingloader-0/INFO]: [ViaVersion] Loading 1.12 -> 1.13 mappings...
[18:44:00] [Via-Mappingloader-1/INFO]: [ViaVersion] Loading 1.13 -> 1.13.2 mappings...
[18:44:00] [Via-Mappingloader-2/INFO]: [ViaVersion] Loading 1.13.2 -> 1.14 mappings...
[18:44:00] [Via-Mappingloader-3/INFO]: [ViaVersion] Loading 1.14 -> 1.15 mappings...
[18:44:00] [Via-Mappingloader-4/INFO]: [ViaVersion] Loading 1.15 -> 1.16 mappings...
[18:44:00] [Via-Mappingloader-5/INFO]: [ViaVersion] Loading 1.16 -> 1.16.2 mappings...
[18:44:00] [Via-Mappingloader-6/INFO]: [ViaVersion] Loading 1.16.2 -> 1.17 mappings...
[18:44:00] [Via-Mappingloader-7/INFO]: [ViaVersion] Loading 1.17 -> 1.18 mappings...
[18:44:00] [Via-Mappingloader-0/INFO]: [ViaVersion] Loading block connection mappings ...
[18:44:00] [Via-Mappingloader-1/INFO]: [ViaVersion] Loading 1.18 -> 1.19 mappings...
[18:44:00] [Server thread/INFO]: [RSSMP] Loading RSSMP v1.0.0
[18:44:00] [Server thread/WARN]: **** SERVER IS RUNNING IN OFFLINE/INSECURE MODE!
[18:44:00] [Server thread/WARN]: The server will make no attempt to authenticate usernames. Beware.
[18:44:00] [Server thread/WARN]: While this makes the game possible to play without internet access, it also opens up the ability for hackers to connect with any username they choose.
[18:44:00] [Server thread/WARN]: To change this, set "online-mode" to "true" in the server.properties file.
[18:44:00] [Server thread/INFO]: Preparing level "world"
[18:44:00] [Server thread/INFO]: -------- World Settings For [world] --------
[18:44:00] [Server thread/INFO]: Item Merge Radius: 2.5
[18:44:00] [Server thread/INFO]: Item Despawn Rate: 6000
[18:44:00] [Server thread/INFO]: Simulation Distance: 10
[18:44:00] [Server thread/INFO]: View Distance: 10
[18:44:00] [Server thread/INFO]: Allow Zombie Pigmen to spawn from portal blocks: true
[18:44:00] [Server thread/INFO]: Zombie Aggressive Towards Villager: true
[18:44:00] [Server thread/INFO]: Nerfing mobs spawned from spawners: false
[18:44:00] [Server thread/INFO]: Arrow Despawn Rate: 1200 Trident Respawn Rate:1200
[18:44:00] [Server thread/INFO]: Cactus Growth Modifier: 100%
[18:44:00] [Server thread/INFO]: Cane Growth Modifier: 100%
[18:44:00] [Server thread/INFO]: Melon Growth Modifier: 100%
[18:44:00] [Server thread/INFO]: Mushroom Growth Modifier: 100%
[18:44:00] [Server thread/INFO]: Pumpkin Growth Modifier: 100%
[18:44:00] [Server thread/INFO]: Sapling Growth Modifier: 100%
[18:44:00] [Server thread/INFO]: Beetroot Growth Modifier: 100%
[18:44:00] [Server thread/INFO]: Carrot Growth Modifier: 100%
[18:44:00] [Server thread/INFO]: Potato Growth Modifier: 100%
[18:44:00] [Server thread/INFO]: Wheat Growth Modifier: 100%
[18:44:00] [Server thread/INFO]: NetherWart Growth Modifier: 100%
[18:44:00] [Server thread/INFO]: Vine Growth Modifier: 100%
[18:44:00] [Server thread/INFO]: Cocoa Growth Modifier: 100%
[18:44:00] [Server thread/INFO]: Bamboo Growth Modifier: 100%
[18:44:00] [Server thread/INFO]: SweetBerry Growth Modifier: 100%
[18:44:00] [Server thread/INFO]: Kelp Growth Modifier: 100%
[18:44:00] [Server thread/INFO]: TwistingVines Growth Modifier: 100%
[18:44:00] [Server thread/INFO]: WeepingVines Growth Modifier: 100%
[18:44:00] [Server thread/INFO]: CaveVines Growth Modifier: 100%
[18:44:00] [Server thread/INFO]: Experience Merge Radius: 3.0
[18:44:00] [Server thread/INFO]: Mob Spawn Range: 6
[18:44:00] [Server thread/INFO]: Entity Activation Range: An 32 / Mo 32 / Ra 48 / Mi 16 / Tiv true / Isa false
[18:44:00] [Server thread/INFO]: Entity Tracking Range: Pl 48 / An 48 / Mo 48 / Mi 32 / Other 64
[18:44:00] [Server thread/INFO]: Hopper Transfer: 8 Hopper Check: 1 Hopper Amount: 1 Hopper Can Load Chunks: false
[18:44:00] [Server thread/INFO]: Custom Map Seeds:  Village: 10387312 Desert: 14357617 Igloo: 14357618 Jungle: 14357619 Swamp: 14357620 Monument: 10387313 Ocean: 14357621 Shipwreck: 165745295 End City: 10387313 Slime: 987234911 Nether: 30084232 Mansion: 10387319 Fossil: 14357921 Portal: 34222645
[18:44:00] [Server thread/INFO]: Max TNT Explosions: 100
[18:44:00] [Server thread/INFO]: Tile Max Tick Time: 50ms Entity max Tick Time: 50ms
[18:44:00] [Server thread/INFO]: -------- World Settings For [world_nether] --------
[18:44:00] [Server thread/INFO]: Item Merge Radius: 2.5
[18:44:00] [Server thread/INFO]: Item Despawn Rate: 6000
[18:44:00] [Server thread/INFO]: Simulation Distance: 10
[18:44:00] [Server thread/INFO]: View Distance: 10
[18:44:00] [Server thread/INFO]: Allow Zombie Pigmen to spawn from portal blocks: true
[18:44:00] [Server thread/INFO]: Zombie Aggressive Towards Villager: true
[18:44:00] [Server thread/INFO]: Nerfing mobs spawned from spawners: false
[18:44:00] [Server thread/INFO]: Arrow Despawn Rate: 1200 Trident Respawn Rate:1200
[18:44:00] [Server thread/INFO]: Cactus Growth Modifier: 100%
[18:44:00] [Server thread/INFO]: Cane Growth Modifier: 100%
[18:44:00] [Server thread/INFO]: Melon Growth Modifier: 100%
[18:44:00] [Server thread/INFO]: Mushroom Growth Modifier: 100%
[18:44:00] [Server thread/INFO]: Pumpkin Growth Modifier: 100%
[18:44:00] [Server thread/INFO]: Sapling Growth Modifier: 100%
[18:44:00] [Server thread/INFO]: Beetroot Growth Modifier: 100%
[18:44:00] [Server thread/INFO]: Carrot Growth Modifier: 100%
[18:44:00] [Server thread/INFO]: Potato Growth Modifier: 100%
[18:44:00] [Server thread/INFO]: Wheat Growth Modifier: 100%
[18:44:00] [Server thread/INFO]: NetherWart Growth Modifier: 100%
[18:44:00] [Server thread/INFO]: Vine Growth Modifier: 100%
[18:44:00] [Server thread/INFO]: Cocoa Growth Modifier: 100%
[18:44:00] [Server thread/INFO]: Bamboo Growth Modifier: 100%
[18:44:00] [Server thread/INFO]: SweetBerry Growth Modifier: 100%
[18:44:00] [Server thread/INFO]: Kelp Growth Modifier: 100%
[18:44:00] [Server thread/INFO]: TwistingVines Growth Modifier: 100%
[18:44:00] [Server thread/INFO]: WeepingVines Growth Modifier: 100%
[18:44:00] [Server thread/INFO]: CaveVines Growth Modifier: 100%
[18:44:00] [Server thread/INFO]: Experience Merge Radius: 3.0
[18:44:00] [Server thread/INFO]: Mob Spawn Range: 6
[18:44:00] [Server thread/INFO]: Entity Activation Range: An 32 / Mo 32 / Ra 48 / Mi 16 / Tiv true / Isa false
[18:44:00] [Server thread/INFO]: Entity Tracking Range: Pl 48 / An 48 / Mo 48 / Mi 32 / Other 64
[18:44:00] [Server thread/INFO]: Hopper Transfer: 8 Hopper Check: 1 Hopper Amount: 1 Hopper Can Load Chunks: false
[18:44:00] [Server thread/INFO]: Custom Map Seeds:  Village: 10387312 Desert: 14357617 Igloo: 14357618 Jungle: 14357619 Swamp: 14357620 Monument: 10387313 Ocean: 14357621 Shipwreck: 165745295 End City: 10387313 Slime: 987234911 Nether: 30084232 Mansion: 10387319 Fossil: 14357921 Portal: 34222645
[18:44:00] [Server thread/INFO]: Max TNT Explosions: 100
[18:44:00] [Server thread/INFO]: Tile Max Tick Time: 50ms Entity max Tick Time: 50ms
[18:44:00] [Server thread/INFO]: -------- World Settings For [world_the_end] --------
[18:44:00] [Server thread/INFO]: Item Merge Radius: 2.5
[18:44:00] [Server thread/INFO]: Item Despawn Rate: 6000
[18:44:00] [Server thread/INFO]: Simulation Distance: 10
[18:44:00] [Server thread/INFO]: View Distance: 10
[18:44:00] [Server thread/INFO]: Allow Zombie Pigmen to spawn from portal blocks: true
[18:44:00] [Server thread/INFO]: Zombie Aggressive Towards Villager: true
[18:44:00] [Server thread/INFO]: Nerfing mobs spawned from spawners: false
[18:44:00] [Server thread/INFO]: Arrow Despawn Rate: 1200 Trident Respawn Rate:1200
[18:44:00] [Server thread/INFO]: Cactus Growth Modifier: 100%
[18:44:00] [Server thread/INFO]: Cane Growth Modifier: 100%
[18:44:00] [Server thread/INFO]: Melon Growth Modifier: 100%
[18:44:00] [Server thread/INFO]: Mushroom Growth Modifier: 100%
[18:44:00] [Server thread/INFO]: Pumpkin Growth Modifier: 100%
[18:44:00] [Server thread/INFO]: Sapling Growth Modifier: 100%
[18:44:00] [Server thread/INFO]: Beetroot Growth Modifier: 100%
[18:44:00] [Server thread/INFO]: Carrot Growth Modifier: 100%
[18:44:00] [Server thread/INFO]: Potato Growth Modifier: 100%
[18:44:00] [Server thread/INFO]: Wheat Growth Modifier: 100%
[18:44:00] [Server thread/INFO]: NetherWart Growth Modifier: 100%
[18:44:00] [Server thread/INFO]: Vine Growth Modifier: 100%
[18:44:00] [Server thread/INFO]: Cocoa Growth Modifier: 100%
[18:44:00] [Server thread/INFO]: Bamboo Growth Modifier: 100%
[18:44:00] [Server thread/INFO]: SweetBerry Growth Modifier: 100%
[18:44:00] [Server thread/INFO]: Kelp Growth Modifier: 100%
[18:44:00] [Server thread/INFO]: TwistingVines Growth Modifier: 100%
[18:44:00] [Server thread/INFO]: WeepingVines Growth Modifier: 100%
[18:44:00] [Server thread/INFO]: CaveVines Growth Modifier: 100%
[18:44:00] [Server thread/INFO]: Experience Merge Radius: 3.0
[18:44:00] [Server thread/INFO]: Mob Spawn Range: 6
[18:44:00] [Server thread/INFO]: Entity Activation Range: An 32 / Mo 32 / Ra 48 / Mi 16 / Tiv true / Isa false
[18:44:00] [Server thread/INFO]: Entity Tracking Range: Pl 48 / An 48 / Mo 48 / Mi 32 / Other 64
[18:44:00] [Server thread/INFO]: Hopper Transfer: 8 Hopper Check: 1 Hopper Amount: 1 Hopper Can Load Chunks: false
[18:44:00] [Server thread/INFO]: Custom Map Seeds:  Village: 10387312 Desert: 14357617 Igloo: 14357618 Jungle: 14357619 Swamp: 14357620 Monument: 10387313 Ocean: 14357621 Shipwreck: 165745295 End City: 10387313 Slime: 987234911 Nether: 30084232 Mansion: 10387319 Fossil: 14357921 Portal: 34222645
[18:44:00] [Server thread/INFO]: Max TNT Explosions: 100
[18:44:00] [Server thread/INFO]: Tile Max Tick Time: 50ms Entity max Tick Time: 50ms
[18:44:00] [Server thread/INFO]: Preparing start region for dimension minecraft:overworld
[18:44:01] [Worker-Main-9/INFO]: Preparing spawn area: 0%
[18:44:01] [Worker-Main-9/INFO]: Preparing spawn area: 0%
[18:44:01] [Worker-Main-2/INFO]: Preparing spawn area: 0%
[18:44:02] [Worker-Main-12/INFO]: Preparing spawn area: 63%
[18:44:02] [Server thread/INFO]: Time elapsed: 1617 ms
[18:44:02] [Server thread/INFO]: Preparing start region for dimension minecraft:the_nether
[18:44:03] [Worker-Main-6/INFO]: Preparing spawn area: 0%
[18:44:03] [Worker-Main-6/INFO]: Preparing spawn area: 0%
[18:44:03] [Worker-Main-9/INFO]: Preparing spawn area: 65%
[18:44:03] [Server thread/INFO]: Time elapsed: 1070 ms
[18:44:03] [Server thread/INFO]: Preparing start region for dimension minecraft:the_end
[18:44:04] [Worker-Main-25/INFO]: Preparing spawn area: 0%
[18:44:04] [Worker-Main-18/INFO]: Preparing spawn area: 0%
[18:44:04] [Server thread/INFO]: Time elapsed: 760 ms
[18:44:04] [Server thread/INFO]: [RSBundler] Enabling RSBundler vstable-3.33.27
[18:44:04] [Server thread/INFO]: [RSBundler] Server is working!
[18:44:04] [Server thread/INFO]: [RSHunter] Enabling RSHunter v1.0.0
[18:44:04] [Server thread/INFO]: [ViaVersion] Enabling ViaVersion v4.4.2
[18:44:04] [Server thread/INFO]: [RSSMP] Enabling RSSMP v1.0.0
[18:44:04] [Server thread/WARN]: [RSSMP] Loaded class net.itsrelizc.players.Grouping from RSBundler vstable-3.33.27 which is not a depend or softdepend of this plugin.
[18:44:04] [Server thread/INFO]: Server permissions file permissions.yml is empty, ignoring it
[18:44:04] [Server thread/INFO]: Done (3.827s)! For help, type "help"
[18:44:04] [Server thread/INFO]: [ViaVersion] ViaVersion detected server version: 1.19.1/2 (760)
[18:44:04] [Server thread/WARN]: [ViaVersion] ViaVersion does not have any compatible versions for this server version!
[18:44:04] [Server thread/WARN]: [ViaVersion] Please remember that ViaVersion only adds support for versions newer than the server version.
[18:44:04] [Server thread/WARN]: [ViaVersion] If you need support for older versions you may need to use one or more ViaVersion addons too.
[18:44:04] [Server thread/WARN]: [ViaVersion] In that case please read the ViaVersion resource page carefully or use https://jo0001.github.io/ViaSetup
[18:44:04] [Server thread/WARN]: [ViaVersion] and if you're still unsure, feel free to join our Discord-Server for further assistance.
[18:44:04] [Server thread/INFO]: [ViaVersion] Finished mapping loading, shutting down loader executor!
[18:44:05] [Server thread/WARN]: [ViaVersion] There is a newer plugin version available: 4.7.0, you're on: 4.4.2
[18:44:55] [Craft Scheduler Thread - 31/WARN]: java.net.ConnectException: Connection refused: connect
[18:44:55] [Craft Scheduler Thread - 31/WARN]: 	at java.base/sun.nio.ch.Net.connect0(Native Method)
[18:44:55] [Craft Scheduler Thread - 31/WARN]: 	at java.base/sun.nio.ch.Net.connect(Net.java:579)
[18:44:55] [Craft Scheduler Thread - 31/WARN]: 	at java.base/sun.nio.ch.Net.connect(Net.java:568)
[18:44:55] [Craft Scheduler Thread - 31/WARN]: 	at java.base/sun.nio.ch.NioSocketImpl.connect(NioSocketImpl.java:588)
[18:44:55] [Craft Scheduler Thread - 31/WARN]: 	at java.base/java.net.SocksSocketImpl.connect(SocksSocketImpl.java:327)
[18:44:55] [Craft Scheduler Thread - 31/WARN]: 	at java.base/java.net.Socket.connect(Socket.java:633)
[18:44:55] [Craft Scheduler Thread - 31/WARN]: 	at java.base/java.net.Socket.connect(Socket.java:583)
[18:44:55] [Craft Scheduler Thread - 31/WARN]: 	at java.base/java.net.Socket.<init>(Socket.java:507)
[18:44:55] [Craft Scheduler Thread - 31/WARN]: 	at java.base/java.net.Socket.<init>(Socket.java:287)
[18:44:55] [Craft Scheduler Thread - 31/WARN]: 	at net.itsrelizc.networking.Communication.sendMessage(Communication.java:267)
[18:44:55] [Craft Scheduler Thread - 31/WARN]: 	at net.itsrelizc.networking.Communication$1.run(Communication.java:92)
[18:44:55] [Craft Scheduler Thread - 31/WARN]: 	at org.bukkit.craftbukkit.v1_19_R1.scheduler.CraftTask.run(CraftTask.java:82)
[18:44:55] [Craft Scheduler Thread - 31/WARN]: 	at org.bukkit.craftbukkit.v1_19_R1.scheduler.CraftAsyncTask.run(CraftAsyncTask.java:54)
[18:44:55] [Craft Scheduler Thread - 31/WARN]: 	at java.base/java.util.concurrent.ThreadPoolExecutor.runWorker(ThreadPoolExecutor.java:1136)
[18:44:55] [Craft Scheduler Thread - 31/WARN]: 	at java.base/java.util.concurrent.ThreadPoolExecutor$Worker.run(ThreadPoolExecutor.java:635)
[18:44:55] [Craft Scheduler Thread - 31/WARN]: 	at java.base/java.lang.Thread.run(Thread.java:833)
[18:44:56] [Craft Scheduler Thread - 31/WARN]: java.net.ConnectException: Connection refused: connect
[18:44:56] [Craft Scheduler Thread - 31/WARN]: 	at java.base/sun.nio.ch.Net.connect0(Native Method)
[18:44:56] [Craft Scheduler Thread - 31/WARN]: 	at java.base/sun.nio.ch.Net.connect(Net.java:579)
[18:44:56] [Craft Scheduler Thread - 31/WARN]: 	at java.base/sun.nio.ch.Net.connect(Net.java:568)
[18:44:56] [Craft Scheduler Thread - 31/WARN]: 	at java.base/sun.nio.ch.NioSocketImpl.connect(NioSocketImpl.java:588)
[18:44:56] [Craft Scheduler Thread - 31/WARN]: 	at java.base/java.net.SocksSocketImpl.connect(SocksSocketImpl.java:327)
[18:44:56] [Craft Scheduler Thread - 31/WARN]: 	at java.base/java.net.Socket.connect(Socket.java:633)
[18:44:56] [Craft Scheduler Thread - 31/WARN]: 	at java.base/java.net.Socket.connect(Socket.java:583)
[18:44:56] [Craft Scheduler Thread - 31/WARN]: 	at java.base/java.net.Socket.<init>(Socket.java:507)
[18:44:56] [Craft Scheduler Thread - 31/WARN]: 	at java.base/java.net.Socket.<init>(Socket.java:287)
[18:44:56] [Craft Scheduler Thread - 31/WARN]: 	at net.itsrelizc.networking.Communication.sendMessage(Communication.java:267)
[18:44:56] [Craft Scheduler Thread - 31/WARN]: 	at net.itsrelizc.networking.Communication$1.run(Communication.java:92)
[18:44:56] [Craft Scheduler Thread - 31/WARN]: 	at org.bukkit.craftbukkit.v1_19_R1.scheduler.CraftTask.run(CraftTask.java:82)
[18:44:56] [Craft Scheduler Thread - 31/WARN]: 	at org.bukkit.craftbukkit.v1_19_R1.scheduler.CraftAsyncTask.run(CraftAsyncTask.java:54)
[18:44:56] [Craft Scheduler Thread - 31/WARN]: 	at java.base/java.util.concurrent.ThreadPoolExecutor.runWorker(ThreadPoolExecutor.java:1136)
[18:44:56] [Craft Scheduler Thread - 31/WARN]: 	at java.base/java.util.concurrent.ThreadPoolExecutor$Worker.run(ThreadPoolExecutor.java:635)
[18:44:56] [Craft Scheduler Thread - 31/WARN]: 	at java.base/java.lang.Thread.run(Thread.java:833)
[18:44:57] [Craft Scheduler Thread - 31/WARN]: java.net.ConnectException: Connection refused: connect
[18:44:57] [Craft Scheduler Thread - 31/WARN]: 	at java.base/sun.nio.ch.Net.connect0(Native Method)
[18:44:57] [Craft Scheduler Thread - 31/WARN]: 	at java.base/sun.nio.ch.Net.connect(Net.java:579)
[18:44:57] [Craft Scheduler Thread - 31/WARN]: 	at java.base/sun.nio.ch.Net.connect(Net.java:568)
[18:44:57] [Craft Scheduler Thread - 31/WARN]: 	at java.base/sun.nio.ch.NioSocketImpl.connect(NioSocketImpl.java:588)
[18:44:57] [Craft Scheduler Thread - 31/WARN]: 	at java.base/java.net.SocksSocketImpl.connect(SocksSocketImpl.java:327)
[18:44:57] [Craft Scheduler Thread - 31/WARN]: 	at java.base/java.net.Socket.connect(Socket.java:633)
[18:44:57] [Craft Scheduler Thread - 31/WARN]: 	at java.base/java.net.Socket.connect(Socket.java:583)
[18:44:57] [Craft Scheduler Thread - 31/WARN]: 	at java.base/java.net.Socket.<init>(Socket.java:507)
[18:44:57] [Craft Scheduler Thread - 31/WARN]: 	at java.base/java.net.Socket.<init>(Socket.java:287)
[18:44:57] [Craft Scheduler Thread - 31/WARN]: 	at net.itsrelizc.networking.Communication.sendMessage(Communication.java:267)
[18:44:57] [Craft Scheduler Thread - 31/WARN]: 	at net.itsrelizc.networking.Communication$1.run(Communication.java:92)
[18:44:57] [Craft Scheduler Thread - 31/WARN]: 	at org.bukkit.craftbukkit.v1_19_R1.scheduler.CraftTask.run(CraftTask.java:82)
[18:44:57] [Craft Scheduler Thread - 31/WARN]: 	at org.bukkit.craftbukkit.v1_19_R1.scheduler.CraftAsyncTask.run(CraftAsyncTask.java:54)
[18:44:57] [Craft Scheduler Thread - 31/WARN]: 	at java.base/java.util.concurrent.ThreadPoolExecutor.runWorker(ThreadPoolExecutor.java:1136)
[18:44:57] [Craft Scheduler Thread - 31/WARN]: 	at java.base/java.util.concurrent.ThreadPoolExecutor$Worker.run(ThreadPoolExecutor.java:635)
[18:44:57] [Craft Scheduler Thread - 31/WARN]: 	at java.base/java.lang.Thread.run(Thread.java:833)
[18:44:58] [Craft Scheduler Thread - 31/WARN]: java.net.ConnectException: Connection refused: connect
[18:44:58] [Craft Scheduler Thread - 31/WARN]: 	at java.base/sun.nio.ch.Net.connect0(Native Method)
[18:44:58] [Craft Scheduler Thread - 31/WARN]: 	at java.base/sun.nio.ch.Net.connect(Net.java:579)
[18:44:58] [Craft Scheduler Thread - 31/WARN]: 	at java.base/sun.nio.ch.Net.connect(Net.java:568)
[18:44:58] [Craft Scheduler Thread - 31/WARN]: 	at java.base/sun.nio.ch.NioSocketImpl.connect(NioSocketImpl.java:588)
[18:44:58] [Craft Scheduler Thread - 31/WARN]: 	at java.base/java.net.SocksSocketImpl.connect(SocksSocketImpl.java:327)
[18:44:58] [Craft Scheduler Thread - 31/WARN]: 	at java.base/java.net.Socket.connect(Socket.java:633)
[18:44:58] [Craft Scheduler Thread - 31/WARN]: 	at java.base/java.net.Socket.connect(Socket.java:583)
[18:44:58] [Craft Scheduler Thread - 31/WARN]: 	at java.base/java.net.Socket.<init>(Socket.java:507)
[18:44:58] [Craft Scheduler Thread - 31/WARN]: 	at java.base/java.net.Socket.<init>(Socket.java:287)
[18:44:58] [Craft Scheduler Thread - 31/WARN]: 	at net.itsrelizc.networking.Communication.sendMessage(Communication.java:267)
[18:44:58] [Craft Scheduler Thread - 31/WARN]: 	at net.itsrelizc.networking.Communication$1.run(Communication.java:92)
[18:44:58] [Craft Scheduler Thread - 31/WARN]: 	at org.bukkit.craftbukkit.v1_19_R1.scheduler.CraftTask.run(CraftTask.java:82)
[18:44:58] [Craft Scheduler Thread - 31/WARN]: 	at org.bukkit.craftbukkit.v1_19_R1.scheduler.CraftAsyncTask.run(CraftAsyncTask.java:54)
[18:44:58] [Craft Scheduler Thread - 31/WARN]: 	at java.base/java.util.concurrent.ThreadPoolExecutor.runWorker(ThreadPoolExecutor.java:1136)
[18:44:58] [Craft Scheduler Thread - 31/WARN]: 	at java.base/java.util.concurrent.ThreadPoolExecutor$Worker.run(ThreadPoolExecutor.java:635)
[18:44:58] [Craft Scheduler Thread - 31/WARN]: 	at java.base/java.lang.Thread.run(Thread.java:833)
[18:44:59] [Craft Scheduler Thread - 31/WARN]: java.net.ConnectException: Connection refused: connect
[18:44:59] [Craft Scheduler Thread - 31/WARN]: 	at java.base/sun.nio.ch.Net.connect0(Native Method)
[18:44:59] [Craft Scheduler Thread - 31/WARN]: 	at java.base/sun.nio.ch.Net.connect(Net.java:579)
[18:44:59] [Craft Scheduler Thread - 31/WARN]: 	at java.base/sun.nio.ch.Net.connect(Net.java:568)
[18:44:59] [Craft Scheduler Thread - 31/WARN]: 	at java.base/sun.nio.ch.NioSocketImpl.connect(NioSocketImpl.java:588)
[18:44:59] [Craft Scheduler Thread - 31/WARN]: 	at java.base/java.net.SocksSocketImpl.connect(SocksSocketImpl.java:327)
[18:44:59] [Craft Scheduler Thread - 31/WARN]: 	at java.base/java.net.Socket.connect(Socket.java:633)
[18:44:59] [Craft Scheduler Thread - 31/WARN]: 	at java.base/java.net.Socket.connect(Socket.java:583)
[18:44:59] [Craft Scheduler Thread - 31/WARN]: 	at java.base/java.net.Socket.<init>(Socket.java:507)
[18:44:59] [Craft Scheduler Thread - 31/WARN]: 	at java.base/java.net.Socket.<init>(Socket.java:287)
[18:44:59] [Craft Scheduler Thread - 31/WARN]: 	at net.itsrelizc.networking.Communication.sendMessage(Communication.java:267)
[18:44:59] [Craft Scheduler Thread - 31/WARN]: 	at net.itsrelizc.networking.Communication$1.run(Communication.java:92)
[18:44:59] [Craft Scheduler Thread - 31/WARN]: 	at org.bukkit.craftbukkit.v1_19_R1.scheduler.CraftTask.run(CraftTask.java:82)
[18:44:59] [Craft Scheduler Thread - 31/WARN]: 	at org.bukkit.craftbukkit.v1_19_R1.scheduler.CraftAsyncTask.run(CraftAsyncTask.java:54)
[18:44:59] [Craft Scheduler Thread - 31/WARN]: 	at java.base/java.util.concurrent.ThreadPoolExecutor.runWorker(ThreadPoolExecutor.java:1136)
[18:44:59] [Craft Scheduler Thread - 31/WARN]: 	at java.base/java.util.concurrent.ThreadPoolExecutor$Worker.run(ThreadPoolExecutor.java:635)
[18:44:59] [Craft Scheduler Thread - 31/WARN]: 	at java.base/java.lang.Thread.run(Thread.java:833)
[18:45:00] [Craft Scheduler Thread - 31/WARN]: java.net.ConnectException: Connection refused: connect
[18:45:00] [Craft Scheduler Thread - 31/WARN]: 	at java.base/sun.nio.ch.Net.connect0(Native Method)
[18:45:00] [Craft Scheduler Thread - 31/WARN]: 	at java.base/sun.nio.ch.Net.connect(Net.java:579)
[18:45:00] [Craft Scheduler Thread - 31/WARN]: 	at java.base/sun.nio.ch.Net.connect(Net.java:568)
[18:45:00] [Craft Scheduler Thread - 31/WARN]: 	at java.base/sun.nio.ch.NioSocketImpl.connect(NioSocketImpl.java:588)
[18:45:00] [Craft Scheduler Thread - 31/WARN]: 	at java.base/java.net.SocksSocketImpl.connect(SocksSocketImpl.java:327)
[18:45:00] [Craft Scheduler Thread - 31/WARN]: 	at java.base/java.net.Socket.connect(Socket.java:633)
[18:45:00] [Craft Scheduler Thread - 31/WARN]: 	at java.base/java.net.Socket.connect(Socket.java:583)
[18:45:00] [Craft Scheduler Thread - 31/WARN]: 	at java.base/java.net.Socket.<init>(Socket.java:507)
[18:45:00] [Craft Scheduler Thread - 31/WARN]: 	at java.base/java.net.Socket.<init>(Socket.java:287)
[18:45:00] [Craft Scheduler Thread - 31/WARN]: 	at net.itsrelizc.networking.Communication.sendMessage(Communication.java:267)
[18:45:00] [Craft Scheduler Thread - 31/WARN]: 	at net.itsrelizc.networking.Communication$1.run(Communication.java:92)
[18:45:00] [Craft Scheduler Thread - 31/WARN]: 	at org.bukkit.craftbukkit.v1_19_R1.scheduler.CraftTask.run(CraftTask.java:82)
[18:45:00] [Craft Scheduler Thread - 31/WARN]: 	at org.bukkit.craftbukkit.v1_19_R1.scheduler.CraftAsyncTask.run(CraftAsyncTask.java:54)
[18:45:00] [Craft Scheduler Thread - 31/WARN]: 	at java.base/java.util.concurrent.ThreadPoolExecutor.runWorker(ThreadPoolExecutor.java:1136)
[18:45:00] [Craft Scheduler Thread - 31/WARN]: 	at java.base/java.util.concurrent.ThreadPoolExecutor$Worker.run(ThreadPoolExecutor.java:635)
[18:45:00] [Craft Scheduler Thread - 31/WARN]: 	at java.base/java.lang.Thread.run(Thread.java:833)
[18:45:01] [Craft Scheduler Thread - 31/WARN]: java.net.ConnectException: Connection refused: connect
[18:45:01] [Craft Scheduler Thread - 31/WARN]: 	at java.base/sun.nio.ch.Net.connect0(Native Method)
[18:45:01] [Craft Scheduler Thread - 31/WARN]: 	at java.base/sun.nio.ch.Net.connect(Net.java:579)
[18:45:01] [Craft Scheduler Thread - 31/WARN]: 	at java.base/sun.nio.ch.Net.connect(Net.java:568)
[18:45:01] [Craft Scheduler Thread - 31/WARN]: 	at java.base/sun.nio.ch.NioSocketImpl.connect(NioSocketImpl.java:588)
[18:45:01] [Craft Scheduler Thread - 31/WARN]: 	at java.base/java.net.SocksSocketImpl.connect(SocksSocketImpl.java:327)
[18:45:01] [Craft Scheduler Thread - 31/WARN]: 	at java.base/java.net.Socket.connect(Socket.java:633)
[18:45:01] [Craft Scheduler Thread - 31/WARN]: 	at java.base/java.net.Socket.connect(Socket.java:583)
[18:45:01] [Craft Scheduler Thread - 31/WARN]: 	at java.base/java.net.Socket.<init>(Socket.java:507)
[18:45:01] [Craft Scheduler Thread - 31/WARN]: 	at java.base/java.net.Socket.<init>(Socket.java:287)
[18:45:01] [Craft Scheduler Thread - 31/WARN]: 	at net.itsrelizc.networking.Communication.sendMessage(Communication.java:267)
[18:45:01] [Craft Scheduler Thread - 31/WARN]: 	at net.itsrelizc.networking.Communication$1.run(Communication.java:92)
[18:45:01] [Craft Scheduler Thread - 31/WARN]: 	at org.bukkit.craftbukkit.v1_19_R1.scheduler.CraftTask.run(CraftTask.java:82)
[18:45:01] [Craft Scheduler Thread - 31/WARN]: 	at org.bukkit.craftbukkit.v1_19_R1.scheduler.CraftAsyncTask.run(CraftAsyncTask.java:54)
[18:45:01] [Craft Scheduler Thread - 31/WARN]: 	at java.base/java.util.concurrent.ThreadPoolExecutor.runWorker(ThreadPoolExecutor.java:1136)
[18:45:01] [Craft Scheduler Thread - 31/WARN]: 	at java.base/java.util.concurrent.ThreadPoolExecutor$Worker.run(ThreadPoolExecutor.java:635)
[18:45:01] [Craft Scheduler Thread - 31/WARN]: 	at java.base/java.lang.Thread.run(Thread.java:833)
[18:45:02] [Craft Scheduler Thread - 31/WARN]: java.net.ConnectException: Connection refused: connect
[18:45:02] [Craft Scheduler Thread - 31/WARN]: 	at java.base/sun.nio.ch.Net.connect0(Native Method)
[18:45:02] [Craft Scheduler Thread - 31/WARN]: 	at java.base/sun.nio.ch.Net.connect(Net.java:579)
[18:45:02] [Craft Scheduler Thread - 31/WARN]: 	at java.base/sun.nio.ch.Net.connect(Net.java:568)
[18:45:02] [Craft Scheduler Thread - 31/WARN]: 	at java.base/sun.nio.ch.NioSocketImpl.connect(NioSocketImpl.java:588)
[18:45:02] [Craft Scheduler Thread - 31/WARN]: 	at java.base/java.net.SocksSocketImpl.connect(SocksSocketImpl.java:327)
[18:45:02] [Craft Scheduler Thread - 31/WARN]: 	at java.base/java.net.Socket.connect(Socket.java:633)
[18:45:02] [Craft Scheduler Thread - 31/WARN]: 	at java.base/java.net.Socket.connect(Socket.java:583)
[18:45:02] [Craft Scheduler Thread - 31/WARN]: 	at java.base/java.net.Socket.<init>(Socket.java:507)
[18:45:02] [Craft Scheduler Thread - 31/WARN]: 	at java.base/java.net.Socket.<init>(Socket.java:287)
[18:45:02] [Craft Scheduler Thread - 31/WARN]: 	at net.itsrelizc.networking.Communication.sendMessage(Communication.java:267)
[18:45:02] [Craft Scheduler Thread - 31/WARN]: 	at net.itsrelizc.networking.Communication$1.run(Communication.java:92)
[18:45:02] [Craft Scheduler Thread - 31/WARN]: 	at org.bukkit.craftbukkit.v1_19_R1.scheduler.CraftTask.run(CraftTask.java:82)
[18:45:02] [Craft Scheduler Thread - 31/WARN]: 	at org.bukkit.craftbukkit.v1_19_R1.scheduler.CraftAsyncTask.run(CraftAsyncTask.java:54)
[18:45:02] [Craft Scheduler Thread - 31/WARN]: 	at java.base/java.util.concurrent.ThreadPoolExecutor.runWorker(ThreadPoolExecutor.java:1136)
[18:45:02] [Craft Scheduler Thread - 31/WARN]: 	at java.base/java.util.concurrent.ThreadPoolExecutor$Worker.run(ThreadPoolExecutor.java:635)
[18:45:02] [Craft Scheduler Thread - 31/WARN]: 	at java.base/java.lang.Thread.run(Thread.java:833)
[18:45:03] [Craft Scheduler Thread - 31/WARN]: java.net.ConnectException: Connection refused: connect
[18:45:03] [Craft Scheduler Thread - 31/WARN]: 	at java.base/sun.nio.ch.Net.connect0(Native Method)
[18:45:03] [Craft Scheduler Thread - 31/WARN]: 	at java.base/sun.nio.ch.Net.connect(Net.java:579)
[18:45:03] [Craft Scheduler Thread - 31/WARN]: 	at java.base/sun.nio.ch.Net.connect(Net.java:568)
[18:45:03] [Craft Scheduler Thread - 31/WARN]: 	at java.base/sun.nio.ch.NioSocketImpl.connect(NioSocketImpl.java:588)
[18:45:03] [Craft Scheduler Thread - 31/WARN]: 	at java.base/java.net.SocksSocketImpl.connect(SocksSocketImpl.java:327)
[18:45:03] [Craft Scheduler Thread - 31/WARN]: 	at java.base/java.net.Socket.connect(Socket.java:633)
[18:45:03] [Craft Scheduler Thread - 31/WARN]: 	at java.base/java.net.Socket.connect(Socket.java:583)
[18:45:03] [Craft Scheduler Thread - 31/WARN]: 	at java.base/java.net.Socket.<init>(Socket.java:507)
[18:45:03] [Craft Scheduler Thread - 31/WARN]: 	at java.base/java.net.Socket.<init>(Socket.java:287)
[18:45:03] [Craft Scheduler Thread - 31/WARN]: 	at net.itsrelizc.networking.Communication.sendMessage(Communication.java:267)
[18:45:03] [Craft Scheduler Thread - 31/WARN]: 	at net.itsrelizc.networking.Communication$1.run(Communication.java:92)
[18:45:03] [Craft Scheduler Thread - 31/WARN]: 	at org.bukkit.craftbukkit.v1_19_R1.scheduler.CraftTask.run(CraftTask.java:82)
[18:45:03] [Craft Scheduler Thread - 31/WARN]: 	at org.bukkit.craftbukkit.v1_19_R1.scheduler.CraftAsyncTask.run(CraftAsyncTask.java:54)
[18:45:03] [Craft Scheduler Thread - 31/WARN]: 	at java.base/java.util.concurrent.ThreadPoolExecutor.runWorker(ThreadPoolExecutor.java:1136)
[18:45:03] [Craft Scheduler Thread - 31/WARN]: 	at java.base/java.util.concurrent.ThreadPoolExecutor$Worker.run(ThreadPoolExecutor.java:635)
[18:45:03] [Craft Scheduler Thread - 31/WARN]: 	at java.base/java.lang.Thread.run(Thread.java:833)
[18:45:04] [Craft Scheduler Thread - 31/WARN]: java.net.ConnectException: Connection refused: connect
[18:45:04] [Craft Scheduler Thread - 31/WARN]: 	at java.base/sun.nio.ch.Net.connect0(Native Method)
[18:45:04] [Craft Scheduler Thread - 31/WARN]: 	at java.base/sun.nio.ch.Net.connect(Net.java:579)
[18:45:04] [Craft Scheduler Thread - 31/WARN]: 	at java.base/sun.nio.ch.Net.connect(Net.java:568)
[18:45:04] [Craft Scheduler Thread - 31/WARN]: 	at java.base/sun.nio.ch.NioSocketImpl.connect(NioSocketImpl.java:588)
[18:45:04] [Craft Scheduler Thread - 31/WARN]: 	at java.base/java.net.SocksSocketImpl.connect(SocksSocketImpl.java:327)
[18:45:04] [Craft Scheduler Thread - 31/WARN]: 	at java.base/java.net.Socket.connect(Socket.java:633)
[18:45:04] [Craft Scheduler Thread - 31/WARN]: 	at java.base/java.net.Socket.connect(Socket.java:583)
[18:45:04] [Craft Scheduler Thread - 31/WARN]: 	at java.base/java.net.Socket.<init>(Socket.java:507)
[18:45:04] [Craft Scheduler Thread - 31/WARN]: 	at java.base/java.net.Socket.<init>(Socket.java:287)
[18:45:04] [Craft Scheduler Thread - 31/WARN]: 	at net.itsrelizc.networking.Communication.sendMessage(Communication.java:267)
[18:45:04] [Craft Scheduler Thread - 31/WARN]: 	at net.itsrelizc.networking.Communication$1.run(Communication.java:92)
[18:45:04] [Craft Scheduler Thread - 31/WARN]: 	at org.bukkit.craftbukkit.v1_19_R1.scheduler.CraftTask.run(CraftTask.java:82)
[18:45:04] [Craft Scheduler Thread - 31/WARN]: 	at org.bukkit.craftbukkit.v1_19_R1.scheduler.CraftAsyncTask.run(CraftAsyncTask.java:54)
[18:45:04] [Craft Scheduler Thread - 31/WARN]: 	at java.base/java.util.concurrent.ThreadPoolExecutor.runWorker(ThreadPoolExecutor.java:1136)
[18:45:04] [Craft Scheduler Thread - 31/WARN]: 	at java.base/java.util.concurrent.ThreadPoolExecutor$Worker.run(ThreadPoolExecutor.java:635)
[18:45:04] [Craft Scheduler Thread - 31/WARN]: 	at java.base/java.lang.Thread.run(Thread.java:833)
[18:45:05] [Craft Scheduler Thread - 31/WARN]: java.net.ConnectException: Connection refused: connect
[18:45:05] [Craft Scheduler Thread - 31/WARN]: 	at java.base/sun.nio.ch.Net.connect0(Native Method)
[18:45:05] [Craft Scheduler Thread - 31/WARN]: 	at java.base/sun.nio.ch.Net.connect(Net.java:579)
[18:45:05] [Craft Scheduler Thread - 31/WARN]: 	at java.base/sun.nio.ch.Net.connect(Net.java:568)
[18:45:05] [Craft Scheduler Thread - 31/WARN]: 	at java.base/sun.nio.ch.NioSocketImpl.connect(NioSocketImpl.java:588)
[18:45:05] [Craft Scheduler Thread - 31/WARN]: 	at java.base/java.net.SocksSocketImpl.connect(SocksSocketImpl.java:327)
[18:45:05] [Craft Scheduler Thread - 31/WARN]: 	at java.base/java.net.Socket.connect(Socket.java:633)
[18:45:05] [Craft Scheduler Thread - 31/WARN]: 	at java.base/java.net.Socket.connect(Socket.java:583)
[18:45:05] [Craft Scheduler Thread - 31/WARN]: 	at java.base/java.net.Socket.<init>(Socket.java:507)
[18:45:05] [Craft Scheduler Thread - 31/WARN]: 	at java.base/java.net.Socket.<init>(Socket.java:287)
[18:45:05] [Craft Scheduler Thread - 31/WARN]: 	at net.itsrelizc.networking.Communication.sendMessage(Communication.java:267)
[18:45:05] [Craft Scheduler Thread - 31/WARN]: 	at net.itsrelizc.networking.Communication$1.run(Communication.java:92)
[18:45:05] [Craft Scheduler Thread - 31/WARN]: 	at org.bukkit.craftbukkit.v1_19_R1.scheduler.CraftTask.run(CraftTask.java:82)
[18:45:05] [Craft Scheduler Thread - 31/WARN]: 	at org.bukkit.craftbukkit.v1_19_R1.scheduler.CraftAsyncTask.run(CraftAsyncTask.java:54)
[18:45:05] [Craft Scheduler Thread - 31/WARN]: 	at java.base/java.util.concurrent.ThreadPoolExecutor.runWorker(ThreadPoolExecutor.java:1136)
[18:45:05] [Craft Scheduler Thread - 31/WARN]: 	at java.base/java.util.concurrent.ThreadPoolExecutor$Worker.run(ThreadPoolExecutor.java:635)
[18:45:05] [Craft Scheduler Thread - 31/WARN]: 	at java.base/java.lang.Thread.run(Thread.java:833)
[18:45:06] [Craft Scheduler Thread - 31/WARN]: java.net.ConnectException: Connection refused: connect
[18:45:06] [Craft Scheduler Thread - 31/WARN]: 	at java.base/sun.nio.ch.Net.connect0(Native Method)
[18:45:06] [Craft Scheduler Thread - 31/WARN]: 	at java.base/sun.nio.ch.Net.connect(Net.java:579)
[18:45:06] [Craft Scheduler Thread - 31/WARN]: 	at java.base/sun.nio.ch.Net.connect(Net.java:568)
[18:45:06] [Craft Scheduler Thread - 31/WARN]: 	at java.base/sun.nio.ch.NioSocketImpl.connect(NioSocketImpl.java:588)
[18:45:06] [Craft Scheduler Thread - 31/WARN]: 	at java.base/java.net.SocksSocketImpl.connect(SocksSocketImpl.java:327)
[18:45:06] [Craft Scheduler Thread - 31/WARN]: 	at java.base/java.net.Socket.connect(Socket.java:633)
[18:45:06] [Craft Scheduler Thread - 31/WARN]: 	at java.base/java.net.Socket.connect(Socket.java:583)
[18:45:06] [Craft Scheduler Thread - 31/WARN]: 	at java.base/java.net.Socket.<init>(Socket.java:507)
[18:45:06] [Craft Scheduler Thread - 31/WARN]: 	at java.base/java.net.Socket.<init>(Socket.java:287)
[18:45:06] [Craft Scheduler Thread - 31/WARN]: 	at net.itsrelizc.networking.Communication.sendMessage(Communication.java:267)
[18:45:06] [Craft Scheduler Thread - 31/WARN]: 	at net.itsrelizc.networking.Communication$1.run(Communication.java:92)
[18:45:06] [Craft Scheduler Thread - 31/WARN]: 	at org.bukkit.craftbukkit.v1_19_R1.scheduler.CraftTask.run(CraftTask.java:82)
[18:45:06] [Craft Scheduler Thread - 31/WARN]: 	at org.bukkit.craftbukkit.v1_19_R1.scheduler.CraftAsyncTask.run(CraftAsyncTask.java:54)
[18:45:06] [Craft Scheduler Thread - 31/WARN]: 	at java.base/java.util.concurrent.ThreadPoolExecutor.runWorker(ThreadPoolExecutor.java:1136)
[18:45:06] [Craft Scheduler Thread - 31/WARN]: 	at java.base/java.util.concurrent.ThreadPoolExecutor$Worker.run(ThreadPoolExecutor.java:635)
[18:45:06] [Craft Scheduler Thread - 31/WARN]: 	at java.base/java.lang.Thread.run(Thread.java:833)
[18:45:07] [Craft Scheduler Thread - 31/WARN]: java.net.ConnectException: Connection refused: connect
[18:45:07] [Craft Scheduler Thread - 31/WARN]: 	at java.base/sun.nio.ch.Net.connect0(Native Method)
[18:45:07] [Craft Scheduler Thread - 31/WARN]: 	at java.base/sun.nio.ch.Net.connect(Net.java:579)
[18:45:07] [Craft Scheduler Thread - 31/WARN]: 	at java.base/sun.nio.ch.Net.connect(Net.java:568)
[18:45:07] [Craft Scheduler Thread - 31/WARN]: 	at java.base/sun.nio.ch.NioSocketImpl.connect(NioSocketImpl.java:588)
[18:45:07] [Craft Scheduler Thread - 31/WARN]: 	at java.base/java.net.SocksSocketImpl.connect(SocksSocketImpl.java:327)
[18:45:07] [Craft Scheduler Thread - 31/WARN]: 	at java.base/java.net.Socket.connect(Socket.java:633)
[18:45:07] [Craft Scheduler Thread - 31/WARN]: 	at java.base/java.net.Socket.connect(Socket.java:583)
[18:45:07] [Craft Scheduler Thread - 31/WARN]: 	at java.base/java.net.Socket.<init>(Socket.java:507)
[18:45:07] [Craft Scheduler Thread - 31/WARN]: 	at java.base/java.net.Socket.<init>(Socket.java:287)
[18:45:07] [Craft Scheduler Thread - 31/WARN]: 	at net.itsrelizc.networking.Communication.sendMessage(Communication.java:267)
[18:45:07] [Craft Scheduler Thread - 31/WARN]: 	at net.itsrelizc.networking.Communication$1.run(Communication.java:92)
[18:45:07] [Craft Scheduler Thread - 31/WARN]: 	at org.bukkit.craftbukkit.v1_19_R1.scheduler.CraftTask.run(CraftTask.java:82)
[18:45:07] [Craft Scheduler Thread - 31/WARN]: 	at org.bukkit.craftbukkit.v1_19_R1.scheduler.CraftAsyncTask.run(CraftAsyncTask.java:54)
[18:45:07] [Craft Scheduler Thread - 31/WARN]: 	at java.base/java.util.concurrent.ThreadPoolExecutor.runWorker(ThreadPoolExecutor.java:1136)
[18:45:07] [Craft Scheduler Thread - 31/WARN]: 	at java.base/java.util.concurrent.ThreadPoolExecutor$Worker.run(ThreadPoolExecutor.java:635)
[18:45:07] [Craft Scheduler Thread - 31/WARN]: 	at java.base/java.lang.Thread.run(Thread.java:833)
[18:45:08] [Craft Scheduler Thread - 31/WARN]: java.net.ConnectException: Connection refused: connect
[18:45:08] [Craft Scheduler Thread - 31/WARN]: 	at java.base/sun.nio.ch.Net.connect0(Native Method)
[18:45:08] [Craft Scheduler Thread - 31/WARN]: 	at java.base/sun.nio.ch.Net.connect(Net.java:579)
[18:45:08] [Craft Scheduler Thread - 31/WARN]: 	at java.base/sun.nio.ch.Net.connect(Net.java:568)
[18:45:08] [Craft Scheduler Thread - 31/WARN]: 	at java.base/sun.nio.ch.NioSocketImpl.connect(NioSocketImpl.java:588)
[18:45:08] [Craft Scheduler Thread - 31/WARN]: 	at java.base/java.net.SocksSocketImpl.connect(SocksSocketImpl.java:327)
[18:45:08] [Craft Scheduler Thread - 31/WARN]: 	at java.base/java.net.Socket.connect(Socket.java:633)
[18:45:08] [Craft Scheduler Thread - 31/WARN]: 	at java.base/java.net.Socket.connect(Socket.java:583)
[18:45:08] [Craft Scheduler Thread - 31/WARN]: 	at java.base/java.net.Socket.<init>(Socket.java:507)
[18:45:08] [Craft Scheduler Thread - 31/WARN]: 	at java.base/java.net.Socket.<init>(Socket.java:287)
[18:45:08] [Craft Scheduler Thread - 31/WARN]: 	at net.itsrelizc.networking.Communication.sendMessage(Communication.java:267)
[18:45:08] [Craft Scheduler Thread - 31/WARN]: 	at net.itsrelizc.networking.Communication$1.run(Communication.java:92)
[18:45:08] [Craft Scheduler Thread - 31/WARN]: 	at org.bukkit.craftbukkit.v1_19_R1.scheduler.CraftTask.run(CraftTask.java:82)
[18:45:08] [Craft Scheduler Thread - 31/WARN]: 	at org.bukkit.craftbukkit.v1_19_R1.scheduler.CraftAsyncTask.run(CraftAsyncTask.java:54)
[18:45:08] [Craft Scheduler Thread - 31/WARN]: 	at java.base/java.util.concurrent.ThreadPoolExecutor.runWorker(ThreadPoolExecutor.java:1136)
[18:45:08] [Craft Scheduler Thread - 31/WARN]: 	at java.base/java.util.concurrent.ThreadPoolExecutor$Worker.run(ThreadPoolExecutor.java:635)
[18:45:08] [Craft Scheduler Thread - 31/WARN]: 	at java.base/java.lang.Thread.run(Thread.java:833)
[18:45:09] [Craft Scheduler Thread - 31/WARN]: java.net.ConnectException: Connection refused: connect
[18:45:09] [Craft Scheduler Thread - 31/WARN]: 	at java.base/sun.nio.ch.Net.connect0(Native Method)
[18:45:09] [Craft Scheduler Thread - 31/WARN]: 	at java.base/sun.nio.ch.Net.connect(Net.java:579)
[18:45:09] [Craft Scheduler Thread - 31/WARN]: 	at java.base/sun.nio.ch.Net.connect(Net.java:568)
[18:45:09] [Craft Scheduler Thread - 31/WARN]: 	at java.base/sun.nio.ch.NioSocketImpl.connect(NioSocketImpl.java:588)
[18:45:09] [Craft Scheduler Thread - 31/WARN]: 	at java.base/java.net.SocksSocketImpl.connect(SocksSocketImpl.java:327)
[18:45:09] [Craft Scheduler Thread - 31/WARN]: 	at java.base/java.net.Socket.connect(Socket.java:633)
[18:45:09] [Craft Scheduler Thread - 31/WARN]: 	at java.base/java.net.Socket.connect(Socket.java:583)
[18:45:09] [Craft Scheduler Thread - 31/WARN]: 	at java.base/java.net.Socket.<init>(Socket.java:507)
[18:45:09] [Craft Scheduler Thread - 31/WARN]: 	at java.base/java.net.Socket.<init>(Socket.java:287)
[18:45:09] [Craft Scheduler Thread - 31/WARN]: 	at net.itsrelizc.networking.Communication.sendMessage(Communication.java:267)
[18:45:09] [Craft Scheduler Thread - 31/WARN]: 	at net.itsrelizc.networking.Communication$1.run(Communication.java:92)
[18:45:09] [Craft Scheduler Thread - 31/WARN]: 	at org.bukkit.craftbukkit.v1_19_R1.scheduler.CraftTask.run(CraftTask.java:82)
[18:45:09] [Craft Scheduler Thread - 31/WARN]: 	at org.bukkit.craftbukkit.v1_19_R1.scheduler.CraftAsyncTask.run(CraftAsyncTask.java:54)
[18:45:09] [Craft Scheduler Thread - 31/WARN]: 	at java.base/java.util.concurrent.ThreadPoolExecutor.runWorker(ThreadPoolExecutor.java:1136)
[18:45:09] [Craft Scheduler Thread - 31/WARN]: 	at java.base/java.util.concurrent.ThreadPoolExecutor$Worker.run(ThreadPoolExecutor.java:635)
[18:45:09] [Craft Scheduler Thread - 31/WARN]: 	at java.base/java.lang.Thread.run(Thread.java:833)
[18:45:10] [Craft Scheduler Thread - 31/WARN]: java.net.ConnectException: Connection refused: connect
[18:45:10] [Craft Scheduler Thread - 31/WARN]: 	at java.base/sun.nio.ch.Net.connect0(Native Method)
[18:45:10] [Craft Scheduler Thread - 31/WARN]: 	at java.base/sun.nio.ch.Net.connect(Net.java:579)
[18:45:10] [Craft Scheduler Thread - 31/WARN]: 	at java.base/sun.nio.ch.Net.connect(Net.java:568)
[18:45:10] [Craft Scheduler Thread - 31/WARN]: 	at java.base/sun.nio.ch.NioSocketImpl.connect(NioSocketImpl.java:588)
[18:45:10] [Craft Scheduler Thread - 31/WARN]: 	at java.base/java.net.SocksSocketImpl.connect(SocksSocketImpl.java:327)
[18:45:10] [Craft Scheduler Thread - 31/WARN]: 	at java.base/java.net.Socket.connect(Socket.java:633)
[18:45:10] [Craft Scheduler Thread - 31/WARN]: 	at java.base/java.net.Socket.connect(Socket.java:583)
[18:45:10] [Craft Scheduler Thread - 31/WARN]: 	at java.base/java.net.Socket.<init>(Socket.java:507)
[18:45:10] [Craft Scheduler Thread - 31/WARN]: 	at java.base/java.net.Socket.<init>(Socket.java:287)
[18:45:10] [Craft Scheduler Thread - 31/WARN]: 	at net.itsrelizc.networking.Communication.sendMessage(Communication.java:267)
[18:45:10] [Craft Scheduler Thread - 31/WARN]: 	at net.itsrelizc.networking.Communication$1.run(Communication.java:92)
[18:45:10] [Craft Scheduler Thread - 31/WARN]: 	at org.bukkit.craftbukkit.v1_19_R1.scheduler.CraftTask.run(CraftTask.java:82)
[18:45:10] [Craft Scheduler Thread - 31/WARN]: 	at org.bukkit.craftbukkit.v1_19_R1.scheduler.CraftAsyncTask.run(CraftAsyncTask.java:54)
[18:45:10] [Craft Scheduler Thread - 31/WARN]: 	at java.base/java.util.concurrent.ThreadPoolExecutor.runWorker(ThreadPoolExecutor.java:1136)
[18:45:10] [Craft Scheduler Thread - 31/WARN]: 	at java.base/java.util.concurrent.ThreadPoolExecutor$Worker.run(ThreadPoolExecutor.java:635)
[18:45:10] [Craft Scheduler Thread - 31/WARN]: 	at java.base/java.lang.Thread.run(Thread.java:833)
[18:45:11] [Craft Scheduler Thread - 31/WARN]: java.net.ConnectException: Connection refused: connect
[18:45:11] [Craft Scheduler Thread - 31/WARN]: 	at java.base/sun.nio.ch.Net.connect0(Native Method)
[18:45:11] [Craft Scheduler Thread - 31/WARN]: 	at java.base/sun.nio.ch.Net.connect(Net.java:579)
[18:45:11] [Craft Scheduler Thread - 31/WARN]: 	at java.base/sun.nio.ch.Net.connect(Net.java:568)
[18:45:11] [Craft Scheduler Thread - 31/WARN]: 	at java.base/sun.nio.ch.NioSocketImpl.connect(NioSocketImpl.java:588)
[18:45:11] [Craft Scheduler Thread - 31/WARN]: 	at java.base/java.net.SocksSocketImpl.connect(SocksSocketImpl.java:327)
[18:45:11] [Craft Scheduler Thread - 31/WARN]: 	at java.base/java.net.Socket.connect(Socket.java:633)
[18:45:11] [Craft Scheduler Thread - 31/WARN]: 	at java.base/java.net.Socket.connect(Socket.java:583)
[18:45:11] [Craft Scheduler Thread - 31/WARN]: 	at java.base/java.net.Socket.<init>(Socket.java:507)
[18:45:11] [Craft Scheduler Thread - 31/WARN]: 	at java.base/java.net.Socket.<init>(Socket.java:287)
[18:45:11] [Craft Scheduler Thread - 31/WARN]: 	at net.itsrelizc.networking.Communication.sendMessage(Communication.java:267)
[18:45:11] [Craft Scheduler Thread - 31/WARN]: 	at net.itsrelizc.networking.Communication$1.run(Communication.java:92)
[18:45:11] [Craft Scheduler Thread - 31/WARN]: 	at org.bukkit.craftbukkit.v1_19_R1.scheduler.CraftTask.run(CraftTask.java:82)
[18:45:11] [Craft Scheduler Thread - 31/WARN]: 	at org.bukkit.craftbukkit.v1_19_R1.scheduler.CraftAsyncTask.run(CraftAsyncTask.java:54)
[18:45:11] [Craft Scheduler Thread - 31/WARN]: 	at java.base/java.util.concurrent.ThreadPoolExecutor.runWorker(ThreadPoolExecutor.java:1136)
[18:45:11] [Craft Scheduler Thread - 31/WARN]: 	at java.base/java.util.concurrent.ThreadPoolExecutor$Worker.run(ThreadPoolExecutor.java:635)
[18:45:11] [Craft Scheduler Thread - 31/WARN]: 	at java.base/java.lang.Thread.run(Thread.java:833)
[18:45:12] [Craft Scheduler Thread - 31/WARN]: java.net.ConnectException: Connection refused: connect
[18:45:12] [Craft Scheduler Thread - 31/WARN]: 	at java.base/sun.nio.ch.Net.connect0(Native Method)
[18:45:12] [Craft Scheduler Thread - 31/WARN]: 	at java.base/sun.nio.ch.Net.connect(Net.java:579)
[18:45:12] [Craft Scheduler Thread - 31/WARN]: 	at java.base/sun.nio.ch.Net.connect(Net.java:568)
[18:45:12] [Craft Scheduler Thread - 31/WARN]: 	at java.base/sun.nio.ch.NioSocketImpl.connect(NioSocketImpl.java:588)
[18:45:12] [Craft Scheduler Thread - 31/WARN]: 	at java.base/java.net.SocksSocketImpl.connect(SocksSocketImpl.java:327)
[18:45:12] [Craft Scheduler Thread - 31/WARN]: 	at java.base/java.net.Socket.connect(Socket.java:633)
[18:45:12] [Craft Scheduler Thread - 31/WARN]: 	at java.base/java.net.Socket.connect(Socket.java:583)
[18:45:12] [Craft Scheduler Thread - 31/WARN]: 	at java.base/java.net.Socket.<init>(Socket.java:507)
[18:45:12] [Craft Scheduler Thread - 31/WARN]: 	at java.base/java.net.Socket.<init>(Socket.java:287)
[18:45:12] [Craft Scheduler Thread - 31/WARN]: 	at net.itsrelizc.networking.Communication.sendMessage(Communication.java:267)
[18:45:12] [Craft Scheduler Thread - 31/WARN]: 	at net.itsrelizc.networking.Communication$1.run(Communication.java:92)
[18:45:12] [Craft Scheduler Thread - 31/WARN]: 	at org.bukkit.craftbukkit.v1_19_R1.scheduler.CraftTask.run(CraftTask.java:82)
[18:45:12] [Craft Scheduler Thread - 31/WARN]: 	at org.bukkit.craftbukkit.v1_19_R1.scheduler.CraftAsyncTask.run(CraftAsyncTask.java:54)
[18:45:12] [Craft Scheduler Thread - 31/WARN]: 	at java.base/java.util.concurrent.ThreadPoolExecutor.runWorker(ThreadPoolExecutor.java:1136)
[18:45:12] [Craft Scheduler Thread - 31/WARN]: 	at java.base/java.util.concurrent.ThreadPoolExecutor$Worker.run(ThreadPoolExecutor.java:635)
[18:45:12] [Craft Scheduler Thread - 31/WARN]: 	at java.base/java.lang.Thread.run(Thread.java:833)
[18:45:13] [Craft Scheduler Thread - 31/WARN]: java.net.ConnectException: Connection refused: connect
[18:45:13] [Craft Scheduler Thread - 31/WARN]: 	at java.base/sun.nio.ch.Net.connect0(Native Method)
[18:45:13] [Craft Scheduler Thread - 31/WARN]: 	at java.base/sun.nio.ch.Net.connect(Net.java:579)
[18:45:13] [Craft Scheduler Thread - 31/WARN]: 	at java.base/sun.nio.ch.Net.connect(Net.java:568)
[18:45:13] [Craft Scheduler Thread - 31/WARN]: 	at java.base/sun.nio.ch.NioSocketImpl.connect(NioSocketImpl.java:588)
[18:45:13] [Craft Scheduler Thread - 31/WARN]: 	at java.base/java.net.SocksSocketImpl.connect(SocksSocketImpl.java:327)
[18:45:13] [Craft Scheduler Thread - 31/WARN]: 	at java.base/java.net.Socket.connect(Socket.java:633)
[18:45:13] [Craft Scheduler Thread - 31/WARN]: 	at java.base/java.net.Socket.connect(Socket.java:583)
[18:45:13] [Craft Scheduler Thread - 31/WARN]: 	at java.base/java.net.Socket.<init>(Socket.java:507)
[18:45:13] [Craft Scheduler Thread - 31/WARN]: 	at java.base/java.net.Socket.<init>(Socket.java:287)
[18:45:13] [Craft Scheduler Thread - 31/WARN]: 	at net.itsrelizc.networking.Communication.sendMessage(Communication.java:267)
[18:45:13] [Craft Scheduler Thread - 31/WARN]: 	at net.itsrelizc.networking.Communication$1.run(Communication.java:92)
[18:45:13] [Craft Scheduler Thread - 31/WARN]: 	at org.bukkit.craftbukkit.v1_19_R1.scheduler.CraftTask.run(CraftTask.java:82)
[18:45:13] [Craft Scheduler Thread - 31/WARN]: 	at org.bukkit.craftbukkit.v1_19_R1.scheduler.CraftAsyncTask.run(CraftAsyncTask.java:54)
[18:45:13] [Craft Scheduler Thread - 31/WARN]: 	at java.base/java.util.concurrent.ThreadPoolExecutor.runWorker(ThreadPoolExecutor.java:1136)
[18:45:13] [Craft Scheduler Thread - 31/WARN]: 	at java.base/java.util.concurrent.ThreadPoolExecutor$Worker.run(ThreadPoolExecutor.java:635)
[18:45:13] [Craft Scheduler Thread - 31/WARN]: 	at java.base/java.lang.Thread.run(Thread.java:833)
[18:45:14] [Craft Scheduler Thread - 31/WARN]: java.net.ConnectException: Connection refused: connect
[18:45:14] [Craft Scheduler Thread - 31/WARN]: 	at java.base/sun.nio.ch.Net.connect0(Native Method)
[18:45:14] [Craft Scheduler Thread - 31/WARN]: 	at java.base/sun.nio.ch.Net.connect(Net.java:579)
[18:45:14] [Craft Scheduler Thread - 31/WARN]: 	at java.base/sun.nio.ch.Net.connect(Net.java:568)
[18:45:14] [Craft Scheduler Thread - 31/WARN]: 	at java.base/sun.nio.ch.NioSocketImpl.connect(NioSocketImpl.java:588)
[18:45:14] [Craft Scheduler Thread - 31/WARN]: 	at java.base/java.net.SocksSocketImpl.connect(SocksSocketImpl.java:327)
[18:45:14] [Craft Scheduler Thread - 31/WARN]: 	at java.base/java.net.Socket.connect(Socket.java:633)
[18:45:14] [Craft Scheduler Thread - 31/WARN]: 	at java.base/java.net.Socket.connect(Socket.java:583)
[18:45:14] [Craft Scheduler Thread - 31/WARN]: 	at java.base/java.net.Socket.<init>(Socket.java:507)
[18:45:14] [Craft Scheduler Thread - 31/WARN]: 	at java.base/java.net.Socket.<init>(Socket.java:287)
[18:45:14] [Craft Scheduler Thread - 31/WARN]: 	at net.itsrelizc.networking.Communication.sendMessage(Communication.java:267)
[18:45:14] [Craft Scheduler Thread - 31/WARN]: 	at net.itsrelizc.networking.Communication$1.run(Communication.java:92)
[18:45:14] [Craft Scheduler Thread - 31/WARN]: 	at org.bukkit.craftbukkit.v1_19_R1.scheduler.CraftTask.run(CraftTask.java:82)
[18:45:14] [Craft Scheduler Thread - 31/WARN]: 	at org.bukkit.craftbukkit.v1_19_R1.scheduler.CraftAsyncTask.run(CraftAsyncTask.java:54)
[18:45:14] [Craft Scheduler Thread - 31/WARN]: 	at java.base/java.util.concurrent.ThreadPoolExecutor.runWorker(ThreadPoolExecutor.java:1136)
[18:45:14] [Craft Scheduler Thread - 31/WARN]: 	at java.base/java.util.concurrent.ThreadPoolExecutor$Worker.run(ThreadPoolExecutor.java:635)
[18:45:14] [Craft Scheduler Thread - 31/WARN]: 	at java.base/java.lang.Thread.run(Thread.java:833)
[18:45:15] [Craft Scheduler Thread - 31/WARN]: java.net.ConnectException: Connection refused: connect
[18:45:15] [Craft Scheduler Thread - 31/WARN]: 	at java.base/sun.nio.ch.Net.connect0(Native Method)
[18:45:15] [Craft Scheduler Thread - 31/WARN]: 	at java.base/sun.nio.ch.Net.connect(Net.java:579)
[18:45:15] [Craft Scheduler Thread - 31/WARN]: 	at java.base/sun.nio.ch.Net.connect(Net.java:568)
[18:45:15] [Craft Scheduler Thread - 31/WARN]: 	at java.base/sun.nio.ch.NioSocketImpl.connect(NioSocketImpl.java:588)
[18:45:15] [Craft Scheduler Thread - 31/WARN]: 	at java.base/java.net.SocksSocketImpl.connect(SocksSocketImpl.java:327)
[18:45:15] [Craft Scheduler Thread - 31/WARN]: 	at java.base/java.net.Socket.connect(Socket.java:633)
[18:45:15] [Craft Scheduler Thread - 31/WARN]: 	at java.base/java.net.Socket.connect(Socket.java:583)
[18:45:15] [Craft Scheduler Thread - 31/WARN]: 	at java.base/java.net.Socket.<init>(Socket.java:507)
[18:45:15] [Craft Scheduler Thread - 31/WARN]: 	at java.base/java.net.Socket.<init>(Socket.java:287)
[18:45:15] [Craft Scheduler Thread - 31/WARN]: 	at net.itsrelizc.networking.Communication.sendMessage(Communication.java:267)
[18:45:15] [Craft Scheduler Thread - 31/WARN]: 	at net.itsrelizc.networking.Communication$1.run(Communication.java:92)
[18:45:15] [Craft Scheduler Thread - 31/WARN]: 	at org.bukkit.craftbukkit.v1_19_R1.scheduler.CraftTask.run(CraftTask.java:82)
[18:45:15] [Craft Scheduler Thread - 31/WARN]: 	at org.bukkit.craftbukkit.v1_19_R1.scheduler.CraftAsyncTask.run(CraftAsyncTask.java:54)
[18:45:15] [Craft Scheduler Thread - 31/WARN]: 	at java.base/java.util.concurrent.ThreadPoolExecutor.runWorker(ThreadPoolExecutor.java:1136)
[18:45:15] [Craft Scheduler Thread - 31/WARN]: 	at java.base/java.util.concurrent.ThreadPoolExecutor$Worker.run(ThreadPoolExecutor.java:635)
[18:45:15] [Craft Scheduler Thread - 31/WARN]: 	at java.base/java.lang.Thread.run(Thread.java:833)
[18:45:16] [Craft Scheduler Thread - 31/WARN]: java.net.ConnectException: Connection refused: connect
[18:45:16] [Craft Scheduler Thread - 31/WARN]: 	at java.base/sun.nio.ch.Net.connect0(Native Method)
[18:45:16] [Craft Scheduler Thread - 31/WARN]: 	at java.base/sun.nio.ch.Net.connect(Net.java:579)
[18:45:16] [Craft Scheduler Thread - 31/WARN]: 	at java.base/sun.nio.ch.Net.connect(Net.java:568)
[18:45:16] [Craft Scheduler Thread - 31/WARN]: 	at java.base/sun.nio.ch.NioSocketImpl.connect(NioSocketImpl.java:588)
[18:45:16] [Craft Scheduler Thread - 31/WARN]: 	at java.base/java.net.SocksSocketImpl.connect(SocksSocketImpl.java:327)
[18:45:16] [Craft Scheduler Thread - 31/WARN]: 	at java.base/java.net.Socket.connect(Socket.java:633)
[18:45:16] [Craft Scheduler Thread - 31/WARN]: 	at java.base/java.net.Socket.connect(Socket.java:583)
[18:45:16] [Craft Scheduler Thread - 31/WARN]: 	at java.base/java.net.Socket.<init>(Socket.java:507)
[18:45:16] [Craft Scheduler Thread - 31/WARN]: 	at java.base/java.net.Socket.<init>(Socket.java:287)
[18:45:16] [Craft Scheduler Thread - 31/WARN]: 	at net.itsrelizc.networking.Communication.sendMessage(Communication.java:267)
[18:45:16] [Craft Scheduler Thread - 31/WARN]: 	at net.itsrelizc.networking.Communication$1.run(Communication.java:92)
[18:45:16] [Craft Scheduler Thread - 31/WARN]: 	at org.bukkit.craftbukkit.v1_19_R1.scheduler.CraftTask.run(CraftTask.java:82)
[18:45:16] [Craft Scheduler Thread - 31/WARN]: 	at org.bukkit.craftbukkit.v1_19_R1.scheduler.CraftAsyncTask.run(CraftAsyncTask.java:54)
[18:45:16] [Craft Scheduler Thread - 31/WARN]: 	at java.base/java.util.concurrent.ThreadPoolExecutor.runWorker(ThreadPoolExecutor.java:1136)
[18:45:16] [Craft Scheduler Thread - 31/WARN]: 	at java.base/java.util.concurrent.ThreadPoolExecutor$Worker.run(ThreadPoolExecutor.java:635)
[18:45:16] [Craft Scheduler Thread - 31/WARN]: 	at java.base/java.lang.Thread.run(Thread.java:833)
[18:45:17] [Craft Scheduler Thread - 31/WARN]: java.net.ConnectException: Connection refused: connect
[18:45:17] [Craft Scheduler Thread - 31/WARN]: 	at java.base/sun.nio.ch.Net.connect0(Native Method)
[18:45:17] [Craft Scheduler Thread - 31/WARN]: 	at java.base/sun.nio.ch.Net.connect(Net.java:579)
[18:45:17] [Craft Scheduler Thread - 31/WARN]: 	at java.base/sun.nio.ch.Net.connect(Net.java:568)
[18:45:17] [Craft Scheduler Thread - 31/WARN]: 	at java.base/sun.nio.ch.NioSocketImpl.connect(NioSocketImpl.java:588)
[18:45:17] [Craft Scheduler Thread - 31/WARN]: 	at java.base/java.net.SocksSocketImpl.connect(SocksSocketImpl.java:327)
[18:45:17] [Craft Scheduler Thread - 31/WARN]: 	at java.base/java.net.Socket.connect(Socket.java:633)
[18:45:17] [Craft Scheduler Thread - 31/WARN]: 	at java.base/java.net.Socket.connect(Socket.java:583)
[18:45:17] [Craft Scheduler Thread - 31/WARN]: 	at java.base/java.net.Socket.<init>(Socket.java:507)
[18:45:17] [Craft Scheduler Thread - 31/WARN]: 	at java.base/java.net.Socket.<init>(Socket.java:287)
[18:45:17] [Craft Scheduler Thread - 31/WARN]: 	at net.itsrelizc.networking.Communication.sendMessage(Communication.java:267)
[18:45:17] [Craft Scheduler Thread - 31/WARN]: 	at net.itsrelizc.networking.Communication$1.run(Communication.java:92)
[18:45:17] [Craft Scheduler Thread - 31/WARN]: 	at org.bukkit.craftbukkit.v1_19_R1.scheduler.CraftTask.run(CraftTask.java:82)
[18:45:17] [Craft Scheduler Thread - 31/WARN]: 	at org.bukkit.craftbukkit.v1_19_R1.scheduler.CraftAsyncTask.run(CraftAsyncTask.java:54)
[18:45:17] [Craft Scheduler Thread - 31/WARN]: 	at java.base/java.util.concurrent.ThreadPoolExecutor.runWorker(ThreadPoolExecutor.java:1136)
[18:45:17] [Craft Scheduler Thread - 31/WARN]: 	at java.base/java.util.concurrent.ThreadPoolExecutor$Worker.run(ThreadPoolExecutor.java:635)
[18:45:17] [Craft Scheduler Thread - 31/WARN]: 	at java.base/java.lang.Thread.run(Thread.java:833)
[18:45:18] [Craft Scheduler Thread - 31/WARN]: java.net.ConnectException: Connection refused: connect
[18:45:18] [Craft Scheduler Thread - 31/WARN]: 	at java.base/sun.nio.ch.Net.connect0(Native Method)
[18:45:18] [Craft Scheduler Thread - 31/WARN]: 	at java.base/sun.nio.ch.Net.connect(Net.java:579)
[18:45:18] [Craft Scheduler Thread - 31/WARN]: 	at java.base/sun.nio.ch.Net.connect(Net.java:568)
[18:45:18] [Craft Scheduler Thread - 31/WARN]: 	at java.base/sun.nio.ch.NioSocketImpl.connect(NioSocketImpl.java:588)
[18:45:18] [Craft Scheduler Thread - 31/WARN]: 	at java.base/java.net.SocksSocketImpl.connect(SocksSocketImpl.java:327)
[18:45:18] [Craft Scheduler Thread - 31/WARN]: 	at java.base/java.net.Socket.connect(Socket.java:633)
[18:45:18] [Craft Scheduler Thread - 31/WARN]: 	at java.base/java.net.Socket.connect(Socket.java:583)
[18:45:18] [Craft Scheduler Thread - 31/WARN]: 	at java.base/java.net.Socket.<init>(Socket.java:507)
[18:45:18] [Craft Scheduler Thread - 31/WARN]: 	at java.base/java.net.Socket.<init>(Socket.java:287)
[18:45:18] [Craft Scheduler Thread - 31/WARN]: 	at net.itsrelizc.networking.Communication.sendMessage(Communication.java:267)
[18:45:18] [Craft Scheduler Thread - 31/WARN]: 	at net.itsrelizc.networking.Communication$1.run(Communication.java:92)
[18:45:18] [Craft Scheduler Thread - 31/WARN]: 	at org.bukkit.craftbukkit.v1_19_R1.scheduler.CraftTask.run(CraftTask.java:82)
[18:45:18] [Craft Scheduler Thread - 31/WARN]: 	at org.bukkit.craftbukkit.v1_19_R1.scheduler.CraftAsyncTask.run(CraftAsyncTask.java:54)
[18:45:18] [Craft Scheduler Thread - 31/WARN]: 	at java.base/java.util.concurrent.ThreadPoolExecutor.runWorker(ThreadPoolExecutor.java:1136)
[18:45:18] [Craft Scheduler Thread - 31/WARN]: 	at java.base/java.util.concurrent.ThreadPoolExecutor$Worker.run(ThreadPoolExecutor.java:635)
[18:45:18] [Craft Scheduler Thread - 31/WARN]: 	at java.base/java.lang.Thread.run(Thread.java:833)
[18:45:19] [Craft Scheduler Thread - 31/WARN]: java.net.ConnectException: Connection refused: connect
[18:45:19] [Craft Scheduler Thread - 31/WARN]: 	at java.base/sun.nio.ch.Net.connect0(Native Method)
[18:45:19] [Craft Scheduler Thread - 31/WARN]: 	at java.base/sun.nio.ch.Net.connect(Net.java:579)
[18:45:19] [Craft Scheduler Thread - 31/WARN]: 	at java.base/sun.nio.ch.Net.connect(Net.java:568)
[18:45:19] [Craft Scheduler Thread - 31/WARN]: 	at java.base/sun.nio.ch.NioSocketImpl.connect(NioSocketImpl.java:588)
[18:45:19] [Craft Scheduler Thread - 31/WARN]: 	at java.base/java.net.SocksSocketImpl.connect(SocksSocketImpl.java:327)
[18:45:19] [Craft Scheduler Thread - 31/WARN]: 	at java.base/java.net.Socket.connect(Socket.java:633)
[18:45:19] [Craft Scheduler Thread - 31/WARN]: 	at java.base/java.net.Socket.connect(Socket.java:583)
[18:45:19] [Craft Scheduler Thread - 31/WARN]: 	at java.base/java.net.Socket.<init>(Socket.java:507)
[18:45:19] [Craft Scheduler Thread - 31/WARN]: 	at java.base/java.net.Socket.<init>(Socket.java:287)
[18:45:19] [Craft Scheduler Thread - 31/WARN]: 	at net.itsrelizc.networking.Communication.sendMessage(Communication.java:267)
[18:45:19] [Craft Scheduler Thread - 31/WARN]: 	at net.itsrelizc.networking.Communication$1.run(Communication.java:92)
[18:45:19] [Craft Scheduler Thread - 31/WARN]: 	at org.bukkit.craftbukkit.v1_19_R1.scheduler.CraftTask.run(CraftTask.java:82)
[18:45:19] [Craft Scheduler Thread - 31/WARN]: 	at org.bukkit.craftbukkit.v1_19_R1.scheduler.CraftAsyncTask.run(CraftAsyncTask.java:54)
[18:45:19] [Craft Scheduler Thread - 31/WARN]: 	at java.base/java.util.concurrent.ThreadPoolExecutor.runWorker(ThreadPoolExecutor.java:1136)
[18:45:19] [Craft Scheduler Thread - 31/WARN]: 	at java.base/java.util.concurrent.ThreadPoolExecutor$Worker.run(ThreadPoolExecutor.java:635)
[18:45:19] [Craft Scheduler Thread - 31/WARN]: 	at java.base/java.lang.Thread.run(Thread.java:833)
[18:45:20] [Craft Scheduler Thread - 31/WARN]: java.net.ConnectException: Connection refused: connect
[18:45:20] [Craft Scheduler Thread - 31/WARN]: 	at java.base/sun.nio.ch.Net.connect0(Native Method)
[18:45:20] [Craft Scheduler Thread - 31/WARN]: 	at java.base/sun.nio.ch.Net.connect(Net.java:579)
[18:45:20] [Craft Scheduler Thread - 31/WARN]: 	at java.base/sun.nio.ch.Net.connect(Net.java:568)
[18:45:20] [Craft Scheduler Thread - 31/WARN]: 	at java.base/sun.nio.ch.NioSocketImpl.connect(NioSocketImpl.java:588)
[18:45:20] [Craft Scheduler Thread - 31/WARN]: 	at java.base/java.net.SocksSocketImpl.connect(SocksSocketImpl.java:327)
[18:45:20] [Craft Scheduler Thread - 31/WARN]: 	at java.base/java.net.Socket.connect(Socket.java:633)
[18:45:20] [Craft Scheduler Thread - 31/WARN]: 	at java.base/java.net.Socket.connect(Socket.java:583)
[18:45:20] [Craft Scheduler Thread - 31/WARN]: 	at java.base/java.net.Socket.<init>(Socket.java:507)
[18:45:20] [Craft Scheduler Thread - 31/WARN]: 	at java.base/java.net.Socket.<init>(Socket.java:287)
[18:45:20] [Craft Scheduler Thread - 31/WARN]: 	at net.itsrelizc.networking.Communication.sendMessage(Communication.java:267)
[18:45:20] [Craft Scheduler Thread - 31/WARN]: 	at net.itsrelizc.networking.Communication$1.run(Communication.java:92)
[18:45:20] [Craft Scheduler Thread - 31/WARN]: 	at org.bukkit.craftbukkit.v1_19_R1.scheduler.CraftTask.run(CraftTask.java:82)
[18:45:20] [Craft Scheduler Thread - 31/WARN]: 	at org.bukkit.craftbukkit.v1_19_R1.scheduler.CraftAsyncTask.run(CraftAsyncTask.java:54)
[18:45:20] [Craft Scheduler Thread - 31/WARN]: 	at java.base/java.util.concurrent.ThreadPoolExecutor.runWorker(ThreadPoolExecutor.java:1136)
[18:45:20] [Craft Scheduler Thread - 31/WARN]: 	at java.base/java.util.concurrent.ThreadPoolExecutor$Worker.run(ThreadPoolExecutor.java:635)
[18:45:20] [Craft Scheduler Thread - 31/WARN]: 	at java.base/java.lang.Thread.run(Thread.java:833)
[18:45:21] [Craft Scheduler Thread - 31/WARN]: java.net.ConnectException: Connection refused: connect
[18:45:21] [Craft Scheduler Thread - 31/WARN]: 	at java.base/sun.nio.ch.Net.connect0(Native Method)
[18:45:21] [Craft Scheduler Thread - 31/WARN]: 	at java.base/sun.nio.ch.Net.connect(Net.java:579)
[18:45:21] [Craft Scheduler Thread - 31/WARN]: 	at java.base/sun.nio.ch.Net.connect(Net.java:568)
[18:45:21] [Craft Scheduler Thread - 31/WARN]: 	at java.base/sun.nio.ch.NioSocketImpl.connect(NioSocketImpl.java:588)
[18:45:21] [Craft Scheduler Thread - 31/WARN]: 	at java.base/java.net.SocksSocketImpl.connect(SocksSocketImpl.java:327)
[18:45:21] [Craft Scheduler Thread - 31/WARN]: 	at java.base/java.net.Socket.connect(Socket.java:633)
[18:45:21] [Craft Scheduler Thread - 31/WARN]: 	at java.base/java.net.Socket.connect(Socket.java:583)
[18:45:21] [Craft Scheduler Thread - 31/WARN]: 	at java.base/java.net.Socket.<init>(Socket.java:507)
[18:45:21] [Craft Scheduler Thread - 31/WARN]: 	at java.base/java.net.Socket.<init>(Socket.java:287)
[18:45:21] [Craft Scheduler Thread - 31/WARN]: 	at net.itsrelizc.networking.Communication.sendMessage(Communication.java:267)
[18:45:21] [Craft Scheduler Thread - 31/WARN]: 	at net.itsrelizc.networking.Communication$1.run(Communication.java:92)
[18:45:21] [Craft Scheduler Thread - 31/WARN]: 	at org.bukkit.craftbukkit.v1_19_R1.scheduler.CraftTask.run(CraftTask.java:82)
[18:45:21] [Craft Scheduler Thread - 31/WARN]: 	at org.bukkit.craftbukkit.v1_19_R1.scheduler.CraftAsyncTask.run(CraftAsyncTask.java:54)
[18:45:21] [Craft Scheduler Thread - 31/WARN]: 	at java.base/java.util.concurrent.ThreadPoolExecutor.runWorker(ThreadPoolExecutor.java:1136)
[18:45:21] [Craft Scheduler Thread - 31/WARN]: 	at java.base/java.util.concurrent.ThreadPoolExecutor$Worker.run(ThreadPoolExecutor.java:635)
[18:45:21] [Craft Scheduler Thread - 31/WARN]: 	at java.base/java.lang.Thread.run(Thread.java:833)
[18:45:22] [Craft Scheduler Thread - 31/WARN]: java.net.ConnectException: Connection refused: connect
[18:45:22] [Craft Scheduler Thread - 31/WARN]: 	at java.base/sun.nio.ch.Net.connect0(Native Method)
[18:45:22] [Craft Scheduler Thread - 31/WARN]: 	at java.base/sun.nio.ch.Net.connect(Net.java:579)
[18:45:22] [Craft Scheduler Thread - 31/WARN]: 	at java.base/sun.nio.ch.Net.connect(Net.java:568)
[18:45:22] [Craft Scheduler Thread - 31/WARN]: 	at java.base/sun.nio.ch.NioSocketImpl.connect(NioSocketImpl.java:588)
[18:45:22] [Craft Scheduler Thread - 31/WARN]: 	at java.base/java.net.SocksSocketImpl.connect(SocksSocketImpl.java:327)
[18:45:22] [Craft Scheduler Thread - 31/WARN]: 	at java.base/java.net.Socket.connect(Socket.java:633)
[18:45:22] [Craft Scheduler Thread - 31/WARN]: 	at java.base/java.net.Socket.connect(Socket.java:583)
[18:45:22] [Craft Scheduler Thread - 31/WARN]: 	at java.base/java.net.Socket.<init>(Socket.java:507)
[18:45:22] [Craft Scheduler Thread - 31/WARN]: 	at java.base/java.net.Socket.<init>(Socket.java:287)
[18:45:22] [Craft Scheduler Thread - 31/WARN]: 	at net.itsrelizc.networking.Communication.sendMessage(Communication.java:267)
[18:45:22] [Craft Scheduler Thread - 31/WARN]: 	at net.itsrelizc.networking.Communication$1.run(Communication.java:92)
[18:45:22] [Craft Scheduler Thread - 31/WARN]: 	at org.bukkit.craftbukkit.v1_19_R1.scheduler.CraftTask.run(CraftTask.java:82)
[18:45:22] [Craft Scheduler Thread - 31/WARN]: 	at org.bukkit.craftbukkit.v1_19_R1.scheduler.CraftAsyncTask.run(CraftAsyncTask.java:54)
[18:45:22] [Craft Scheduler Thread - 31/WARN]: 	at java.base/java.util.concurrent.ThreadPoolExecutor.runWorker(ThreadPoolExecutor.java:1136)
[18:45:22] [Craft Scheduler Thread - 31/WARN]: 	at java.base/java.util.concurrent.ThreadPoolExecutor$Worker.run(ThreadPoolExecutor.java:635)
[18:45:22] [Craft Scheduler Thread - 31/WARN]: 	at java.base/java.lang.Thread.run(Thread.java:833)
[18:45:23] [Craft Scheduler Thread - 31/WARN]: java.net.ConnectException: Connection refused: connect
[18:45:23] [Craft Scheduler Thread - 31/WARN]: 	at java.base/sun.nio.ch.Net.connect0(Native Method)
[18:45:23] [Craft Scheduler Thread - 31/WARN]: 	at java.base/sun.nio.ch.Net.connect(Net.java:579)
[18:45:23] [Craft Scheduler Thread - 31/WARN]: 	at java.base/sun.nio.ch.Net.connect(Net.java:568)
[18:45:23] [Craft Scheduler Thread - 31/WARN]: 	at java.base/sun.nio.ch.NioSocketImpl.connect(NioSocketImpl.java:588)
[18:45:23] [Craft Scheduler Thread - 31/WARN]: 	at java.base/java.net.SocksSocketImpl.connect(SocksSocketImpl.java:327)
[18:45:23] [Craft Scheduler Thread - 31/WARN]: 	at java.base/java.net.Socket.connect(Socket.java:633)
[18:45:23] [Craft Scheduler Thread - 31/WARN]: 	at java.base/java.net.Socket.connect(Socket.java:583)
[18:45:23] [Craft Scheduler Thread - 31/WARN]: 	at java.base/java.net.Socket.<init>(Socket.java:507)
[18:45:23] [Craft Scheduler Thread - 31/WARN]: 	at java.base/java.net.Socket.<init>(Socket.java:287)
[18:45:23] [Craft Scheduler Thread - 31/WARN]: 	at net.itsrelizc.networking.Communication.sendMessage(Communication.java:267)
[18:45:23] [Craft Scheduler Thread - 31/WARN]: 	at net.itsrelizc.networking.Communication$1.run(Communication.java:92)
[18:45:23] [Craft Scheduler Thread - 31/WARN]: 	at org.bukkit.craftbukkit.v1_19_R1.scheduler.CraftTask.run(CraftTask.java:82)
[18:45:23] [Craft Scheduler Thread - 31/WARN]: 	at org.bukkit.craftbukkit.v1_19_R1.scheduler.CraftAsyncTask.run(CraftAsyncTask.java:54)
[18:45:23] [Craft Scheduler Thread - 31/WARN]: 	at java.base/java.util.concurrent.ThreadPoolExecutor.runWorker(ThreadPoolExecutor.java:1136)
[18:45:23] [Craft Scheduler Thread - 31/WARN]: 	at java.base/java.util.concurrent.ThreadPoolExecutor$Worker.run(ThreadPoolExecutor.java:635)
[18:45:23] [Craft Scheduler Thread - 31/WARN]: 	at java.base/java.lang.Thread.run(Thread.java:833)
[18:45:24] [Craft Scheduler Thread - 31/WARN]: java.net.ConnectException: Connection refused: connect
[18:45:24] [Craft Scheduler Thread - 31/WARN]: 	at java.base/sun.nio.ch.Net.connect0(Native Method)
[18:45:24] [Craft Scheduler Thread - 31/WARN]: 	at java.base/sun.nio.ch.Net.connect(Net.java:579)
[18:45:24] [Craft Scheduler Thread - 31/WARN]: 	at java.base/sun.nio.ch.Net.connect(Net.java:568)
[18:45:24] [Craft Scheduler Thread - 31/WARN]: 	at java.base/sun.nio.ch.NioSocketImpl.connect(NioSocketImpl.java:588)
[18:45:24] [Craft Scheduler Thread - 31/WARN]: 	at java.base/java.net.SocksSocketImpl.connect(SocksSocketImpl.java:327)
[18:45:24] [Craft Scheduler Thread - 31/WARN]: 	at java.base/java.net.Socket.connect(Socket.java:633)
[18:45:24] [Craft Scheduler Thread - 31/WARN]: 	at java.base/java.net.Socket.connect(Socket.java:583)
[18:45:24] [Craft Scheduler Thread - 31/WARN]: 	at java.base/java.net.Socket.<init>(Socket.java:507)
[18:45:24] [Craft Scheduler Thread - 31/WARN]: 	at java.base/java.net.Socket.<init>(Socket.java:287)
[18:45:24] [Craft Scheduler Thread - 31/WARN]: 	at net.itsrelizc.networking.Communication.sendMessage(Communication.java:267)
[18:45:24] [Craft Scheduler Thread - 31/WARN]: 	at net.itsrelizc.networking.Communication$1.run(Communication.java:92)
[18:45:24] [Craft Scheduler Thread - 31/WARN]: 	at org.bukkit.craftbukkit.v1_19_R1.scheduler.CraftTask.run(CraftTask.java:82)
[18:45:24] [Craft Scheduler Thread - 31/WARN]: 	at org.bukkit.craftbukkit.v1_19_R1.scheduler.CraftAsyncTask.run(CraftAsyncTask.java:54)
[18:45:24] [Craft Scheduler Thread - 31/WARN]: 	at java.base/java.util.concurrent.ThreadPoolExecutor.runWorker(ThreadPoolExecutor.java:1136)
[18:45:24] [Craft Scheduler Thread - 31/WARN]: 	at java.base/java.util.concurrent.ThreadPoolExecutor$Worker.run(ThreadPoolExecutor.java:635)
[18:45:24] [Craft Scheduler Thread - 31/WARN]: 	at java.base/java.lang.Thread.run(Thread.java:833)
[18:45:25] [Craft Scheduler Thread - 31/WARN]: java.net.ConnectException: Connection refused: connect
[18:45:25] [Craft Scheduler Thread - 31/WARN]: 	at java.base/sun.nio.ch.Net.connect0(Native Method)
[18:45:25] [Craft Scheduler Thread - 31/WARN]: 	at java.base/sun.nio.ch.Net.connect(Net.java:579)
[18:45:25] [Craft Scheduler Thread - 31/WARN]: 	at java.base/sun.nio.ch.Net.connect(Net.java:568)
[18:45:25] [Craft Scheduler Thread - 31/WARN]: 	at java.base/sun.nio.ch.NioSocketImpl.connect(NioSocketImpl.java:588)
[18:45:25] [Craft Scheduler Thread - 31/WARN]: 	at java.base/java.net.SocksSocketImpl.connect(SocksSocketImpl.java:327)
[18:45:25] [Craft Scheduler Thread - 31/WARN]: 	at java.base/java.net.Socket.connect(Socket.java:633)
[18:45:25] [Craft Scheduler Thread - 31/WARN]: 	at java.base/java.net.Socket.connect(Socket.java:583)
[18:45:25] [Craft Scheduler Thread - 31/WARN]: 	at java.base/java.net.Socket.<init>(Socket.java:507)
[18:45:25] [Craft Scheduler Thread - 31/WARN]: 	at java.base/java.net.Socket.<init>(Socket.java:287)
[18:45:25] [Craft Scheduler Thread - 31/WARN]: 	at net.itsrelizc.networking.Communication.sendMessage(Communication.java:267)
[18:45:25] [Craft Scheduler Thread - 31/WARN]: 	at net.itsrelizc.networking.Communication$1.run(Communication.java:92)
[18:45:25] [Craft Scheduler Thread - 31/WARN]: 	at org.bukkit.craftbukkit.v1_19_R1.scheduler.CraftTask.run(CraftTask.java:82)
[18:45:25] [Craft Scheduler Thread - 31/WARN]: 	at org.bukkit.craftbukkit.v1_19_R1.scheduler.CraftAsyncTask.run(CraftAsyncTask.java:54)
[18:45:25] [Craft Scheduler Thread - 31/WARN]: 	at java.base/java.util.concurrent.ThreadPoolExecutor.runWorker(ThreadPoolExecutor.java:1136)
[18:45:25] [Craft Scheduler Thread - 31/WARN]: 	at java.base/java.util.concurrent.ThreadPoolExecutor$Worker.run(ThreadPoolExecutor.java:635)
[18:45:25] [Craft Scheduler Thread - 31/WARN]: 	at java.base/java.lang.Thread.run(Thread.java:833)
